# JRE version: Java(TM) SE Runtime Environment (8.0_25-b18) (build 1.8.0_25-b18)
# Java VM: Java HotSpot(TM) 64-Bit Server VM (25.25-b02 mixed mode windows-amd64 compressed oops)
Heap:
 PSYoungGen      total 74752K, used 26832K [0x00000000f5580000, 0x00000000faa00000, 0x0000000100000000)
  eden space 65024K, 41% used [0x00000000f5580000,0x00000000f6fb4368,0x00000000f9500000)
  from space 9728K, 0% used [0x00000000fa080000,0x00000000fa080000,0x00000000faa00000)
  to   space 10752K, 0% used [0x00000000f9500000,0x00000000f9500000,0x00000000f9f80000)
 ParOldGen       total 94720K, used 32843K [0x00000000e0000000, 0x00000000e5c80000, 0x00000000f5580000)
  object space 94720K, 34% used [0x00000000e0000000,0x00000000e2012fc0,0x00000000e5c80000)
 Metaspace       used 75581K, capacity 81014K, committed 81368K, reserved 1120256K
  class space    used 9353K, capacity 11114K, committed 11224K, reserved 1048576K
GC Heap History (10 events):
Event: 1292.565 GC heap before
{Heap before GC invocations=57 (full 23):
 PSYoungGen      total 76288K, used 192K [0x00000000f5580000, 0x00000000fad00000, 0x0000000100000000)
  eden space 65024K, 0% used [0x00000000f5580000,0x00000000f5580000,0x00000000f9500000)
  from space 11264K, 1% used [0x00000000fa200000,0x00000000fa230000,0x00000000fad00000)
  to   space 12288K, 0% used [0x00000000f9500000,0x00000000f9500000,0x00000000fa100000)
 ParOldGen       total 94720K, used 32976K [0x00000000e0000000, 0x00000000e5c80000, 0x00000000f5580000)
  object space 94720K, 34% used [0x00000000e0000000,0x00000000e2034268,0x00000000e5c80000)
 Metaspace       used 74509K, capacity 80278K, committed 80472K, reserved 1118208K
  class space    used 9221K, capacity 11042K, committed 11096K, reserved 1048576K
Event: 1292.720 GC heap after
Heap after GC invocations=57 (full 23):
 PSYoungGen      total 76288K, used 0K [0x00000000f5580000, 0x00000000fad00000, 0x0000000100000000)
  eden space 65024K, 0% used [0x00000000f5580000,0x00000000f5580000,0x00000000f9500000)
  from space 11264K, 0% used [0x00000000fa200000,0x00000000fa200000,0x00000000fad00000)
  to   space 12288K, 0% used [0x00000000f9500000,0x00000000f9500000,0x00000000fa100000)
 ParOldGen       total 94720K, used 32843K [0x00000000e0000000, 0x00000000e5c80000, 0x00000000f5580000)
  object space 94720K, 34% used [0x00000000e0000000,0x00000000e2012f08,0x00000000e5c80000)
 Metaspace       used 74509K, capacity 80278K, committed 80472K, reserved 1118208K
  class space    used 9221K, capacity 11042K, committed 11096K, reserved 1048576K
}
Event: 1352.575 GC heap before
{Heap before GC invocations=58 (full 23):
 PSYoungGen      total 76288K, used 2829K [0x00000000f5580000, 0x00000000fad00000, 0x0000000100000000)
  eden space 65024K, 4% used [0x00000000f5580000,0x00000000f58437e0,0x00000000f9500000)
  from space 11264K, 0% used [0x00000000fa200000,0x00000000fa200000,0x00000000fad00000)
  to   space 12288K, 0% used [0x00000000f9500000,0x00000000f9500000,0x00000000fa100000)
 ParOldGen       total 94720K, used 32843K [0x00000000e0000000, 0x00000000e5c80000, 0x00000000f5580000)
  object space 94720K, 34% used [0x00000000e0000000,0x00000000e2012f08,0x00000000e5c80000)
 Metaspace       used 74513K, capacity 80278K, committed 80472K, reserved 1118208K
  class space    used 9221K, capacity 11042K, committed 11096K, reserved 1048576K
Event: 1352.578 GC heap after
Heap after GC invocations=58 (full 23):
 PSYoungGen      total 65536K, used 128K [0x00000000f5580000, 0x00000000fac00000, 0x0000000100000000)
  eden space 65024K, 0% used [0x00000000f5580000,0x00000000f5580000,0x00000000f9500000)
  from space 512K, 25% used [0x00000000f9500000,0x00000000f9520000,0x00000000f9580000)
  to   space 11776K, 0% used [0x00000000fa080000,0x00000000fa080000,0x00000000fac00000)
 ParOldGen       total 94720K, used 32851K [0x00000000e0000000, 0x00000000e5c80000, 0x00000000f5580000)
  object space 94720K, 34% used [0x00000000e0000000,0x00000000e2014f08,0x00000000e5c80000)
 Metaspace       used 74513K, capacity 80278K, committed 80472K, reserved 1118208K
  class space    used 9221K, capacity 11042K, committed 11096K, reserved 1048576K
}
Event: 1352.578 GC heap before
{Heap before GC invocations=59 (full 24):
 PSYoungGen      total 65536K, used 128K [0x00000000f5580000, 0x00000000fac00000, 0x0000000100000000)
  eden space 65024K, 0% used [0x00000000f5580000,0x00000000f5580000,0x00000000f9500000)
  from space 512K, 25% used [0x00000000f9500000,0x00000000f9520000,0x00000000f9580000)
  to   space 11776K, 0% used [0x00000000fa080000,0x00000000fa080000,0x00000000fac00000)
 ParOldGen       total 94720K, used 32851K [0x00000000e0000000, 0x00000000e5c80000, 0x00000000f5580000)
  object space 94720K, 34% used [0x00000000e0000000,0x00000000e2014f08,0x00000000e5c80000)
 Metaspace       used 74513K, capacity 80278K, committed 80472K, reserved 1118208K
  class space    used 9221K, capacity 11042K, committed 11096K, reserved 1048576K
Event: 1352.718 GC heap after
Heap after GC invocations=59 (full 24):
 PSYoungGen      total 65536K, used 0K [0x00000000f5580000, 0x00000000fac00000, 0x0000000100000000)
  eden space 65024K, 0% used [0x00000000f5580000,0x00000000f5580000,0x00000000f9500000)
  from space 512K, 0% used [0x00000000f9500000,0x00000000f9500000,0x00000000f9580000)
  to   space 11776K, 0% used [0x00000000fa080000,0x00000000fa080000,0x00000000fac00000)
 ParOldGen       total 94720K, used 32835K [0x00000000e0000000, 0x00000000e5c80000, 0x00000000f5580000)
  object space 94720K, 34% used [0x00000000e0000000,0x00000000e2010da8,0x00000000e5c80000)
 Metaspace       used 74513K, capacity 80278K, committed 80472K, reserved 1118208K
  class space    used 9221K, capacity 11042K, committed 11096K, reserved 1048576K
}
Event: 1412.589 GC heap before
{Heap before GC invocations=60 (full 24):
 PSYoungGen      total 65536K, used 3017K [0x00000000f5580000, 0x00000000fac00000, 0x0000000100000000)
  eden space 65024K, 4% used [0x00000000f5580000,0x00000000f5872628,0x00000000f9500000)
  from space 512K, 0% used [0x00000000f9500000,0x00000000f9500000,0x00000000f9580000)
  to   space 11776K, 0% used [0x00000000fa080000,0x00000000fa080000,0x00000000fac00000)
 ParOldGen       total 94720K, used 32835K [0x00000000e0000000, 0x00000000e5c80000, 0x00000000f5580000)
  object space 94720K, 34% used [0x00000000e0000000,0x00000000e2010da8,0x00000000e5c80000)
 Metaspace       used 74513K, capacity 80278K, committed 80472K, reserved 1118208K
  class space    used 9221K, capacity 11042K, committed 11096K, reserved 1048576K
Event: 1412.592 GC heap after
Heap after GC invocations=60 (full 24):
 PSYoungGen      total 74752K, used 192K [0x00000000f5580000, 0x00000000faa00000, 0x0000000100000000)
  eden space 65024K, 0% used [0x00000000f5580000,0x00000000f5580000,0x00000000f9500000)
  from space 9728K, 1% used [0x00000000fa080000,0x00000000fa0b0000,0x00000000faa00000)
  to   space 10752K, 0% used [0x00000000f9500000,0x00000000f9500000,0x00000000f9f80000)
 ParOldGen       total 94720K, used 32835K [0x00000000e0000000, 0x00000000e5c80000, 0x00000000f5580000)
  object space 94720K, 34% used [0x00000000e0000000,0x00000000e2010da8,0x00000000e5c80000)
 Metaspace       used 74513K, capacity 80278K, committed 80472K, reserved 1118208K
  class space    used 9221K, capacity 11042K, committed 11096K, reserved 1048576K
}
Event: 1412.592 GC heap before
{Heap before GC invocations=61 (full 25):
 PSYoungGen      total 74752K, used 192K [0x00000000f5580000, 0x00000000faa00000, 0x0000000100000000)
  eden space 65024K, 0% used [0x00000000f5580000,0x00000000f5580000,0x00000000f9500000)
  from space 9728K, 1% used [0x00000000fa080000,0x00000000fa0b0000,0x00000000faa00000)
  to   space 10752K, 0% used [0x00000000f9500000,0x00000000f9500000,0x00000000f9f80000)
 ParOldGen       total 94720K, used 32835K [0x00000000e0000000, 0x00000000e5c80000, 0x00000000f5580000)
  object space 94720K, 34% used [0x00000000e0000000,0x00000000e2010da8,0x00000000e5c80000)
 Metaspace       used 74513K, capacity 80278K, committed 80472K, reserved 1118208K
  class space    used 9221K, capacity 11042K, committed 11096K, reserved 1048576K
Event: 1412.733 GC heap after
Heap after GC invocations=61 (full 25):
 PSYoungGen      total 74752K, used 0K [0x00000000f5580000, 0x00000000faa00000, 0x0000000100000000)
  eden space 65024K, 0% used [0x00000000f5580000,0x00000000f5580000,0x00000000f9500000)
  from space 9728K, 0% used [0x00000000fa080000,0x00000000fa080000,0x00000000faa00000)
  to   space 10752K, 0% used [0x00000000f9500000,0x00000000f9500000,0x00000000f9f80000)
 ParOldGen       total 94720K, used 32843K [0x00000000e0000000, 0x00000000e5c80000, 0x00000000f5580000)
  object space 94720K, 34% used [0x00000000e0000000,0x00000000e2012fc0,0x00000000e5c80000)
 Metaspace       used 74513K, capacity 80278K, committed 80472K, reserved 1118208K
  class space    used 9221K, capacity 11042K, committed 11096K, reserved 1048576K
}

