# JRE version: Java(TM) SE Runtime Environment (8.0_25-b18) (build 1.8.0_25-b18)
# Java VM: Java HotSpot(TM) 64-Bit Server VM (25.25-b02 mixed mode windows-amd64 compressed oops)
Heap:
 PSYoungGen      total 86016K, used 67762K [0x00000000f5580000, 0x00000000fc100000, 0x0000000100000000)
  eden space 80384K, 77% used [0x00000000f5580000,0x00000000f9278f28,0x00000000fa400000)
  from space 5632K, 94% used [0x00000000fa680000,0x00000000fabb3900,0x00000000fac00000)
  to   space 14848K, 0% used [0x00000000fb280000,0x00000000fb280000,0x00000000fc100000)
 ParOldGen       total 86528K, used 42026K [0x00000000e0000000, 0x00000000e5480000, 0x00000000f5580000)
  object space 86528K, 48% used [0x00000000e0000000,0x00000000e290a888,0x00000000e5480000)
 Metaspace       used 87255K, capacity 93364K, committed 93656K, reserved 1130496K
  class space    used 10690K, capacity 12737K, committed 12760K, reserved 1048576K
GC Heap History (10 events):
Event: 692.374 GC heap before
{Heap before GC invocations=32 (full 9):
 PSYoungGen      total 100864K, used 84628K [0x00000000f5580000, 0x00000000fd080000, 0x0000000100000000)
  eden space 82432K, 100% used [0x00000000f5580000,0x00000000fa600000,0x00000000fa600000)
  from space 18432K, 11% used [0x00000000fb800000,0x00000000fba252b0,0x00000000fca00000)
  to   space 18432K, 0% used [0x00000000fa600000,0x00000000fa600000,0x00000000fb800000)
 ParOldGen       total 86528K, used 41986K [0x00000000e0000000, 0x00000000e5480000, 0x00000000f5580000)
  object space 86528K, 48% used [0x00000000e0000000,0x00000000e2900888,0x00000000e5480000)
 Metaspace       used 84052K, capacity 90512K, committed 90840K, reserved 1128448K
  class space    used 10480K, capacity 12475K, committed 12504K, reserved 1048576K
Event: 692.388 GC heap after
Heap after GC invocations=32 (full 9):
 PSYoungGen      total 100864K, used 3086K [0x00000000f5580000, 0x00000000fcc80000, 0x0000000100000000)
  eden space 82432K, 0% used [0x00000000f5580000,0x00000000f5580000,0x00000000fa600000)
  from space 18432K, 16% used [0x00000000fa600000,0x00000000fa903b60,0x00000000fb800000)
  to   space 17920K, 0% used [0x00000000fbb00000,0x00000000fbb00000,0x00000000fcc80000)
 ParOldGen       total 86528K, used 41994K [0x00000000e0000000, 0x00000000e5480000, 0x00000000f5580000)
  object space 86528K, 48% used [0x00000000e0000000,0x00000000e2902888,0x00000000e5480000)
 Metaspace       used 84052K, capacity 90512K, committed 90840K, reserved 1128448K
  class space    used 10480K, capacity 12475K, committed 12504K, reserved 1048576K
}
Event: 935.089 GC heap before
{Heap before GC invocations=33 (full 9):
 PSYoungGen      total 100864K, used 85518K [0x00000000f5580000, 0x00000000fcc80000, 0x0000000100000000)
  eden space 82432K, 100% used [0x00000000f5580000,0x00000000fa600000,0x00000000fa600000)
  from space 18432K, 16% used [0x00000000fa600000,0x00000000fa903b60,0x00000000fb800000)
  to   space 17920K, 0% used [0x00000000fbb00000,0x00000000fbb00000,0x00000000fcc80000)
 ParOldGen       total 86528K, used 41994K [0x00000000e0000000, 0x00000000e5480000, 0x00000000f5580000)
  object space 86528K, 48% used [0x00000000e0000000,0x00000000e2902888,0x00000000e5480000)
 Metaspace       used 84667K, capacity 91036K, committed 91224K, reserved 1128448K
  class space    used 10499K, capacity 12541K, committed 12632K, reserved 1048576K
Event: 935.119 GC heap after
Heap after GC invocations=33 (full 9):
 PSYoungGen      total 101888K, used 4270K [0x00000000f5580000, 0x00000000fcb00000, 0x0000000100000000)
  eden space 85504K, 0% used [0x00000000f5580000,0x00000000f5580000,0x00000000fa900000)
  from space 16384K, 26% used [0x00000000fbb00000,0x00000000fbf2b920,0x00000000fcb00000)
  to   space 17408K, 0% used [0x00000000fa900000,0x00000000fa900000,0x00000000fba00000)
 ParOldGen       total 86528K, used 42002K [0x00000000e0000000, 0x00000000e5480000, 0x00000000f5580000)
  object space 86528K, 48% used [0x00000000e0000000,0x00000000e2904888,0x00000000e5480000)
 Metaspace       used 84667K, capacity 91036K, committed 91224K, reserved 1128448K
  class space    used 10499K, capacity 12541K, committed 12632K, reserved 1048576K
}
Event: 1028.121 GC heap before
{Heap before GC invocations=34 (full 9):
 PSYoungGen      total 101888K, used 89774K [0x00000000f5580000, 0x00000000fcb00000, 0x0000000100000000)
  eden space 85504K, 100% used [0x00000000f5580000,0x00000000fa900000,0x00000000fa900000)
  from space 16384K, 26% used [0x00000000fbb00000,0x00000000fbf2b920,0x00000000fcb00000)
  to   space 17408K, 0% used [0x00000000fa900000,0x00000000fa900000,0x00000000fba00000)
 ParOldGen       total 86528K, used 42002K [0x00000000e0000000, 0x00000000e5480000, 0x00000000f5580000)
  object space 86528K, 48% used [0x00000000e0000000,0x00000000e2904888,0x00000000e5480000)
 Metaspace       used 85524K, capacity 91842K, committed 92120K, reserved 1128448K
  class space    used 10569K, capacity 12638K, committed 12760K, reserved 1048576K
Event: 1028.145 GC heap after
Heap after GC invocations=34 (full 9):
 PSYoungGen      total 102912K, used 4398K [0x00000000f5580000, 0x00000000fcc80000, 0x0000000100000000)
  eden space 85504K, 0% used [0x00000000f5580000,0x00000000f5580000,0x00000000fa900000)
  from space 17408K, 25% used [0x00000000fa900000,0x00000000fad4b818,0x00000000fba00000)
  to   space 16896K, 0% used [0x00000000fbc00000,0x00000000fbc00000,0x00000000fcc80000)
 ParOldGen       total 86528K, used 42010K [0x00000000e0000000, 0x00000000e5480000, 0x00000000f5580000)
  object space 86528K, 48% used [0x00000000e0000000,0x00000000e2906888,0x00000000e5480000)
 Metaspace       used 85524K, capacity 91842K, committed 92120K, reserved 1128448K
  class space    used 10569K, capacity 12638K, committed 12760K, reserved 1048576K
}
Event: 1224.120 GC heap before
{Heap before GC invocations=35 (full 9):
 PSYoungGen      total 102912K, used 89902K [0x00000000f5580000, 0x00000000fcc80000, 0x0000000100000000)
  eden space 85504K, 100% used [0x00000000f5580000,0x00000000fa900000,0x00000000fa900000)
  from space 17408K, 25% used [0x00000000fa900000,0x00000000fad4b818,0x00000000fba00000)
  to   space 16896K, 0% used [0x00000000fbc00000,0x00000000fbc00000,0x00000000fcc80000)
 ParOldGen       total 86528K, used 42010K [0x00000000e0000000, 0x00000000e5480000, 0x00000000f5580000)
  object space 86528K, 48% used [0x00000000e0000000,0x00000000e2906888,0x00000000e5480000)
 Metaspace       used 86123K, capacity 92482K, committed 92632K, reserved 1128448K
  class space    used 10603K, capacity 12702K, committed 12760K, reserved 1048576K
Event: 1224.141 GC heap after
Heap after GC invocations=35 (full 9):
 PSYoungGen      total 92672K, used 5681K [0x00000000f5580000, 0x00000000fc580000, 0x0000000100000000)
  eden space 82944K, 0% used [0x00000000f5580000,0x00000000f5580000,0x00000000fa680000)
  from space 9728K, 58% used [0x00000000fbc00000,0x00000000fc18c740,0x00000000fc580000)
  to   space 15872K, 0% used [0x00000000fa680000,0x00000000fa680000,0x00000000fb600000)
 ParOldGen       total 86528K, used 42018K [0x00000000e0000000, 0x00000000e5480000, 0x00000000f5580000)
  object space 86528K, 48% used [0x00000000e0000000,0x00000000e2908888,0x00000000e5480000)
 Metaspace       used 86123K, capacity 92482K, committed 92632K, reserved 1128448K
  class space    used 10603K, capacity 12702K, committed 12760K, reserved 1048576K
}
Event: 1342.712 GC heap before
{Heap before GC invocations=36 (full 9):
 PSYoungGen      total 92672K, used 88625K [0x00000000f5580000, 0x00000000fc580000, 0x0000000100000000)
  eden space 82944K, 100% used [0x00000000f5580000,0x00000000fa680000,0x00000000fa680000)
  from space 9728K, 58% used [0x00000000fbc00000,0x00000000fc18c740,0x00000000fc580000)
  to   space 15872K, 0% used [0x00000000fa680000,0x00000000fa680000,0x00000000fb600000)
 ParOldGen       total 86528K, used 42018K [0x00000000e0000000, 0x00000000e5480000, 0x00000000f5580000)
  object space 86528K, 48% used [0x00000000e0000000,0x00000000e2908888,0x00000000e5480000)
 Metaspace       used 86461K, capacity 92994K, committed 93144K, reserved 1130496K
  class space    used 10606K, capacity 12702K, committed 12760K, reserved 1048576K
Event: 1342.728 GC heap after
Heap after GC invocations=36 (full 9):
 PSYoungGen      total 86016K, used 5326K [0x00000000f5580000, 0x00000000fc100000, 0x0000000100000000)
  eden space 80384K, 0% used [0x00000000f5580000,0x00000000f5580000,0x00000000fa400000)
  from space 5632K, 94% used [0x00000000fa680000,0x00000000fabb3900,0x00000000fac00000)
  to   space 14848K, 0% used [0x00000000fb280000,0x00000000fb280000,0x00000000fc100000)
 ParOldGen       total 86528K, used 42026K [0x00000000e0000000, 0x00000000e5480000, 0x00000000f5580000)
  object space 86528K, 48% used [0x00000000e0000000,0x00000000e290a888,0x00000000e5480000)
 Metaspace       used 86461K, capacity 92994K, committed 93144K, reserved 1130496K
  class space    used 10606K, capacity 12702K, committed 12760K, reserved 1048576K
}

