# JRE version: Java(TM) SE Runtime Environment (8.0_25-b18) (build 1.8.0_25-b18)
# Java VM: Java HotSpot(TM) 64-Bit Server VM (25.25-b02 mixed mode windows-amd64 compressed oops)
Heap:
 PSYoungGen      total 74240K, used 46461K [0x00000000f5580000, 0x00000000fbd80000, 0x0000000100000000)
  eden space 56320K, 50% used [0x00000000f5580000,0x00000000f7161710,0x00000000f8c80000)
  from space 17920K, 99% used [0x00000000f8c80000,0x00000000f9dfdd10,0x00000000f9e00000)
  to   space 20992K, 0% used [0x00000000fa900000,0x00000000fa900000,0x00000000fbd80000)
 ParOldGen       total 96768K, used 33963K [0x00000000e0000000, 0x00000000e5e80000, 0x00000000f5580000)
  object space 96768K, 35% used [0x00000000e0000000,0x00000000e212ac88,0x00000000e5e80000)
 Metaspace       used 68631K, capacity 73958K, committed 74132K, reserved 1114112K
  class space    used 8564K, capacity 10295K, committed 10388K, reserved 1048576K
GC Heap History (10 events):
Event: 15.192 GC heap before
{Heap before GC invocations=12 (full 2):
 PSYoungGen      total 54784K, used 51395K [0x00000000f5580000, 0x00000000fa400000, 0x0000000100000000)
  eden space 40448K, 100% used [0x00000000f5580000,0x00000000f7d00000,0x00000000f7d00000)
  from space 14336K, 76% used [0x00000000f7d00000,0x00000000f87b0f30,0x00000000f8b00000)
  to   space 14848K, 0% used [0x00000000f9580000,0x00000000f9580000,0x00000000fa400000)
 ParOldGen       total 65536K, used 18286K [0x00000000e0000000, 0x00000000e4000000, 0x00000000f5580000)
  object space 65536K, 27% used [0x00000000e0000000,0x00000000e11dbae8,0x00000000e4000000)
 Metaspace       used 50048K, capacity 54120K, committed 54232K, reserved 1095680K
  class space    used 6067K, capacity 7349K, committed 7384K, reserved 1048576K
Event: 15.212 GC heap after
Heap after GC invocations=12 (full 2):
 PSYoungGen      total 62976K, used 14819K [0x00000000f5580000, 0x00000000fa800000, 0x0000000100000000)
  eden space 48128K, 0% used [0x00000000f5580000,0x00000000f5580000,0x00000000f8480000)
  from space 14848K, 99% used [0x00000000f9580000,0x00000000fa3f8f18,0x00000000fa400000)
  to   space 17408K, 0% used [0x00000000f8480000,0x00000000f8480000,0x00000000f9580000)
 ParOldGen       total 65536K, used 19671K [0x00000000e0000000, 0x00000000e4000000, 0x00000000f5580000)
  object space 65536K, 30% used [0x00000000e0000000,0x00000000e1335e78,0x00000000e4000000)
 Metaspace       used 50048K, capacity 54120K, committed 54232K, reserved 1095680K
  class space    used 6067K, capacity 7349K, committed 7384K, reserved 1048576K
}
Event: 16.580 GC heap before
{Heap before GC invocations=13 (full 2):
 PSYoungGen      total 62976K, used 39760K [0x00000000f5580000, 0x00000000fa800000, 0x0000000100000000)
  eden space 48128K, 51% used [0x00000000f5580000,0x00000000f6ddb220,0x00000000f8480000)
  from space 14848K, 99% used [0x00000000f9580000,0x00000000fa3f8f18,0x00000000fa400000)
  to   space 17408K, 0% used [0x00000000f8480000,0x00000000f8480000,0x00000000f9580000)
 ParOldGen       total 65536K, used 19671K [0x00000000e0000000, 0x00000000e4000000, 0x00000000f5580000)
  object space 65536K, 30% used [0x00000000e0000000,0x00000000e1335e78,0x00000000e4000000)
 Metaspace       used 54816K, capacity 58994K, committed 59028K, reserved 1099776K
  class space    used 6747K, capacity 8079K, committed 8084K, reserved 1048576K
Event: 16.598 GC heap after
Heap after GC invocations=13 (full 2):
 PSYoungGen      total 65536K, used 14964K [0x00000000f5580000, 0x00000000fb300000, 0x0000000100000000)
  eden space 48128K, 0% used [0x00000000f5580000,0x00000000f5580000,0x00000000f8480000)
  from space 17408K, 85% used [0x00000000f8480000,0x00000000f931d148,0x00000000f9580000)
  to   space 18432K, 0% used [0x00000000fa100000,0x00000000fa100000,0x00000000fb300000)
 ParOldGen       total 65536K, used 19679K [0x00000000e0000000, 0x00000000e4000000, 0x00000000f5580000)
  object space 65536K, 30% used [0x00000000e0000000,0x00000000e1337e78,0x00000000e4000000)
 Metaspace       used 54816K, capacity 58994K, committed 59028K, reserved 1099776K
  class space    used 6747K, capacity 8079K, committed 8084K, reserved 1048576K
}
Event: 16.598 GC heap before
{Heap before GC invocations=14 (full 3):
 PSYoungGen      total 65536K, used 14964K [0x00000000f5580000, 0x00000000fb300000, 0x0000000100000000)
  eden space 48128K, 0% used [0x00000000f5580000,0x00000000f5580000,0x00000000f8480000)
  from space 17408K, 85% used [0x00000000f8480000,0x00000000f931d148,0x00000000f9580000)
  to   space 18432K, 0% used [0x00000000fa100000,0x00000000fa100000,0x00000000fb300000)
 ParOldGen       total 65536K, used 19679K [0x00000000e0000000, 0x00000000e4000000, 0x00000000f5580000)
  object space 65536K, 30% used [0x00000000e0000000,0x00000000e1337e78,0x00000000e4000000)
 Metaspace       used 54816K, capacity 58994K, committed 59028K, reserved 1099776K
  class space    used 6747K, capacity 8079K, committed 8084K, reserved 1048576K
Event: 16.921 GC heap after
Heap after GC invocations=14 (full 3):
 PSYoungGen      total 65536K, used 0K [0x00000000f5580000, 0x00000000fb300000, 0x0000000100000000)
  eden space 48128K, 0% used [0x00000000f5580000,0x00000000f5580000,0x00000000f8480000)
  from space 17408K, 0% used [0x00000000f8480000,0x00000000f8480000,0x00000000f9580000)
  to   space 18432K, 0% used [0x00000000fa100000,0x00000000fa100000,0x00000000fb300000)
 ParOldGen       total 96768K, used 31990K [0x00000000e0000000, 0x00000000e5e80000, 0x00000000f5580000)
  object space 96768K, 33% used [0x00000000e0000000,0x00000000e1f3dbf0,0x00000000e5e80000)
 Metaspace       used 54816K, capacity 58994K, committed 59028K, reserved 1099776K
  class space    used 6747K, capacity 8079K, committed 8084K, reserved 1048576K
}
Event: 17.733 GC heap before
{Heap before GC invocations=15 (full 3):
 PSYoungGen      total 65536K, used 48128K [0x00000000f5580000, 0x00000000fb300000, 0x0000000100000000)
  eden space 48128K, 100% used [0x00000000f5580000,0x00000000f8480000,0x00000000f8480000)
  from space 17408K, 0% used [0x00000000f8480000,0x00000000f8480000,0x00000000f9580000)
  to   space 18432K, 0% used [0x00000000fa100000,0x00000000fa100000,0x00000000fb300000)
 ParOldGen       total 96768K, used 31990K [0x00000000e0000000, 0x00000000e5e80000, 0x00000000f5580000)
  object space 96768K, 33% used [0x00000000e0000000,0x00000000e1f3dbf0,0x00000000e5e80000)
 Metaspace       used 58214K, capacity 62590K, committed 62740K, reserved 1103872K
  class space    used 7234K, capacity 8598K, committed 8724K, reserved 1048576K
Event: 17.752 GC heap after
Heap after GC invocations=15 (full 3):
 PSYoungGen      total 71168K, used 8792K [0x00000000f5580000, 0x00000000faf80000, 0x0000000100000000)
  eden space 56320K, 0% used [0x00000000f5580000,0x00000000f5580000,0x00000000f8c80000)
  from space 14848K, 59% used [0x00000000fa100000,0x00000000fa9961a0,0x00000000faf80000)
  to   space 17920K, 0% used [0x00000000f8c80000,0x00000000f8c80000,0x00000000f9e00000)
 ParOldGen       total 96768K, used 31998K [0x00000000e0000000, 0x00000000e5e80000, 0x00000000f5580000)
  object space 96768K, 33% used [0x00000000e0000000,0x00000000e1f3fbf0,0x00000000e5e80000)
 Metaspace       used 58214K, capacity 62590K, committed 62740K, reserved 1103872K
  class space    used 7234K, capacity 8598K, committed 8724K, reserved 1048576K
}
Event: 27.553 GC heap before
{Heap before GC invocations=16 (full 3):
 PSYoungGen      total 71168K, used 65112K [0x00000000f5580000, 0x00000000faf80000, 0x0000000100000000)
  eden space 56320K, 100% used [0x00000000f5580000,0x00000000f8c80000,0x00000000f8c80000)
  from space 14848K, 59% used [0x00000000fa100000,0x00000000fa9961a0,0x00000000faf80000)
  to   space 17920K, 0% used [0x00000000f8c80000,0x00000000f8c80000,0x00000000f9e00000)
 ParOldGen       total 96768K, used 31998K [0x00000000e0000000, 0x00000000e5e80000, 0x00000000f5580000)
  object space 96768K, 33% used [0x00000000e0000000,0x00000000e1f3fbf0,0x00000000e5e80000)
 Metaspace       used 66711K, capacity 71866K, committed 71956K, reserved 1112064K
  class space    used 8348K, capacity 10004K, committed 10004K, reserved 1048576K
Event: 27.573 GC heap after
Heap after GC invocations=16 (full 3):
 PSYoungGen      total 74240K, used 17911K [0x00000000f5580000, 0x00000000fbd80000, 0x0000000100000000)
  eden space 56320K, 0% used [0x00000000f5580000,0x00000000f5580000,0x00000000f8c80000)
  from space 17920K, 99% used [0x00000000f8c80000,0x00000000f9dfdd10,0x00000000f9e00000)
  to   space 20992K, 0% used [0x00000000fa900000,0x00000000fa900000,0x00000000fbd80000)
 ParOldGen       total 96768K, used 33963K [0x00000000e0000000, 0x00000000e5e80000, 0x00000000f5580000)
  object space 96768K, 35% used [0x00000000e0000000,0x00000000e212ac88,0x00000000e5e80000)
 Metaspace       used 66711K, capacity 71866K, committed 71956K, reserved 1112064K
  class space    used 8348K, capacity 10004K, committed 10004K, reserved 1048576K
}

