# JRE version: Java(TM) SE Runtime Environment (8.0_25-b18) (build 1.8.0_25-b18)
# Java VM: Java HotSpot(TM) 64-Bit Server VM (25.25-b02 mixed mode windows-amd64 compressed oops)
Heap:
 PSYoungGen      total 109568K, used 60040K [0x00000000f5580000, 0x00000000fd400000, 0x0000000100000000)
  eden space 99840K, 50% used [0x00000000f5580000,0x00000000f86c8f08,0x00000000fb700000)
  from space 9728K, 98% used [0x00000000fbb00000,0x00000000fc459200,0x00000000fc480000)
  to   space 14848K, 0% used [0x00000000fc580000,0x00000000fc580000,0x00000000fd400000)
 ParOldGen       total 87040K, used 49209K [0x00000000e0000000, 0x00000000e5500000, 0x00000000f5580000)
  object space 87040K, 56% used [0x00000000e0000000,0x00000000e300e7e0,0x00000000e5500000)
 Metaspace       used 97306K, capacity 103934K, committed 104064K, reserved 1138688K
  class space    used 11651K, capacity 13844K, committed 13952K, reserved 1048576K
GC Heap History (10 events):
Event: 9142.580 GC heap before
{Heap before GC invocations=117 (full 48):
 PSYoungGen      total 125952K, used 125477K [0x00000000f5580000, 0x00000000fe280000, 0x0000000100000000)
  eden space 117760K, 100% used [0x00000000f5580000,0x00000000fc880000,0x00000000fc880000)
  from space 8192K, 94% used [0x00000000fda80000,0x00000000fe209418,0x00000000fe280000)
  to   space 10752K, 0% used [0x00000000fcd80000,0x00000000fcd80000,0x00000000fd800000)
 ParOldGen       total 87040K, used 48675K [0x00000000e0000000, 0x00000000e5500000, 0x00000000f5580000)
  object space 87040K, 55% used [0x00000000e0000000,0x00000000e2f88c58,0x00000000e5500000)
 Metaspace       used 95613K, capacity 102132K, committed 102400K, reserved 1138688K
  class space    used 11475K, capacity 13564K, committed 13568K, reserved 1048576K
Event: 9142.603 GC heap after
Heap after GC invocations=117 (full 48):
 PSYoungGen      total 121344K, used 7428K [0x00000000f5580000, 0x00000000fdb80000, 0x0000000100000000)
  eden space 113664K, 0% used [0x00000000f5580000,0x00000000f5580000,0x00000000fc480000)
  from space 7680K, 96% used [0x00000000fcd80000,0x00000000fd4c10d0,0x00000000fd500000)
  to   space 6656K, 0% used [0x00000000fd500000,0x00000000fd500000,0x00000000fdb80000)
 ParOldGen       total 87040K, used 48675K [0x00000000e0000000, 0x00000000e5500000, 0x00000000f5580000)
  object space 87040K, 55% used [0x00000000e0000000,0x00000000e2f88c58,0x00000000e5500000)
 Metaspace       used 95613K, capacity 102132K, committed 102400K, reserved 1138688K
  class space    used 11475K, capacity 13564K, committed 13568K, reserved 1048576K
}
Event: 9213.790 GC heap before
{Heap before GC invocations=118 (full 48):
 PSYoungGen      total 121344K, used 121092K [0x00000000f5580000, 0x00000000fdb80000, 0x0000000100000000)
  eden space 113664K, 100% used [0x00000000f5580000,0x00000000fc480000,0x00000000fc480000)
  from space 7680K, 96% used [0x00000000fcd80000,0x00000000fd4c10d0,0x00000000fd500000)
  to   space 6656K, 0% used [0x00000000fd500000,0x00000000fd500000,0x00000000fdb80000)
 ParOldGen       total 87040K, used 48675K [0x00000000e0000000, 0x00000000e5500000, 0x00000000f5580000)
  object space 87040K, 55% used [0x00000000e0000000,0x00000000e2f88c58,0x00000000e5500000)
 Metaspace       used 95733K, capacity 102196K, committed 102400K, reserved 1138688K
  class space    used 11475K, capacity 13564K, committed 13568K, reserved 1048576K
Event: 9213.826 GC heap after
Heap after GC invocations=118 (full 48):
 PSYoungGen      total 116736K, used 6643K [0x00000000f5580000, 0x00000000fdb80000, 0x0000000100000000)
  eden space 110080K, 0% used [0x00000000f5580000,0x00000000f5580000,0x00000000fc100000)
  from space 6656K, 99% used [0x00000000fd500000,0x00000000fdb7cc10,0x00000000fdb80000)
  to   space 12288K, 0% used [0x00000000fc380000,0x00000000fc380000,0x00000000fcf80000)
 ParOldGen       total 87040K, used 49185K [0x00000000e0000000, 0x00000000e5500000, 0x00000000f5580000)
  object space 87040K, 56% used [0x00000000e0000000,0x00000000e30087e0,0x00000000e5500000)
 Metaspace       used 95733K, capacity 102196K, committed 102400K, reserved 1138688K
  class space    used 11475K, capacity 13564K, committed 13568K, reserved 1048576K
}
Event: 9733.986 GC heap before
{Heap before GC invocations=119 (full 48):
 PSYoungGen      total 116736K, used 116723K [0x00000000f5580000, 0x00000000fdb80000, 0x0000000100000000)
  eden space 110080K, 100% used [0x00000000f5580000,0x00000000fc100000,0x00000000fc100000)
  from space 6656K, 99% used [0x00000000fd500000,0x00000000fdb7cc10,0x00000000fdb80000)
  to   space 12288K, 0% used [0x00000000fc380000,0x00000000fc380000,0x00000000fcf80000)
 ParOldGen       total 87040K, used 49185K [0x00000000e0000000, 0x00000000e5500000, 0x00000000f5580000)
  object space 87040K, 56% used [0x00000000e0000000,0x00000000e30087e0,0x00000000e5500000)
 Metaspace       used 96010K, capacity 102426K, committed 102784K, reserved 1138688K
  class space    used 11499K, capacity 13597K, committed 13696K, reserved 1048576K
Event: 9734.083 GC heap after
Heap after GC invocations=119 (full 48):
 PSYoungGen      total 115200K, used 8241K [0x00000000f5580000, 0x00000000fd680000, 0x0000000100000000)
  eden space 106496K, 0% used [0x00000000f5580000,0x00000000f5580000,0x00000000fbd80000)
  from space 8704K, 94% used [0x00000000fc380000,0x00000000fcb8c730,0x00000000fcc00000)
  to   space 10752K, 0% used [0x00000000fcc00000,0x00000000fcc00000,0x00000000fd680000)
 ParOldGen       total 87040K, used 49193K [0x00000000e0000000, 0x00000000e5500000, 0x00000000f5580000)
  object space 87040K, 56% used [0x00000000e0000000,0x00000000e300a7e0,0x00000000e5500000)
 Metaspace       used 96010K, capacity 102426K, committed 102784K, reserved 1138688K
  class space    used 11499K, capacity 13597K, committed 13696K, reserved 1048576K
}
Event: 9981.521 GC heap before
{Heap before GC invocations=120 (full 48):
 PSYoungGen      total 115200K, used 114737K [0x00000000f5580000, 0x00000000fd680000, 0x0000000100000000)
  eden space 106496K, 100% used [0x00000000f5580000,0x00000000fbd80000,0x00000000fbd80000)
  from space 8704K, 94% used [0x00000000fc380000,0x00000000fcb8c730,0x00000000fcc00000)
  to   space 10752K, 0% used [0x00000000fcc00000,0x00000000fcc00000,0x00000000fd680000)
 ParOldGen       total 87040K, used 49193K [0x00000000e0000000, 0x00000000e5500000, 0x00000000f5580000)
  object space 87040K, 56% used [0x00000000e0000000,0x00000000e300a7e0,0x00000000e5500000)
 Metaspace       used 96480K, capacity 102966K, committed 103168K, reserved 1138688K
  class space    used 11574K, capacity 13737K, committed 13824K, reserved 1048576K
Event: 9981.567 GC heap after
Heap after GC invocations=120 (full 48):
 PSYoungGen      total 113152K, used 9847K [0x00000000f5580000, 0x00000000fd600000, 0x0000000100000000)
  eden space 102912K, 0% used [0x00000000f5580000,0x00000000f5580000,0x00000000fba00000)
  from space 10240K, 96% used [0x00000000fcc00000,0x00000000fd59dd48,0x00000000fd600000)
  to   space 13824K, 0% used [0x00000000fbb00000,0x00000000fbb00000,0x00000000fc880000)
 ParOldGen       total 87040K, used 49201K [0x00000000e0000000, 0x00000000e5500000, 0x00000000f5580000)
  object space 87040K, 56% used [0x00000000e0000000,0x00000000e300c7e0,0x00000000e5500000)
 Metaspace       used 96480K, capacity 102966K, committed 103168K, reserved 1138688K
  class space    used 11574K, capacity 13737K, committed 13824K, reserved 1048576K
}
Event: 10024.389 GC heap before
{Heap before GC invocations=121 (full 48):
 PSYoungGen      total 113152K, used 112759K [0x00000000f5580000, 0x00000000fd600000, 0x0000000100000000)
  eden space 102912K, 100% used [0x00000000f5580000,0x00000000fba00000,0x00000000fba00000)
  from space 10240K, 96% used [0x00000000fcc00000,0x00000000fd59dd48,0x00000000fd600000)
  to   space 13824K, 0% used [0x00000000fbb00000,0x00000000fbb00000,0x00000000fc880000)
 ParOldGen       total 87040K, used 49201K [0x00000000e0000000, 0x00000000e5500000, 0x00000000f5580000)
  object space 87040K, 56% used [0x00000000e0000000,0x00000000e300c7e0,0x00000000e5500000)
 Metaspace       used 96674K, capacity 103044K, committed 103168K, reserved 1138688K
  class space    used 11582K, capacity 13741K, committed 13824K, reserved 1048576K
Event: 10024.419 GC heap after
Heap after GC invocations=121 (full 48):
 PSYoungGen      total 109568K, used 9572K [0x00000000f5580000, 0x00000000fd400000, 0x0000000100000000)
  eden space 99840K, 0% used [0x00000000f5580000,0x00000000f5580000,0x00000000fb700000)
  from space 9728K, 98% used [0x00000000fbb00000,0x00000000fc459200,0x00000000fc480000)
  to   space 14848K, 0% used [0x00000000fc580000,0x00000000fc580000,0x00000000fd400000)
 ParOldGen       total 87040K, used 49209K [0x00000000e0000000, 0x00000000e5500000, 0x00000000f5580000)
  object space 87040K, 56% used [0x00000000e0000000,0x00000000e300e7e0,0x00000000e5500000)
 Metaspace       used 96674K, capacity 103044K, committed 103168K, reserved 1138688K
  class space    used 11582K, capacity 13741K, committed 13824K, reserved 1048576K
}

