# JRE version: Java(TM) SE Runtime Environment (8.0_25-b18) (build 1.8.0_25-b18)
# Java VM: Java HotSpot(TM) 64-Bit Server VM (25.25-b02 mixed mode windows-amd64 compressed oops)
Heap:
 PSYoungGen      total 56832K, used 46456K [0x00000000f5580000, 0x00000000f9a80000, 0x0000000100000000)
  eden space 45056K, 88% used [0x00000000f5580000,0x00000000f7c700f8,0x00000000f8180000)
  from space 11776K, 55% used [0x00000000f8f00000,0x00000000f956dfc8,0x00000000f9a80000)
  to   space 12800K, 0% used [0x00000000f8180000,0x00000000f8180000,0x00000000f8e00000)
 ParOldGen       total 88576K, used 56153K [0x00000000e0000000, 0x00000000e5680000, 0x00000000f5580000)
  object space 88576K, 63% used [0x00000000e0000000,0x00000000e36d64c0,0x00000000e5680000)
 Metaspace       used 85511K, capacity 91972K, committed 92248K, reserved 1128448K
  class space    used 10243K, capacity 12269K, committed 12376K, reserved 1048576K
GC Heap History (10 events):
Event: 4517.627 GC heap before
{Heap before GC invocations=41 (full 3):
 PSYoungGen      total 57344K, used 56918K [0x00000000f5580000, 0x00000000fa180000, 0x0000000100000000)
  eden space 50176K, 100% used [0x00000000f5580000,0x00000000f8680000,0x00000000f8680000)
  from space 7168K, 94% used [0x00000000f8780000,0x00000000f8e15a30,0x00000000f8e80000)
  to   space 13824K, 0% used [0x00000000f9400000,0x00000000f9400000,0x00000000fa180000)
 ParOldGen       total 88576K, used 55561K [0x00000000e0000000, 0x00000000e5680000, 0x00000000f5580000)
  object space 88576K, 62% used [0x00000000e0000000,0x00000000e36424b0,0x00000000e5680000)
 Metaspace       used 84853K, capacity 91284K, committed 91608K, reserved 1128448K
  class space    used 10186K, capacity 12231K, committed 12248K, reserved 1048576K
Event: 4517.758 GC heap after
Heap after GC invocations=41 (full 3):
 PSYoungGen      total 61952K, used 7021K [0x00000000f5580000, 0x00000000fa080000, 0x0000000100000000)
  eden space 49152K, 0% used [0x00000000f5580000,0x00000000f5580000,0x00000000f8580000)
  from space 12800K, 54% used [0x00000000f9400000,0x00000000f9adb530,0x00000000fa080000)
  to   space 13824K, 0% used [0x00000000f8580000,0x00000000f8580000,0x00000000f9300000)
 ParOldGen       total 88576K, used 55929K [0x00000000e0000000, 0x00000000e5680000, 0x00000000f5580000)
  object space 88576K, 63% used [0x00000000e0000000,0x00000000e369e4b0,0x00000000e5680000)
 Metaspace       used 84853K, capacity 91284K, committed 91608K, reserved 1128448K
  class space    used 10186K, capacity 12231K, committed 12248K, reserved 1048576K
}
Event: 5418.353 GC heap before
{Heap before GC invocations=42 (full 3):
 PSYoungGen      total 61952K, used 56173K [0x00000000f5580000, 0x00000000fa080000, 0x0000000100000000)
  eden space 49152K, 100% used [0x00000000f5580000,0x00000000f8580000,0x00000000f8580000)
  from space 12800K, 54% used [0x00000000f9400000,0x00000000f9adb530,0x00000000fa080000)
  to   space 13824K, 0% used [0x00000000f8580000,0x00000000f8580000,0x00000000f9300000)
 ParOldGen       total 88576K, used 55929K [0x00000000e0000000, 0x00000000e5680000, 0x00000000f5580000)
  object space 88576K, 63% used [0x00000000e0000000,0x00000000e369e4b0,0x00000000e5680000)
 Metaspace       used 84871K, capacity 91348K, committed 91608K, reserved 1128448K
  class space    used 10186K, capacity 12231K, committed 12248K, reserved 1048576K
Event: 5418.545 GC heap after
Heap after GC invocations=42 (full 3):
 PSYoungGen      total 56320K, used 7689K [0x00000000f5580000, 0x00000000f9e80000, 0x0000000100000000)
  eden space 48128K, 0% used [0x00000000f5580000,0x00000000f5580000,0x00000000f8480000)
  from space 8192K, 93% used [0x00000000f8580000,0x00000000f8d025f0,0x00000000f8d80000)
  to   space 13312K, 0% used [0x00000000f9180000,0x00000000f9180000,0x00000000f9e80000)
 ParOldGen       total 88576K, used 56017K [0x00000000e0000000, 0x00000000e5680000, 0x00000000f5580000)
  object space 88576K, 63% used [0x00000000e0000000,0x00000000e36b44c0,0x00000000e5680000)
 Metaspace       used 84871K, capacity 91348K, committed 91608K, reserved 1128448K
  class space    used 10186K, capacity 12231K, committed 12248K, reserved 1048576K
}
Event: 6374.186 GC heap before
{Heap before GC invocations=43 (full 3):
 PSYoungGen      total 56320K, used 55807K [0x00000000f5580000, 0x00000000f9e80000, 0x0000000100000000)
  eden space 48128K, 99% used [0x00000000f5580000,0x00000000f847d980,0x00000000f8480000)
  from space 8192K, 93% used [0x00000000f8580000,0x00000000f8d025f0,0x00000000f8d80000)
  to   space 13312K, 0% used [0x00000000f9180000,0x00000000f9180000,0x00000000f9e80000)
 ParOldGen       total 88576K, used 56017K [0x00000000e0000000, 0x00000000e5680000, 0x00000000f5580000)
  object space 88576K, 63% used [0x00000000e0000000,0x00000000e36b44c0,0x00000000e5680000)
 Metaspace       used 84908K, capacity 91348K, committed 91608K, reserved 1128448K
  class space    used 10186K, capacity 12231K, committed 12248K, reserved 1048576K
Event: 6374.327 GC heap after
Heap after GC invocations=43 (full 3):
 PSYoungGen      total 59392K, used 7048K [0x00000000f5580000, 0x00000000f9d80000, 0x0000000100000000)
  eden space 47104K, 0% used [0x00000000f5580000,0x00000000f5580000,0x00000000f8380000)
  from space 12288K, 57% used [0x00000000f9180000,0x00000000f98623f0,0x00000000f9d80000)
  to   space 13312K, 0% used [0x00000000f8380000,0x00000000f8380000,0x00000000f9080000)
 ParOldGen       total 88576K, used 56049K [0x00000000e0000000, 0x00000000e5680000, 0x00000000f5580000)
  object space 88576K, 63% used [0x00000000e0000000,0x00000000e36bc4c0,0x00000000e5680000)
 Metaspace       used 84908K, capacity 91348K, committed 91608K, reserved 1128448K
  class space    used 10186K, capacity 12231K, committed 12248K, reserved 1048576K
}
Event: 7219.214 GC heap before
{Heap before GC invocations=44 (full 3):
 PSYoungGen      total 59392K, used 54152K [0x00000000f5580000, 0x00000000f9d80000, 0x0000000100000000)
  eden space 47104K, 100% used [0x00000000f5580000,0x00000000f8380000,0x00000000f8380000)
  from space 12288K, 57% used [0x00000000f9180000,0x00000000f98623f0,0x00000000f9d80000)
  to   space 13312K, 0% used [0x00000000f8380000,0x00000000f8380000,0x00000000f9080000)
 ParOldGen       total 88576K, used 56049K [0x00000000e0000000, 0x00000000e5680000, 0x00000000f5580000)
  object space 88576K, 63% used [0x00000000e0000000,0x00000000e36bc4c0,0x00000000e5680000)
 Metaspace       used 84913K, capacity 91348K, committed 91608K, reserved 1128448K
  class space    used 10186K, capacity 12231K, committed 12248K, reserved 1048576K
Event: 7219.337 GC heap after
Heap after GC invocations=44 (full 3):
 PSYoungGen      total 53248K, used 6989K [0x00000000f5580000, 0x00000000f9b80000, 0x0000000100000000)
  eden space 46080K, 0% used [0x00000000f5580000,0x00000000f5580000,0x00000000f8280000)
  from space 7168K, 97% used [0x00000000f8380000,0x00000000f8a535b0,0x00000000f8a80000)
  to   space 12800K, 0% used [0x00000000f8f00000,0x00000000f8f00000,0x00000000f9b80000)
 ParOldGen       total 88576K, used 56081K [0x00000000e0000000, 0x00000000e5680000, 0x00000000f5580000)
  object space 88576K, 63% used [0x00000000e0000000,0x00000000e36c44c0,0x00000000e5680000)
 Metaspace       used 84913K, capacity 91348K, committed 91608K, reserved 1128448K
  class space    used 10186K, capacity 12231K, committed 12248K, reserved 1048576K
}
Event: 7312.190 GC heap before
{Heap before GC invocations=45 (full 3):
 PSYoungGen      total 53248K, used 53069K [0x00000000f5580000, 0x00000000f9b80000, 0x0000000100000000)
  eden space 46080K, 100% used [0x00000000f5580000,0x00000000f8280000,0x00000000f8280000)
  from space 7168K, 97% used [0x00000000f8380000,0x00000000f8a535b0,0x00000000f8a80000)
  to   space 12800K, 0% used [0x00000000f8f00000,0x00000000f8f00000,0x00000000f9b80000)
 ParOldGen       total 88576K, used 56081K [0x00000000e0000000, 0x00000000e5680000, 0x00000000f5580000)
  object space 88576K, 63% used [0x00000000e0000000,0x00000000e36c44c0,0x00000000e5680000)
 Metaspace       used 84953K, capacity 91348K, committed 91608K, reserved 1128448K
  class space    used 10188K, capacity 12231K, committed 12248K, reserved 1048576K
Event: 7312.264 GC heap after
Heap after GC invocations=45 (full 3):
 PSYoungGen      total 56832K, used 6583K [0x00000000f5580000, 0x00000000f9a80000, 0x0000000100000000)
  eden space 45056K, 0% used [0x00000000f5580000,0x00000000f5580000,0x00000000f8180000)
  from space 11776K, 55% used [0x00000000f8f00000,0x00000000f956dfc8,0x00000000f9a80000)
  to   space 12800K, 0% used [0x00000000f8180000,0x00000000f8180000,0x00000000f8e00000)
 ParOldGen       total 88576K, used 56153K [0x00000000e0000000, 0x00000000e5680000, 0x00000000f5580000)
  object space 88576K, 63% used [0x00000000e0000000,0x00000000e36d64c0,0x00000000e5680000)
 Metaspace       used 84953K, capacity 91348K, committed 91608K, reserved 1128448K
  class space    used 10188K, capacity 12231K, committed 12248K, reserved 1048576K
}

