# JRE version: Java(TM) SE Runtime Environment (8.0_25-b18) (build 1.8.0_25-b18)
# Java VM: Java HotSpot(TM) 64-Bit Server VM (25.25-b02 mixed mode windows-amd64 compressed oops)
Heap:
 PSYoungGen      total 101888K, used 86009K [0x00000000f5580000, 0x00000000fbc00000, 0x0000000100000000)
  eden space 98816K, 87% used [0x00000000f5580000,0x00000000fa97e6f0,0x00000000fb600000)
  from space 3072K, 0% used [0x00000000fb600000,0x00000000fb600000,0x00000000fb900000)
  to   space 3072K, 0% used [0x00000000fb900000,0x00000000fb900000,0x00000000fbc00000)
 ParOldGen       total 88576K, used 37412K [0x00000000e0000000, 0x00000000e5680000, 0x00000000f5580000)
  object space 88576K, 42% used [0x00000000e0000000,0x00000000e2489030,0x00000000e5680000)
 Metaspace       used 87093K, capacity 93590K, committed 93844K, reserved 1130496K
  class space    used 10067K, capacity 12137K, committed 12180K, reserved 1048576K
GC Heap History (10 events):
Event: 19919.925 GC heap before
{Heap before GC invocations=191 (full 74):
 PSYoungGen      total 100352K, used 99552K [0x00000000f5580000, 0x00000000fba80000, 0x0000000100000000)
  eden space 98304K, 100% used [0x00000000f5580000,0x00000000fb580000,0x00000000fb580000)
  from space 2048K, 60% used [0x00000000fb880000,0x00000000fb9b8000,0x00000000fba80000)
  to   space 2560K, 0% used [0x00000000fb580000,0x00000000fb580000,0x00000000fb800000)
 ParOldGen       total 88576K, used 37239K [0x00000000e0000000, 0x00000000e5680000, 0x00000000f5580000)
  object space 88576K, 42% used [0x00000000e0000000,0x00000000e245dd80,0x00000000e5680000)
 Metaspace       used 86411K, capacity 92950K, committed 93332K, reserved 1130496K
  class space    used 9992K, capacity 12073K, committed 12180K, reserved 1048576K
Event: 19919.931 GC heap after
Heap after GC invocations=191 (full 74):
 PSYoungGen      total 100864K, used 2000K [0x00000000f5580000, 0x00000000fbc00000, 0x0000000100000000)
  eden space 98304K, 0% used [0x00000000f5580000,0x00000000f5580000,0x00000000fb580000)
  from space 2560K, 78% used [0x00000000fb580000,0x00000000fb774020,0x00000000fb800000)
  to   space 3072K, 0% used [0x00000000fb900000,0x00000000fb900000,0x00000000fbc00000)
 ParOldGen       total 88576K, used 37239K [0x00000000e0000000, 0x00000000e5680000, 0x00000000f5580000)
  object space 88576K, 42% used [0x00000000e0000000,0x00000000e245dd80,0x00000000e5680000)
 Metaspace       used 86411K, capacity 92950K, committed 93332K, reserved 1130496K
  class space    used 9992K, capacity 12073K, committed 12180K, reserved 1048576K
}
Event: 19936.294 GC heap before
{Heap before GC invocations=192 (full 74):
 PSYoungGen      total 100864K, used 29502K [0x00000000f5580000, 0x00000000fbc00000, 0x0000000100000000)
  eden space 98304K, 27% used [0x00000000f5580000,0x00000000f705b898,0x00000000fb580000)
  from space 2560K, 78% used [0x00000000fb580000,0x00000000fb774020,0x00000000fb800000)
  to   space 3072K, 0% used [0x00000000fb900000,0x00000000fb900000,0x00000000fbc00000)
 ParOldGen       total 88576K, used 37239K [0x00000000e0000000, 0x00000000e5680000, 0x00000000f5580000)
  object space 88576K, 42% used [0x00000000e0000000,0x00000000e245dd80,0x00000000e5680000)
 Metaspace       used 86418K, capacity 92950K, committed 93332K, reserved 1130496K
  class space    used 9992K, capacity 12073K, committed 12180K, reserved 1048576K
Event: 19936.298 GC heap after
Heap after GC invocations=192 (full 74):
 PSYoungGen      total 101888K, used 2211K [0x00000000f5580000, 0x00000000fbc00000, 0x0000000100000000)
  eden space 98816K, 0% used [0x00000000f5580000,0x00000000f5580000,0x00000000fb600000)
  from space 3072K, 71% used [0x00000000fb900000,0x00000000fbb28e50,0x00000000fbc00000)
  to   space 3072K, 0% used [0x00000000fb600000,0x00000000fb600000,0x00000000fb900000)
 ParOldGen       total 88576K, used 37239K [0x00000000e0000000, 0x00000000e5680000, 0x00000000f5580000)
  object space 88576K, 42% used [0x00000000e0000000,0x00000000e245dd80,0x00000000e5680000)
 Metaspace       used 86418K, capacity 92950K, committed 93332K, reserved 1130496K
  class space    used 9992K, capacity 12073K, committed 12180K, reserved 1048576K
}
Event: 19936.298 GC heap before
{Heap before GC invocations=193 (full 75):
 PSYoungGen      total 101888K, used 2211K [0x00000000f5580000, 0x00000000fbc00000, 0x0000000100000000)
  eden space 98816K, 0% used [0x00000000f5580000,0x00000000f5580000,0x00000000fb600000)
  from space 3072K, 71% used [0x00000000fb900000,0x00000000fbb28e50,0x00000000fbc00000)
  to   space 3072K, 0% used [0x00000000fb600000,0x00000000fb600000,0x00000000fb900000)
 ParOldGen       total 88576K, used 37239K [0x00000000e0000000, 0x00000000e5680000, 0x00000000f5580000)
  object space 88576K, 42% used [0x00000000e0000000,0x00000000e245dd80,0x00000000e5680000)
 Metaspace       used 86418K, capacity 92950K, committed 93332K, reserved 1130496K
  class space    used 9992K, capacity 12073K, committed 12180K, reserved 1048576K
Event: 19936.540 GC heap after
Heap after GC invocations=193 (full 75):
 PSYoungGen      total 101888K, used 0K [0x00000000f5580000, 0x00000000fbc00000, 0x0000000100000000)
  eden space 98816K, 0% used [0x00000000f5580000,0x00000000f5580000,0x00000000fb600000)
  from space 3072K, 0% used [0x00000000fb900000,0x00000000fb900000,0x00000000fbc00000)
  to   space 3072K, 0% used [0x00000000fb600000,0x00000000fb600000,0x00000000fb900000)
 ParOldGen       total 88576K, used 37460K [0x00000000e0000000, 0x00000000e5680000, 0x00000000f5580000)
  object space 88576K, 42% used [0x00000000e0000000,0x00000000e24952a8,0x00000000e5680000)
 Metaspace       used 86418K, capacity 92950K, committed 93332K, reserved 1130496K
  class space    used 9992K, capacity 12073K, committed 12180K, reserved 1048576K
}
Event: 19996.301 GC heap before
{Heap before GC invocations=194 (full 75):
 PSYoungGen      total 101888K, used 84118K [0x00000000f5580000, 0x00000000fbc00000, 0x0000000100000000)
  eden space 98816K, 85% used [0x00000000f5580000,0x00000000fa7a5bb0,0x00000000fb600000)
  from space 3072K, 0% used [0x00000000fb900000,0x00000000fb900000,0x00000000fbc00000)
  to   space 3072K, 0% used [0x00000000fb600000,0x00000000fb600000,0x00000000fb900000)
 ParOldGen       total 88576K, used 37460K [0x00000000e0000000, 0x00000000e5680000, 0x00000000f5580000)
  object space 88576K, 42% used [0x00000000e0000000,0x00000000e24952a8,0x00000000e5680000)
 Metaspace       used 86441K, capacity 92950K, committed 93332K, reserved 1130496K
  class space    used 9992K, capacity 12073K, committed 12180K, reserved 1048576K
Event: 19996.306 GC heap after
Heap after GC invocations=194 (full 75):
 PSYoungGen      total 101888K, used 1943K [0x00000000f5580000, 0x00000000fbc00000, 0x0000000100000000)
  eden space 98816K, 0% used [0x00000000f5580000,0x00000000f5580000,0x00000000fb600000)
  from space 3072K, 63% used [0x00000000fb600000,0x00000000fb7e5c80,0x00000000fb900000)
  to   space 3072K, 0% used [0x00000000fb900000,0x00000000fb900000,0x00000000fbc00000)
 ParOldGen       total 88576K, used 37460K [0x00000000e0000000, 0x00000000e5680000, 0x00000000f5580000)
  object space 88576K, 42% used [0x00000000e0000000,0x00000000e24952a8,0x00000000e5680000)
 Metaspace       used 86441K, capacity 92950K, committed 93332K, reserved 1130496K
  class space    used 9992K, capacity 12073K, committed 12180K, reserved 1048576K
}
Event: 19996.306 GC heap before
{Heap before GC invocations=195 (full 76):
 PSYoungGen      total 101888K, used 1943K [0x00000000f5580000, 0x00000000fbc00000, 0x0000000100000000)
  eden space 98816K, 0% used [0x00000000f5580000,0x00000000f5580000,0x00000000fb600000)
  from space 3072K, 63% used [0x00000000fb600000,0x00000000fb7e5c80,0x00000000fb900000)
  to   space 3072K, 0% used [0x00000000fb900000,0x00000000fb900000,0x00000000fbc00000)
 ParOldGen       total 88576K, used 37460K [0x00000000e0000000, 0x00000000e5680000, 0x00000000f5580000)
  object space 88576K, 42% used [0x00000000e0000000,0x00000000e24952a8,0x00000000e5680000)
 Metaspace       used 86441K, capacity 92950K, committed 93332K, reserved 1130496K
  class space    used 9992K, capacity 12073K, committed 12180K, reserved 1048576K
Event: 19996.524 GC heap after
Heap after GC invocations=195 (full 76):
 PSYoungGen      total 101888K, used 0K [0x00000000f5580000, 0x00000000fbc00000, 0x0000000100000000)
  eden space 98816K, 0% used [0x00000000f5580000,0x00000000f5580000,0x00000000fb600000)
  from space 3072K, 0% used [0x00000000fb600000,0x00000000fb600000,0x00000000fb900000)
  to   space 3072K, 0% used [0x00000000fb900000,0x00000000fb900000,0x00000000fbc00000)
 ParOldGen       total 88576K, used 37412K [0x00000000e0000000, 0x00000000e5680000, 0x00000000f5580000)
  object space 88576K, 42% used [0x00000000e0000000,0x00000000e2489030,0x00000000e5680000)
 Metaspace       used 86441K, capacity 92950K, committed 93332K, reserved 1130496K
  class space    used 9992K, capacity 12073K, committed 12180K, reserved 1048576K
}

