# JRE version: Java(TM) SE Runtime Environment (8.0_25-b18) (build 1.8.0_25-b18)
# Java VM: Java HotSpot(TM) 64-Bit Server VM (25.25-b02 mixed mode windows-amd64 compressed oops)
Heap:
 PSYoungGen      total 87552K, used 27553K [0x00000000f5580000, 0x00000000fc080000, 0x0000000100000000)
  eden space 68608K, 33% used [0x00000000f5580000,0x00000000f6bc3e80,0x00000000f9880000)
  from space 18944K, 25% used [0x00000000fae00000,0x00000000fb2a46e8,0x00000000fc080000)
  to   space 20480K, 0% used [0x00000000f9880000,0x00000000f9880000,0x00000000fac80000)
 ParOldGen       total 94720K, used 42328K [0x00000000e0000000, 0x00000000e5c80000, 0x00000000f5580000)
  object space 94720K, 44% used [0x00000000e0000000,0x00000000e29560a0,0x00000000e5c80000)
 Metaspace       used 76652K, capacity 82860K, committed 83032K, reserved 1120256K
  class space    used 9511K, capacity 11324K, committed 11352K, reserved 1048576K
GC Heap History (10 events):
Event: 138.565 GC heap before
{Heap before GC invocations=19 (full 4):
 PSYoungGen      total 75264K, used 56320K [0x00000000f5580000, 0x00000000fb900000, 0x0000000100000000)
  eden space 56320K, 100% used [0x00000000f5580000,0x00000000f8c80000,0x00000000f8c80000)
  from space 18944K, 0% used [0x00000000fa180000,0x00000000fa180000,0x00000000fb400000)
  to   space 21504K, 0% used [0x00000000f8c80000,0x00000000f8c80000,0x00000000fa180000)
 ParOldGen       total 94720K, used 43724K [0x00000000e0000000, 0x00000000e5c80000, 0x00000000f5580000)
  object space 94720K, 46% used [0x00000000e0000000,0x00000000e2ab3150,0x00000000e5c80000)
 Metaspace       used 69780K, capacity 75030K, committed 75224K, reserved 1114112K
  class space    used 8690K, capacity 10392K, committed 10456K, reserved 1048576K
Event: 138.574 GC heap after
Heap after GC invocations=19 (full 4):
 PSYoungGen      total 77824K, used 2325K [0x00000000f5580000, 0x00000000fbe80000, 0x0000000100000000)
  eden space 56320K, 0% used [0x00000000f5580000,0x00000000f5580000,0x00000000f8c80000)
  from space 21504K, 10% used [0x00000000f8c80000,0x00000000f8ec55e0,0x00000000fa180000)
  to   space 22016K, 0% used [0x00000000fa900000,0x00000000fa900000,0x00000000fbe80000)
 ParOldGen       total 94720K, used 43732K [0x00000000e0000000, 0x00000000e5c80000, 0x00000000f5580000)
  object space 94720K, 46% used [0x00000000e0000000,0x00000000e2ab5150,0x00000000e5c80000)
 Metaspace       used 69780K, capacity 75030K, committed 75224K, reserved 1114112K
  class space    used 8690K, capacity 10392K, committed 10456K, reserved 1048576K
}
Event: 143.815 GC heap before
{Heap before GC invocations=20 (full 4):
 PSYoungGen      total 77824K, used 22253K [0x00000000f5580000, 0x00000000fbe80000, 0x0000000100000000)
  eden space 56320K, 35% used [0x00000000f5580000,0x00000000f68f5ec8,0x00000000f8c80000)
  from space 21504K, 10% used [0x00000000f8c80000,0x00000000f8ec55e0,0x00000000fa180000)
  to   space 22016K, 0% used [0x00000000fa900000,0x00000000fa900000,0x00000000fbe80000)
 ParOldGen       total 94720K, used 43732K [0x00000000e0000000, 0x00000000e5c80000, 0x00000000f5580000)
  object space 94720K, 46% used [0x00000000e0000000,0x00000000e2ab5150,0x00000000e5c80000)
 Metaspace       used 70514K, capacity 75756K, committed 76120K, reserved 1114112K
  class space    used 8764K, capacity 10461K, committed 10584K, reserved 1048576K
Event: 143.821 GC heap after
Heap after GC invocations=20 (full 4):
 PSYoungGen      total 85504K, used 2616K [0x00000000f5580000, 0x00000000fbe80000, 0x0000000100000000)
  eden space 63488K, 0% used [0x00000000f5580000,0x00000000f5580000,0x00000000f9380000)
  from space 22016K, 11% used [0x00000000fa900000,0x00000000fab8e220,0x00000000fbe80000)
  to   space 22016K, 0% used [0x00000000f9380000,0x00000000f9380000,0x00000000fa900000)
 ParOldGen       total 94720K, used 43740K [0x00000000e0000000, 0x00000000e5c80000, 0x00000000f5580000)
  object space 94720K, 46% used [0x00000000e0000000,0x00000000e2ab7150,0x00000000e5c80000)
 Metaspace       used 70514K, capacity 75756K, committed 76120K, reserved 1114112K
  class space    used 8764K, capacity 10461K, committed 10584K, reserved 1048576K
}
Event: 143.821 GC heap before
{Heap before GC invocations=21 (full 5):
 PSYoungGen      total 85504K, used 2616K [0x00000000f5580000, 0x00000000fbe80000, 0x0000000100000000)
  eden space 63488K, 0% used [0x00000000f5580000,0x00000000f5580000,0x00000000f9380000)
  from space 22016K, 11% used [0x00000000fa900000,0x00000000fab8e220,0x00000000fbe80000)
  to   space 22016K, 0% used [0x00000000f9380000,0x00000000f9380000,0x00000000fa900000)
 ParOldGen       total 94720K, used 43740K [0x00000000e0000000, 0x00000000e5c80000, 0x00000000f5580000)
  object space 94720K, 46% used [0x00000000e0000000,0x00000000e2ab7150,0x00000000e5c80000)
 Metaspace       used 70514K, capacity 75756K, committed 76120K, reserved 1114112K
  class space    used 8764K, capacity 10461K, committed 10584K, reserved 1048576K
Event: 144.545 GC heap after
Heap after GC invocations=21 (full 5):
 PSYoungGen      total 85504K, used 0K [0x00000000f5580000, 0x00000000fbe80000, 0x0000000100000000)
  eden space 63488K, 0% used [0x00000000f5580000,0x00000000f5580000,0x00000000f9380000)
  from space 22016K, 0% used [0x00000000fa900000,0x00000000fa900000,0x00000000fbe80000)
  to   space 22016K, 0% used [0x00000000f9380000,0x00000000f9380000,0x00000000fa900000)
 ParOldGen       total 94720K, used 42312K [0x00000000e0000000, 0x00000000e5c80000, 0x00000000f5580000)
  object space 94720K, 44% used [0x00000000e0000000,0x00000000e29520a0,0x00000000e5c80000)
 Metaspace       used 70514K, capacity 75756K, committed 76120K, reserved 1114112K
  class space    used 8764K, capacity 10461K, committed 10584K, reserved 1048576K
}
Event: 218.005 GC heap before
{Heap before GC invocations=22 (full 5):
 PSYoungGen      total 85504K, used 63488K [0x00000000f5580000, 0x00000000fbe80000, 0x0000000100000000)
  eden space 63488K, 100% used [0x00000000f5580000,0x00000000f9380000,0x00000000f9380000)
  from space 22016K, 0% used [0x00000000fa900000,0x00000000fa900000,0x00000000fbe80000)
  to   space 22016K, 0% used [0x00000000f9380000,0x00000000f9380000,0x00000000fa900000)
 ParOldGen       total 94720K, used 42312K [0x00000000e0000000, 0x00000000e5c80000, 0x00000000f5580000)
  object space 94720K, 44% used [0x00000000e0000000,0x00000000e29520a0,0x00000000e5c80000)
 Metaspace       used 74938K, capacity 81120K, committed 81368K, reserved 1120256K
  class space    used 9349K, capacity 11177K, committed 11224K, reserved 1048576K
Event: 218.026 GC heap after
Heap after GC invocations=22 (full 5):
 PSYoungGen      total 85504K, used 7098K [0x00000000f5580000, 0x00000000fc280000, 0x0000000100000000)
  eden space 63488K, 0% used [0x00000000f5580000,0x00000000f5580000,0x00000000f9380000)
  from space 22016K, 32% used [0x00000000f9380000,0x00000000f9a6eac0,0x00000000fa900000)
  to   space 20992K, 0% used [0x00000000fae00000,0x00000000fae00000,0x00000000fc280000)
 ParOldGen       total 94720K, used 42320K [0x00000000e0000000, 0x00000000e5c80000, 0x00000000f5580000)
  object space 94720K, 44% used [0x00000000e0000000,0x00000000e29540a0,0x00000000e5c80000)
 Metaspace       used 74938K, capacity 81120K, committed 81368K, reserved 1120256K
  class space    used 9349K, capacity 11177K, committed 11224K, reserved 1048576K
}
Event: 266.598 GC heap before
{Heap before GC invocations=23 (full 5):
 PSYoungGen      total 85504K, used 70586K [0x00000000f5580000, 0x00000000fc280000, 0x0000000100000000)
  eden space 63488K, 100% used [0x00000000f5580000,0x00000000f9380000,0x00000000f9380000)
  from space 22016K, 32% used [0x00000000f9380000,0x00000000f9a6eac0,0x00000000fa900000)
  to   space 20992K, 0% used [0x00000000fae00000,0x00000000fae00000,0x00000000fc280000)
 ParOldGen       total 94720K, used 42320K [0x00000000e0000000, 0x00000000e5c80000, 0x00000000f5580000)
  object space 94720K, 44% used [0x00000000e0000000,0x00000000e29540a0,0x00000000e5c80000)
 Metaspace       used 75673K, capacity 81830K, committed 82008K, reserved 1120256K
  class space    used 9418K, capacity 11259K, committed 11352K, reserved 1048576K
Event: 266.610 GC heap after
Heap after GC invocations=23 (full 5):
 PSYoungGen      total 87552K, used 4753K [0x00000000f5580000, 0x00000000fc080000, 0x0000000100000000)
  eden space 68608K, 0% used [0x00000000f5580000,0x00000000f5580000,0x00000000f9880000)
  from space 18944K, 25% used [0x00000000fae00000,0x00000000fb2a46e8,0x00000000fc080000)
  to   space 20480K, 0% used [0x00000000f9880000,0x00000000f9880000,0x00000000fac80000)
 ParOldGen       total 94720K, used 42328K [0x00000000e0000000, 0x00000000e5c80000, 0x00000000f5580000)
  object space 94720K, 44% used [0x00000000e0000000,0x00000000e29560a0,0x00000000e5c80000)
 Metaspace       used 75673K, capacity 81830K, committed 82008K, reserved 1120256K
  class space    used 9418K, capacity 11259K, committed 11352K, reserved 1048576K
}

