# JRE version: Java(TM) SE Runtime Environment (8.0_25-b18) (build 1.8.0_25-b18)
# Java VM: Java HotSpot(TM) 64-Bit Server VM (25.25-b02 mixed mode windows-amd64 compressed oops)
Heap:
 PSYoungGen      total 75264K, used 28843K [0x00000000f5580000, 0x00000000fa780000, 0x0000000100000000)
  eden space 74752K, 38% used [0x00000000f5580000,0x00000000f71aad00,0x00000000f9e80000)
  from space 512K, 0% used [0x00000000f9e80000,0x00000000f9e80000,0x00000000f9f00000)
  to   space 4608K, 0% used [0x00000000fa300000,0x00000000fa300000,0x00000000fa780000)
 ParOldGen       total 85504K, used 32917K [0x00000000e0000000, 0x00000000e5380000, 0x00000000f5580000)
  object space 85504K, 38% used [0x00000000e0000000,0x00000000e2025658,0x00000000e5380000)
 Metaspace       used 76867K, capacity 82884K, committed 83160K, reserved 1120256K
  class space    used 9431K, capacity 11345K, committed 11480K, reserved 1048576K
GC Heap History (10 events):
Event: 3034.832 GC heap before
{Heap before GC invocations=83 (full 36):
 PSYoungGen      total 80384K, used 160K [0x00000000f5580000, 0x00000000fa980000, 0x0000000100000000)
  eden space 74752K, 0% used [0x00000000f5580000,0x00000000f5580000,0x00000000f9e80000)
  from space 5632K, 2% used [0x00000000f9e80000,0x00000000f9ea8000,0x00000000fa400000)
  to   space 5632K, 0% used [0x00000000fa400000,0x00000000fa400000,0x00000000fa980000)
 ParOldGen       total 85504K, used 33109K [0x00000000e0000000, 0x00000000e5380000, 0x00000000f5580000)
  object space 85504K, 38% used [0x00000000e0000000,0x00000000e20556c8,0x00000000e5380000)
 Metaspace       used 75827K, capacity 81972K, committed 82136K, reserved 1120256K
  class space    used 9298K, capacity 11151K, committed 11224K, reserved 1048576K
Event: 3034.975 GC heap after
Heap after GC invocations=83 (full 36):
 PSYoungGen      total 80384K, used 0K [0x00000000f5580000, 0x00000000fa980000, 0x0000000100000000)
  eden space 74752K, 0% used [0x00000000f5580000,0x00000000f5580000,0x00000000f9e80000)
  from space 5632K, 0% used [0x00000000f9e80000,0x00000000f9e80000,0x00000000fa400000)
  to   space 5632K, 0% used [0x00000000fa400000,0x00000000fa400000,0x00000000fa980000)
 ParOldGen       total 85504K, used 32940K [0x00000000e0000000, 0x00000000e5380000, 0x00000000f5580000)
  object space 85504K, 38% used [0x00000000e0000000,0x00000000e202b0f8,0x00000000e5380000)
 Metaspace       used 75827K, capacity 81972K, committed 82136K, reserved 1120256K
  class space    used 9298K, capacity 11151K, committed 11224K, reserved 1048576K
}
Event: 3094.842 GC heap before
{Heap before GC invocations=84 (full 36):
 PSYoungGen      total 80384K, used 2820K [0x00000000f5580000, 0x00000000fa980000, 0x0000000100000000)
  eden space 74752K, 3% used [0x00000000f5580000,0x00000000f58412c0,0x00000000f9e80000)
  from space 5632K, 0% used [0x00000000f9e80000,0x00000000f9e80000,0x00000000fa400000)
  to   space 5632K, 0% used [0x00000000fa400000,0x00000000fa400000,0x00000000fa980000)
 ParOldGen       total 85504K, used 32940K [0x00000000e0000000, 0x00000000e5380000, 0x00000000f5580000)
  object space 85504K, 38% used [0x00000000e0000000,0x00000000e202b0f8,0x00000000e5380000)
 Metaspace       used 75827K, capacity 81972K, committed 82136K, reserved 1120256K
  class space    used 9298K, capacity 11151K, committed 11224K, reserved 1048576K
Event: 3094.847 GC heap after
Heap after GC invocations=84 (full 36):
 PSYoungGen      total 79360K, used 160K [0x00000000f5580000, 0x00000000fa880000, 0x0000000100000000)
  eden space 74752K, 0% used [0x00000000f5580000,0x00000000f5580000,0x00000000f9e80000)
  from space 4608K, 3% used [0x00000000fa400000,0x00000000fa428000,0x00000000fa880000)
  to   space 5120K, 0% used [0x00000000f9e80000,0x00000000f9e80000,0x00000000fa380000)
 ParOldGen       total 85504K, used 32940K [0x00000000e0000000, 0x00000000e5380000, 0x00000000f5580000)
  object space 85504K, 38% used [0x00000000e0000000,0x00000000e202b0f8,0x00000000e5380000)
 Metaspace       used 75827K, capacity 81972K, committed 82136K, reserved 1120256K
  class space    used 9298K, capacity 11151K, committed 11224K, reserved 1048576K
}
Event: 3094.847 GC heap before
{Heap before GC invocations=85 (full 37):
 PSYoungGen      total 79360K, used 160K [0x00000000f5580000, 0x00000000fa880000, 0x0000000100000000)
  eden space 74752K, 0% used [0x00000000f5580000,0x00000000f5580000,0x00000000f9e80000)
  from space 4608K, 3% used [0x00000000fa400000,0x00000000fa428000,0x00000000fa880000)
  to   space 5120K, 0% used [0x00000000f9e80000,0x00000000f9e80000,0x00000000fa380000)
 ParOldGen       total 85504K, used 32940K [0x00000000e0000000, 0x00000000e5380000, 0x00000000f5580000)
  object space 85504K, 38% used [0x00000000e0000000,0x00000000e202b0f8,0x00000000e5380000)
 Metaspace       used 75827K, capacity 81972K, committed 82136K, reserved 1120256K
  class space    used 9298K, capacity 11151K, committed 11224K, reserved 1048576K
Event: 3095.001 GC heap after
Heap after GC invocations=85 (full 37):
 PSYoungGen      total 79360K, used 0K [0x00000000f5580000, 0x00000000fa880000, 0x0000000100000000)
  eden space 74752K, 0% used [0x00000000f5580000,0x00000000f5580000,0x00000000f9e80000)
  from space 4608K, 0% used [0x00000000fa400000,0x00000000fa400000,0x00000000fa880000)
  to   space 5120K, 0% used [0x00000000f9e80000,0x00000000f9e80000,0x00000000fa380000)
 ParOldGen       total 85504K, used 32920K [0x00000000e0000000, 0x00000000e5380000, 0x00000000f5580000)
  object space 85504K, 38% used [0x00000000e0000000,0x00000000e2026088,0x00000000e5380000)
 Metaspace       used 75827K, capacity 81972K, committed 82136K, reserved 1120256K
  class space    used 9298K, capacity 11151K, committed 11224K, reserved 1048576K
}
Event: 3154.851 GC heap before
{Heap before GC invocations=86 (full 37):
 PSYoungGen      total 79360K, used 2610K [0x00000000f5580000, 0x00000000fa880000, 0x0000000100000000)
  eden space 74752K, 3% used [0x00000000f5580000,0x00000000f580cb28,0x00000000f9e80000)
  from space 4608K, 0% used [0x00000000fa400000,0x00000000fa400000,0x00000000fa880000)
  to   space 5120K, 0% used [0x00000000f9e80000,0x00000000f9e80000,0x00000000fa380000)
 ParOldGen       total 85504K, used 32920K [0x00000000e0000000, 0x00000000e5380000, 0x00000000f5580000)
  object space 85504K, 38% used [0x00000000e0000000,0x00000000e2026088,0x00000000e5380000)
 Metaspace       used 75827K, capacity 81972K, committed 82136K, reserved 1120256K
  class space    used 9298K, capacity 11151K, committed 11224K, reserved 1048576K
Event: 3154.854 GC heap after
Heap after GC invocations=86 (full 37):
 PSYoungGen      total 75264K, used 192K [0x00000000f5580000, 0x00000000fa780000, 0x0000000100000000)
  eden space 74752K, 0% used [0x00000000f5580000,0x00000000f5580000,0x00000000f9e80000)
  from space 512K, 37% used [0x00000000f9e80000,0x00000000f9eb0000,0x00000000f9f00000)
  to   space 4608K, 0% used [0x00000000fa300000,0x00000000fa300000,0x00000000fa780000)
 ParOldGen       total 85504K, used 32920K [0x00000000e0000000, 0x00000000e5380000, 0x00000000f5580000)
  object space 85504K, 38% used [0x00000000e0000000,0x00000000e2026088,0x00000000e5380000)
 Metaspace       used 75827K, capacity 81972K, committed 82136K, reserved 1120256K
  class space    used 9298K, capacity 11151K, committed 11224K, reserved 1048576K
}
Event: 3154.854 GC heap before
{Heap before GC invocations=87 (full 38):
 PSYoungGen      total 75264K, used 192K [0x00000000f5580000, 0x00000000fa780000, 0x0000000100000000)
  eden space 74752K, 0% used [0x00000000f5580000,0x00000000f5580000,0x00000000f9e80000)
  from space 512K, 37% used [0x00000000f9e80000,0x00000000f9eb0000,0x00000000f9f00000)
  to   space 4608K, 0% used [0x00000000fa300000,0x00000000fa300000,0x00000000fa780000)
 ParOldGen       total 85504K, used 32920K [0x00000000e0000000, 0x00000000e5380000, 0x00000000f5580000)
  object space 85504K, 38% used [0x00000000e0000000,0x00000000e2026088,0x00000000e5380000)
 Metaspace       used 75827K, capacity 81972K, committed 82136K, reserved 1120256K
  class space    used 9298K, capacity 11151K, committed 11224K, reserved 1048576K
Event: 3155.026 GC heap after
Heap after GC invocations=87 (full 38):
 PSYoungGen      total 75264K, used 0K [0x00000000f5580000, 0x00000000fa780000, 0x0000000100000000)
  eden space 74752K, 0% used [0x00000000f5580000,0x00000000f5580000,0x00000000f9e80000)
  from space 512K, 0% used [0x00000000f9e80000,0x00000000f9e80000,0x00000000f9f00000)
  to   space 4608K, 0% used [0x00000000fa300000,0x00000000fa300000,0x00000000fa780000)
 ParOldGen       total 85504K, used 32917K [0x00000000e0000000, 0x00000000e5380000, 0x00000000f5580000)
  object space 85504K, 38% used [0x00000000e0000000,0x00000000e2025658,0x00000000e5380000)
 Metaspace       used 75827K, capacity 81972K, committed 82136K, reserved 1120256K
  class space    used 9298K, capacity 11151K, committed 11224K, reserved 1048576K
}

