# JRE version: Java(TM) SE Runtime Environment (8.0_25-b18) (build 1.8.0_25-b18)
# Java VM: Java HotSpot(TM) 64-Bit Server VM (25.25-b02 mixed mode windows-amd64 compressed oops)
Heap:
 PSYoungGen      total 39424K, used 29692K [0x00000000f5580000, 0x00000000f8000000, 0x0000000100000000)
  eden space 35328K, 84% used [0x00000000f5580000,0x00000000f727f338,0x00000000f7800000)
  from space 4096K, 0% used [0x00000000f7800000,0x00000000f7800000,0x00000000f7c00000)
  to   space 4096K, 0% used [0x00000000f7c00000,0x00000000f7c00000,0x00000000f8000000)
 ParOldGen       total 90624K, used 40274K [0x00000000e0000000, 0x00000000e5880000, 0x00000000f5580000)
  object space 90624K, 44% used [0x00000000e0000000,0x00000000e2754a48,0x00000000e5880000)
 Metaspace       used 91563K, capacity 97644K, committed 98008K, reserved 1134592K
  class space    used 10695K, capacity 12648K, committed 12760K, reserved 1048576K
GC Heap History (10 events):
Event: 13361.527 GC heap before
{Heap before GC invocations=361 (full 104):
 PSYoungGen      total 39424K, used 2236K [0x00000000f5580000, 0x00000000f8000000, 0x0000000100000000)
  eden space 35328K, 0% used [0x00000000f5580000,0x00000000f5580000,0x00000000f7800000)
  from space 4096K, 54% used [0x00000000f7800000,0x00000000f7a2f0f0,0x00000000f7c00000)
  to   space 4096K, 0% used [0x00000000f7c00000,0x00000000f7c00000,0x00000000f8000000)
 ParOldGen       total 90624K, used 40642K [0x00000000e0000000, 0x00000000e5880000, 0x00000000f5580000)
  object space 90624K, 44% used [0x00000000e0000000,0x00000000e27b0ac8,0x00000000e5880000)
 Metaspace       used 90770K, capacity 97164K, committed 97368K, reserved 1134592K
  class space    used 10605K, capacity 12552K, committed 12632K, reserved 1048576K
Event: 13361.780 GC heap after
Heap after GC invocations=361 (full 104):
 PSYoungGen      total 39424K, used 0K [0x00000000f5580000, 0x00000000f8000000, 0x0000000100000000)
  eden space 35328K, 0% used [0x00000000f5580000,0x00000000f5580000,0x00000000f7800000)
  from space 4096K, 0% used [0x00000000f7800000,0x00000000f7800000,0x00000000f7c00000)
  to   space 4096K, 0% used [0x00000000f7c00000,0x00000000f7c00000,0x00000000f8000000)
 ParOldGen       total 90624K, used 40435K [0x00000000e0000000, 0x00000000e5880000, 0x00000000f5580000)
  object space 90624K, 44% used [0x00000000e0000000,0x00000000e277cf20,0x00000000e5880000)
 Metaspace       used 90770K, capacity 97164K, committed 97368K, reserved 1134592K
  class space    used 10605K, capacity 12552K, committed 12632K, reserved 1048576K
}
Event: 13421.525 GC heap before
{Heap before GC invocations=362 (full 104):
 PSYoungGen      total 39424K, used 2800K [0x00000000f5580000, 0x00000000f8000000, 0x0000000100000000)
  eden space 35328K, 7% used [0x00000000f5580000,0x00000000f583c010,0x00000000f7800000)
  from space 4096K, 0% used [0x00000000f7800000,0x00000000f7800000,0x00000000f7c00000)
  to   space 4096K, 0% used [0x00000000f7c00000,0x00000000f7c00000,0x00000000f8000000)
 ParOldGen       total 90624K, used 40435K [0x00000000e0000000, 0x00000000e5880000, 0x00000000f5580000)
  object space 90624K, 44% used [0x00000000e0000000,0x00000000e277cf20,0x00000000e5880000)
 Metaspace       used 90770K, capacity 97164K, committed 97368K, reserved 1134592K
  class space    used 10605K, capacity 12552K, committed 12632K, reserved 1048576K
Event: 13421.529 GC heap after
Heap after GC invocations=362 (full 104):
 PSYoungGen      total 39424K, used 160K [0x00000000f5580000, 0x00000000f8000000, 0x0000000100000000)
  eden space 35328K, 0% used [0x00000000f5580000,0x00000000f5580000,0x00000000f7800000)
  from space 4096K, 3% used [0x00000000f7c00000,0x00000000f7c28000,0x00000000f8000000)
  to   space 4096K, 0% used [0x00000000f7800000,0x00000000f7800000,0x00000000f7c00000)
 ParOldGen       total 90624K, used 40435K [0x00000000e0000000, 0x00000000e5880000, 0x00000000f5580000)
  object space 90624K, 44% used [0x00000000e0000000,0x00000000e277cf20,0x00000000e5880000)
 Metaspace       used 90770K, capacity 97164K, committed 97368K, reserved 1134592K
  class space    used 10605K, capacity 12552K, committed 12632K, reserved 1048576K
}
Event: 13421.529 GC heap before
{Heap before GC invocations=363 (full 105):
 PSYoungGen      total 39424K, used 160K [0x00000000f5580000, 0x00000000f8000000, 0x0000000100000000)
  eden space 35328K, 0% used [0x00000000f5580000,0x00000000f5580000,0x00000000f7800000)
  from space 4096K, 3% used [0x00000000f7c00000,0x00000000f7c28000,0x00000000f8000000)
  to   space 4096K, 0% used [0x00000000f7800000,0x00000000f7800000,0x00000000f7c00000)
 ParOldGen       total 90624K, used 40435K [0x00000000e0000000, 0x00000000e5880000, 0x00000000f5580000)
  object space 90624K, 44% used [0x00000000e0000000,0x00000000e277cf20,0x00000000e5880000)
 Metaspace       used 90770K, capacity 97164K, committed 97368K, reserved 1134592K
  class space    used 10605K, capacity 12552K, committed 12632K, reserved 1048576K
Event: 13421.800 GC heap after
Heap after GC invocations=363 (full 105):
 PSYoungGen      total 39424K, used 0K [0x00000000f5580000, 0x00000000f8000000, 0x0000000100000000)
  eden space 35328K, 0% used [0x00000000f5580000,0x00000000f5580000,0x00000000f7800000)
  from space 4096K, 0% used [0x00000000f7c00000,0x00000000f7c00000,0x00000000f8000000)
  to   space 4096K, 0% used [0x00000000f7800000,0x00000000f7800000,0x00000000f7c00000)
 ParOldGen       total 90624K, used 40285K [0x00000000e0000000, 0x00000000e5880000, 0x00000000f5580000)
  object space 90624K, 44% used [0x00000000e0000000,0x00000000e2757650,0x00000000e5880000)
 Metaspace       used 90770K, capacity 97164K, committed 97368K, reserved 1134592K
  class space    used 10605K, capacity 12552K, committed 12632K, reserved 1048576K
}
Event: 13481.525 GC heap before
{Heap before GC invocations=364 (full 105):
 PSYoungGen      total 39424K, used 2454K [0x00000000f5580000, 0x00000000f8000000, 0x0000000100000000)
  eden space 35328K, 6% used [0x00000000f5580000,0x00000000f57e5b38,0x00000000f7800000)
  from space 4096K, 0% used [0x00000000f7c00000,0x00000000f7c00000,0x00000000f8000000)
  to   space 4096K, 0% used [0x00000000f7800000,0x00000000f7800000,0x00000000f7c00000)
 ParOldGen       total 90624K, used 40285K [0x00000000e0000000, 0x00000000e5880000, 0x00000000f5580000)
  object space 90624K, 44% used [0x00000000e0000000,0x00000000e2757650,0x00000000e5880000)
 Metaspace       used 90770K, capacity 97164K, committed 97368K, reserved 1134592K
  class space    used 10605K, capacity 12552K, committed 12632K, reserved 1048576K
Event: 13481.530 GC heap after
Heap after GC invocations=364 (full 105):
 PSYoungGen      total 39424K, used 192K [0x00000000f5580000, 0x00000000f8000000, 0x0000000100000000)
  eden space 35328K, 0% used [0x00000000f5580000,0x00000000f5580000,0x00000000f7800000)
  from space 4096K, 4% used [0x00000000f7800000,0x00000000f7830000,0x00000000f7c00000)
  to   space 4096K, 0% used [0x00000000f7c00000,0x00000000f7c00000,0x00000000f8000000)
 ParOldGen       total 90624K, used 40285K [0x00000000e0000000, 0x00000000e5880000, 0x00000000f5580000)
  object space 90624K, 44% used [0x00000000e0000000,0x00000000e2757650,0x00000000e5880000)
 Metaspace       used 90770K, capacity 97164K, committed 97368K, reserved 1134592K
  class space    used 10605K, capacity 12552K, committed 12632K, reserved 1048576K
}
Event: 13481.530 GC heap before
{Heap before GC invocations=365 (full 106):
 PSYoungGen      total 39424K, used 192K [0x00000000f5580000, 0x00000000f8000000, 0x0000000100000000)
  eden space 35328K, 0% used [0x00000000f5580000,0x00000000f5580000,0x00000000f7800000)
  from space 4096K, 4% used [0x00000000f7800000,0x00000000f7830000,0x00000000f7c00000)
  to   space 4096K, 0% used [0x00000000f7c00000,0x00000000f7c00000,0x00000000f8000000)
 ParOldGen       total 90624K, used 40285K [0x00000000e0000000, 0x00000000e5880000, 0x00000000f5580000)
  object space 90624K, 44% used [0x00000000e0000000,0x00000000e2757650,0x00000000e5880000)
 Metaspace       used 90770K, capacity 97164K, committed 97368K, reserved 1134592K
  class space    used 10605K, capacity 12552K, committed 12632K, reserved 1048576K
Event: 13481.816 GC heap after
Heap after GC invocations=365 (full 106):
 PSYoungGen      total 39424K, used 0K [0x00000000f5580000, 0x00000000f8000000, 0x0000000100000000)
  eden space 35328K, 0% used [0x00000000f5580000,0x00000000f5580000,0x00000000f7800000)
  from space 4096K, 0% used [0x00000000f7800000,0x00000000f7800000,0x00000000f7c00000)
  to   space 4096K, 0% used [0x00000000f7c00000,0x00000000f7c00000,0x00000000f8000000)
 ParOldGen       total 90624K, used 40274K [0x00000000e0000000, 0x00000000e5880000, 0x00000000f5580000)
  object space 90624K, 44% used [0x00000000e0000000,0x00000000e2754a48,0x00000000e5880000)
 Metaspace       used 90770K, capacity 97164K, committed 97368K, reserved 1134592K
  class space    used 10605K, capacity 12552K, committed 12632K, reserved 1048576K
}

