# JRE version: Java(TM) SE Runtime Environment (8.0_25-b18) (build 1.8.0_25-b18)
# Java VM: Java HotSpot(TM) 64-Bit Server VM (25.25-b02 mixed mode windows-amd64 compressed oops)
Heap:
 PSYoungGen      total 75264K, used 48906K [0x00000000f5580000, 0x00000000fb700000, 0x0000000100000000)
  eden space 66048K, 60% used [0x00000000f5580000,0x00000000f7ca8488,0x00000000f9600000)
  from space 9216K, 95% used [0x00000000fae00000,0x00000000fb69a3e8,0x00000000fb700000)
  to   space 16896K, 0% used [0x00000000f9600000,0x00000000f9600000,0x00000000fa680000)
 ParOldGen       total 87552K, used 29384K [0x00000000e0000000, 0x00000000e5580000, 0x00000000f5580000)
  object space 87552K, 33% used [0x00000000e0000000,0x00000000e1cb2378,0x00000000e5580000)
 Metaspace       used 62691K, capacity 67618K, committed 67672K, reserved 1107968K
  class space    used 7840K, capacity 9280K, committed 9304K, reserved 1048576K
GC Heap History (10 events):
Event: 12.582 GC heap before
{Heap before GC invocations=11 (full 2):
 PSYoungGen      total 58368K, used 44544K [0x00000000f5580000, 0x00000000fa180000, 0x0000000100000000)
  eden space 44544K, 100% used [0x00000000f5580000,0x00000000f8100000,0x00000000f8100000)
  from space 13824K, 0% used [0x00000000f8f00000,0x00000000f8f00000,0x00000000f9c80000)
  to   space 14336K, 0% used [0x00000000f8100000,0x00000000f8100000,0x00000000f8f00000)
 ParOldGen       total 61440K, used 17933K [0x00000000e0000000, 0x00000000e3c00000, 0x00000000f5580000)
  object space 61440K, 29% used [0x00000000e0000000,0x00000000e1183448,0x00000000e3c00000)
 Metaspace       used 42514K, capacity 45818K, committed 45912K, reserved 1089536K
  class space    used 5139K, capacity 6182K, committed 6232K, reserved 1048576K
Event: 12.598 GC heap after
Heap after GC invocations=11 (full 2):
 PSYoungGen      total 58880K, used 12938K [0x00000000f5580000, 0x00000000fad80000, 0x0000000100000000)
  eden space 44544K, 0% used [0x00000000f5580000,0x00000000f5580000,0x00000000f8100000)
  from space 14336K, 90% used [0x00000000f8100000,0x00000000f8da2a48,0x00000000f8f00000)
  to   space 15872K, 0% used [0x00000000f9e00000,0x00000000f9e00000,0x00000000fad80000)
 ParOldGen       total 61440K, used 17941K [0x00000000e0000000, 0x00000000e3c00000, 0x00000000f5580000)
  object space 61440K, 29% used [0x00000000e0000000,0x00000000e1185448,0x00000000e3c00000)
 Metaspace       used 42514K, capacity 45818K, committed 45912K, reserved 1089536K
  class space    used 5139K, capacity 6182K, committed 6232K, reserved 1048576K
}
Event: 14.700 GC heap before
{Heap before GC invocations=12 (full 2):
 PSYoungGen      total 58880K, used 57482K [0x00000000f5580000, 0x00000000fad80000, 0x0000000100000000)
  eden space 44544K, 100% used [0x00000000f5580000,0x00000000f8100000,0x00000000f8100000)
  from space 14336K, 90% used [0x00000000f8100000,0x00000000f8da2a48,0x00000000f8f00000)
  to   space 15872K, 0% used [0x00000000f9e00000,0x00000000f9e00000,0x00000000fad80000)
 ParOldGen       total 61440K, used 17941K [0x00000000e0000000, 0x00000000e3c00000, 0x00000000f5580000)
  object space 61440K, 29% used [0x00000000e0000000,0x00000000e1185448,0x00000000e3c00000)
 Metaspace       used 52680K, capacity 56886K, committed 57048K, reserved 1097728K
  class space    used 6478K, capacity 7871K, committed 7896K, reserved 1048576K
Event: 14.722 GC heap after
Heap after GC invocations=12 (full 2):
 PSYoungGen      total 71680K, used 15849K [0x00000000f5580000, 0x00000000fb180000, 0x0000000100000000)
  eden space 55808K, 0% used [0x00000000f5580000,0x00000000f5580000,0x00000000f8c00000)
  from space 15872K, 99% used [0x00000000f9e00000,0x00000000fad7a5c8,0x00000000fad80000)
  to   space 18432K, 0% used [0x00000000f8c00000,0x00000000f8c00000,0x00000000f9e00000)
 ParOldGen       total 61440K, used 20404K [0x00000000e0000000, 0x00000000e3c00000, 0x00000000f5580000)
  object space 61440K, 33% used [0x00000000e0000000,0x00000000e13ed248,0x00000000e3c00000)
 Metaspace       used 52680K, capacity 56886K, committed 57048K, reserved 1097728K
  class space    used 6478K, capacity 7871K, committed 7896K, reserved 1048576K
}
Event: 15.350 GC heap before
{Heap before GC invocations=13 (full 2):
 PSYoungGen      total 71680K, used 27770K [0x00000000f5580000, 0x00000000fb180000, 0x0000000100000000)
  eden space 55808K, 21% used [0x00000000f5580000,0x00000000f6124328,0x00000000f8c00000)
  from space 15872K, 99% used [0x00000000f9e00000,0x00000000fad7a5c8,0x00000000fad80000)
  to   space 18432K, 0% used [0x00000000f8c00000,0x00000000f8c00000,0x00000000f9e00000)
 ParOldGen       total 61440K, used 20404K [0x00000000e0000000, 0x00000000e3c00000, 0x00000000f5580000)
  object space 61440K, 33% used [0x00000000e0000000,0x00000000e13ed248,0x00000000e3c00000)
 Metaspace       used 54781K, capacity 58968K, committed 59028K, reserved 1099776K
  class space    used 6775K, capacity 8117K, committed 8152K, reserved 1048576K
Event: 15.365 GC heap after
Heap after GC invocations=13 (full 2):
 PSYoungGen      total 74240K, used 8472K [0x00000000f5580000, 0x00000000fbf80000, 0x0000000100000000)
  eden space 55808K, 0% used [0x00000000f5580000,0x00000000f5580000,0x00000000f8c00000)
  from space 18432K, 45% used [0x00000000f8c00000,0x00000000f94463f0,0x00000000f9e00000)
  to   space 17920K, 0% used [0x00000000fae00000,0x00000000fae00000,0x00000000fbf80000)
 ParOldGen       total 61440K, used 24362K [0x00000000e0000000, 0x00000000e3c00000, 0x00000000f5580000)
  object space 61440K, 39% used [0x00000000e0000000,0x00000000e17ca950,0x00000000e3c00000)
 Metaspace       used 54781K, capacity 58968K, committed 59028K, reserved 1099776K
  class space    used 6775K, capacity 8117K, committed 8152K, reserved 1048576K
}
Event: 15.365 GC heap before
{Heap before GC invocations=14 (full 3):
 PSYoungGen      total 74240K, used 8472K [0x00000000f5580000, 0x00000000fbf80000, 0x0000000100000000)
  eden space 55808K, 0% used [0x00000000f5580000,0x00000000f5580000,0x00000000f8c00000)
  from space 18432K, 45% used [0x00000000f8c00000,0x00000000f94463f0,0x00000000f9e00000)
  to   space 17920K, 0% used [0x00000000fae00000,0x00000000fae00000,0x00000000fbf80000)
 ParOldGen       total 61440K, used 24362K [0x00000000e0000000, 0x00000000e3c00000, 0x00000000f5580000)
  object space 61440K, 39% used [0x00000000e0000000,0x00000000e17ca950,0x00000000e3c00000)
 Metaspace       used 54781K, capacity 58968K, committed 59028K, reserved 1099776K
  class space    used 6775K, capacity 8117K, committed 8152K, reserved 1048576K
Event: 15.762 GC heap after
Heap after GC invocations=14 (full 3):
 PSYoungGen      total 74240K, used 0K [0x00000000f5580000, 0x00000000fbf80000, 0x0000000100000000)
  eden space 55808K, 0% used [0x00000000f5580000,0x00000000f5580000,0x00000000f8c00000)
  from space 18432K, 0% used [0x00000000f8c00000,0x00000000f8c00000,0x00000000f9e00000)
  to   space 17920K, 0% used [0x00000000fae00000,0x00000000fae00000,0x00000000fbf80000)
 ParOldGen       total 87552K, used 29376K [0x00000000e0000000, 0x00000000e5580000, 0x00000000f5580000)
  object space 87552K, 33% used [0x00000000e0000000,0x00000000e1cb0378,0x00000000e5580000)
 Metaspace       used 54781K, capacity 58968K, committed 59028K, reserved 1099776K
  class space    used 6775K, capacity 8117K, committed 8152K, reserved 1048576K
}
Event: 16.783 GC heap before
{Heap before GC invocations=15 (full 3):
 PSYoungGen      total 74240K, used 55808K [0x00000000f5580000, 0x00000000fbf80000, 0x0000000100000000)
  eden space 55808K, 100% used [0x00000000f5580000,0x00000000f8c00000,0x00000000f8c00000)
  from space 18432K, 0% used [0x00000000f8c00000,0x00000000f8c00000,0x00000000f9e00000)
  to   space 17920K, 0% used [0x00000000fae00000,0x00000000fae00000,0x00000000fbf80000)
 ParOldGen       total 87552K, used 29376K [0x00000000e0000000, 0x00000000e5580000, 0x00000000f5580000)
  object space 87552K, 33% used [0x00000000e0000000,0x00000000e1cb0378,0x00000000e5580000)
 Metaspace       used 58310K, capacity 62598K, committed 62808K, reserved 1103872K
  class space    used 7298K, capacity 8666K, committed 8792K, reserved 1048576K
Event: 16.806 GC heap after
Heap after GC invocations=15 (full 3):
 PSYoungGen      total 75264K, used 8808K [0x00000000f5580000, 0x00000000fb700000, 0x0000000100000000)
  eden space 66048K, 0% used [0x00000000f5580000,0x00000000f5580000,0x00000000f9600000)
  from space 9216K, 95% used [0x00000000fae00000,0x00000000fb69a3e8,0x00000000fb700000)
  to   space 16896K, 0% used [0x00000000f9600000,0x00000000f9600000,0x00000000fa680000)
 ParOldGen       total 87552K, used 29384K [0x00000000e0000000, 0x00000000e5580000, 0x00000000f5580000)
  object space 87552K, 33% used [0x00000000e0000000,0x00000000e1cb2378,0x00000000e5580000)
 Metaspace       used 58310K, capacity 62598K, committed 62808K, reserved 1103872K
  class space    used 7298K, capacity 8666K, committed 8792K, reserved 1048576K
}

