# JRE version: Java(TM) SE Runtime Environment (8.0_25-b18) (build 1.8.0_25-b18)
# Java VM: Java HotSpot(TM) 64-Bit Server VM (25.25-b02 mixed mode windows-amd64 compressed oops)
Heap:
 PSYoungGen      total 88576K, used 28653K [0x00000000f5580000, 0x00000000fac80000, 0x0000000100000000)
  eden space 87552K, 32% used [0x00000000f5580000,0x00000000f717b740,0x00000000fab00000)
  from space 1024K, 0% used [0x00000000fab00000,0x00000000fab00000,0x00000000fac00000)
  to   space 512K, 0% used [0x00000000fac00000,0x00000000fac00000,0x00000000fac80000)
 ParOldGen       total 97280K, used 41498K [0x00000000e0000000, 0x00000000e5f00000, 0x00000000f5580000)
  object space 97280K, 42% used [0x00000000e0000000,0x00000000e2886ba0,0x00000000e5f00000)
 Metaspace       used 90707K, capacity 96978K, committed 97112K, reserved 1134592K
  class space    used 10634K, capacity 12575K, committed 12632K, reserved 1048576K
GC Heap History (10 events):
Event: 19837.776 GC heap before
{Heap before GC invocations=703 (full 324):
 PSYoungGen      total 88064K, used 448K [0x00000000f5580000, 0x00000000fad00000, 0x0000000100000000)
  eden space 87552K, 0% used [0x00000000f5580000,0x00000000f5580000,0x00000000fab00000)
  from space 512K, 87% used [0x00000000fab80000,0x00000000fabf0000,0x00000000fac00000)
  to   space 1024K, 0% used [0x00000000fac00000,0x00000000fac00000,0x00000000fad00000)
 ParOldGen       total 97280K, used 41498K [0x00000000e0000000, 0x00000000e5f00000, 0x00000000f5580000)
  object space 97280K, 42% used [0x00000000e0000000,0x00000000e28868b0,0x00000000e5f00000)
 Metaspace       used 90175K, capacity 96384K, committed 96600K, reserved 1132544K
  class space    used 10583K, capacity 12572K, committed 12632K, reserved 1048576K
Event: 19838.594 GC heap after
Heap after GC invocations=703 (full 324):
 PSYoungGen      total 88064K, used 0K [0x00000000f5580000, 0x00000000fad00000, 0x0000000100000000)
  eden space 87552K, 0% used [0x00000000f5580000,0x00000000f5580000,0x00000000fab00000)
  from space 512K, 0% used [0x00000000fab80000,0x00000000fab80000,0x00000000fac00000)
  to   space 1024K, 0% used [0x00000000fac00000,0x00000000fac00000,0x00000000fad00000)
 ParOldGen       total 97280K, used 41624K [0x00000000e0000000, 0x00000000e5f00000, 0x00000000f5580000)
  object space 97280K, 42% used [0x00000000e0000000,0x00000000e28a6308,0x00000000e5f00000)
 Metaspace       used 90175K, capacity 96384K, committed 96600K, reserved 1132544K
  class space    used 10583K, capacity 12572K, committed 12632K, reserved 1048576K
}
Event: 19897.702 GC heap before
{Heap before GC invocations=704 (full 324):
 PSYoungGen      total 88064K, used 2888K [0x00000000f5580000, 0x00000000fad00000, 0x0000000100000000)
  eden space 87552K, 3% used [0x00000000f5580000,0x00000000f5852330,0x00000000fab00000)
  from space 512K, 0% used [0x00000000fab80000,0x00000000fab80000,0x00000000fac00000)
  to   space 1024K, 0% used [0x00000000fac00000,0x00000000fac00000,0x00000000fad00000)
 ParOldGen       total 97280K, used 41624K [0x00000000e0000000, 0x00000000e5f00000, 0x00000000f5580000)
  object space 97280K, 42% used [0x00000000e0000000,0x00000000e28a6308,0x00000000e5f00000)
 Metaspace       used 90175K, capacity 96384K, committed 96600K, reserved 1132544K
  class space    used 10583K, capacity 12572K, committed 12632K, reserved 1048576K
Event: 19897.708 GC heap after
Heap after GC invocations=704 (full 324):
 PSYoungGen      total 88576K, used 192K [0x00000000f5580000, 0x00000000fad00000, 0x0000000100000000)
  eden space 87552K, 0% used [0x00000000f5580000,0x00000000f5580000,0x00000000fab00000)
  from space 1024K, 18% used [0x00000000fac00000,0x00000000fac30000,0x00000000fad00000)
  to   space 1024K, 0% used [0x00000000fab00000,0x00000000fab00000,0x00000000fac00000)
 ParOldGen       total 97280K, used 41624K [0x00000000e0000000, 0x00000000e5f00000, 0x00000000f5580000)
  object space 97280K, 42% used [0x00000000e0000000,0x00000000e28a6308,0x00000000e5f00000)
 Metaspace       used 90175K, capacity 96384K, committed 96600K, reserved 1132544K
  class space    used 10583K, capacity 12572K, committed 12632K, reserved 1048576K
}
Event: 19897.709 GC heap before
{Heap before GC invocations=705 (full 325):
 PSYoungGen      total 88576K, used 192K [0x00000000f5580000, 0x00000000fad00000, 0x0000000100000000)
  eden space 87552K, 0% used [0x00000000f5580000,0x00000000f5580000,0x00000000fab00000)
  from space 1024K, 18% used [0x00000000fac00000,0x00000000fac30000,0x00000000fad00000)
  to   space 1024K, 0% used [0x00000000fab00000,0x00000000fab00000,0x00000000fac00000)
 ParOldGen       total 97280K, used 41624K [0x00000000e0000000, 0x00000000e5f00000, 0x00000000f5580000)
  object space 97280K, 42% used [0x00000000e0000000,0x00000000e28a6308,0x00000000e5f00000)
 Metaspace       used 90175K, capacity 96384K, committed 96600K, reserved 1132544K
  class space    used 10583K, capacity 12572K, committed 12632K, reserved 1048576K
Event: 19897.930 GC heap after
Heap after GC invocations=705 (full 325):
 PSYoungGen      total 88576K, used 0K [0x00000000f5580000, 0x00000000fad00000, 0x0000000100000000)
  eden space 87552K, 0% used [0x00000000f5580000,0x00000000f5580000,0x00000000fab00000)
  from space 1024K, 0% used [0x00000000fac00000,0x00000000fac00000,0x00000000fad00000)
  to   space 1024K, 0% used [0x00000000fab00000,0x00000000fab00000,0x00000000fac00000)
 ParOldGen       total 97280K, used 41498K [0x00000000e0000000, 0x00000000e5f00000, 0x00000000f5580000)
  object space 97280K, 42% used [0x00000000e0000000,0x00000000e2886ba0,0x00000000e5f00000)
 Metaspace       used 90175K, capacity 96384K, committed 96600K, reserved 1132544K
  class space    used 10583K, capacity 12572K, committed 12632K, reserved 1048576K
}
Event: 19957.702 GC heap before
{Heap before GC invocations=706 (full 325):
 PSYoungGen      total 88576K, used 2904K [0x00000000f5580000, 0x00000000fad00000, 0x0000000100000000)
  eden space 87552K, 3% used [0x00000000f5580000,0x00000000f5856380,0x00000000fab00000)
  from space 1024K, 0% used [0x00000000fac00000,0x00000000fac00000,0x00000000fad00000)
  to   space 1024K, 0% used [0x00000000fab00000,0x00000000fab00000,0x00000000fac00000)
 ParOldGen       total 97280K, used 41498K [0x00000000e0000000, 0x00000000e5f00000, 0x00000000f5580000)
  object space 97280K, 42% used [0x00000000e0000000,0x00000000e2886ba0,0x00000000e5f00000)
 Metaspace       used 90175K, capacity 96384K, committed 96600K, reserved 1132544K
  class space    used 10583K, capacity 12572K, committed 12632K, reserved 1048576K
Event: 19957.709 GC heap after
Heap after GC invocations=706 (full 325):
 PSYoungGen      total 88576K, used 192K [0x00000000f5580000, 0x00000000fac80000, 0x0000000100000000)
  eden space 87552K, 0% used [0x00000000f5580000,0x00000000f5580000,0x00000000fab00000)
  from space 1024K, 18% used [0x00000000fab00000,0x00000000fab30000,0x00000000fac00000)
  to   space 512K, 0% used [0x00000000fac00000,0x00000000fac00000,0x00000000fac80000)
 ParOldGen       total 97280K, used 41498K [0x00000000e0000000, 0x00000000e5f00000, 0x00000000f5580000)
  object space 97280K, 42% used [0x00000000e0000000,0x00000000e2886ba0,0x00000000e5f00000)
 Metaspace       used 90175K, capacity 96384K, committed 96600K, reserved 1132544K
  class space    used 10583K, capacity 12572K, committed 12632K, reserved 1048576K
}
Event: 19957.709 GC heap before
{Heap before GC invocations=707 (full 326):
 PSYoungGen      total 88576K, used 192K [0x00000000f5580000, 0x00000000fac80000, 0x0000000100000000)
  eden space 87552K, 0% used [0x00000000f5580000,0x00000000f5580000,0x00000000fab00000)
  from space 1024K, 18% used [0x00000000fab00000,0x00000000fab30000,0x00000000fac00000)
  to   space 512K, 0% used [0x00000000fac00000,0x00000000fac00000,0x00000000fac80000)
 ParOldGen       total 97280K, used 41498K [0x00000000e0000000, 0x00000000e5f00000, 0x00000000f5580000)
  object space 97280K, 42% used [0x00000000e0000000,0x00000000e2886ba0,0x00000000e5f00000)
 Metaspace       used 90175K, capacity 96384K, committed 96600K, reserved 1132544K
  class space    used 10583K, capacity 12572K, committed 12632K, reserved 1048576K
Event: 19957.946 GC heap after
Heap after GC invocations=707 (full 326):
 PSYoungGen      total 88576K, used 0K [0x00000000f5580000, 0x00000000fac80000, 0x0000000100000000)
  eden space 87552K, 0% used [0x00000000f5580000,0x00000000f5580000,0x00000000fab00000)
  from space 1024K, 0% used [0x00000000fab00000,0x00000000fab00000,0x00000000fac00000)
  to   space 512K, 0% used [0x00000000fac00000,0x00000000fac00000,0x00000000fac80000)
 ParOldGen       total 97280K, used 41498K [0x00000000e0000000, 0x00000000e5f00000, 0x00000000f5580000)
  object space 97280K, 42% used [0x00000000e0000000,0x00000000e2886ba0,0x00000000e5f00000)
 Metaspace       used 90175K, capacity 96384K, committed 96600K, reserved 1132544K
  class space    used 10583K, capacity 12572K, committed 12632K, reserved 1048576K
}

