# JRE version: Java(TM) SE Runtime Environment (8.0_25-b18) (build 1.8.0_25-b18)
# Java VM: Java HotSpot(TM) 64-Bit Server VM (25.25-b02 mixed mode windows-amd64 compressed oops)
Heap:
 PSYoungGen      total 109056K, used 29448K [0x00000000f5580000, 0x00000000fc500000, 0x0000000100000000)
  eden space 103936K, 28% used [0x00000000f5580000,0x00000000f7242040,0x00000000fbb00000)
  from space 5120K, 0% used [0x00000000fbb00000,0x00000000fbb00000,0x00000000fc000000)
  to   space 5120K, 0% used [0x00000000fc000000,0x00000000fc000000,0x00000000fc500000)
 ParOldGen       total 85504K, used 39805K [0x00000000e0000000, 0x00000000e5380000, 0x00000000f5580000)
  object space 85504K, 46% used [0x00000000e0000000,0x00000000e26df780,0x00000000e5380000)
 Metaspace       used 90415K, capacity 96402K, committed 96728K, reserved 1132544K
  class space    used 10679K, capacity 12684K, committed 12760K, reserved 1048576K
GC Heap History (10 events):
Event: 3289.472 GC heap before
{Heap before GC invocations=128 (full 47):
 PSYoungGen      total 109568K, used 2188K [0x00000000f5580000, 0x00000000fc600000, 0x0000000100000000)
  eden space 103936K, 0% used [0x00000000f5580000,0x00000000f5580000,0x00000000fbb00000)
  from space 5632K, 38% used [0x00000000fbb00000,0x00000000fbd23350,0x00000000fc080000)
  to   space 5632K, 0% used [0x00000000fc080000,0x00000000fc080000,0x00000000fc600000)
 ParOldGen       total 85504K, used 40369K [0x00000000e0000000, 0x00000000e5380000, 0x00000000f5580000)
  object space 85504K, 47% used [0x00000000e0000000,0x00000000e276c5b8,0x00000000e5380000)
 Metaspace       used 89748K, capacity 95730K, committed 96216K, reserved 1132544K
  class space    used 10606K, capacity 12652K, committed 12760K, reserved 1048576K
Event: 3289.725 GC heap after
Heap after GC invocations=128 (full 47):
 PSYoungGen      total 109568K, used 0K [0x00000000f5580000, 0x00000000fc600000, 0x0000000100000000)
  eden space 103936K, 0% used [0x00000000f5580000,0x00000000f5580000,0x00000000fbb00000)
  from space 5632K, 0% used [0x00000000fbb00000,0x00000000fbb00000,0x00000000fc080000)
  to   space 5632K, 0% used [0x00000000fc080000,0x00000000fc080000,0x00000000fc600000)
 ParOldGen       total 85504K, used 40067K [0x00000000e0000000, 0x00000000e5380000, 0x00000000f5580000)
  object space 85504K, 46% used [0x00000000e0000000,0x00000000e2720eb8,0x00000000e5380000)
 Metaspace       used 89748K, capacity 95730K, committed 96216K, reserved 1132544K
  class space    used 10606K, capacity 12652K, committed 12760K, reserved 1048576K
}
Event: 3349.462 GC heap before
{Heap before GC invocations=129 (full 47):
 PSYoungGen      total 109568K, used 7421K [0x00000000f5580000, 0x00000000fc600000, 0x0000000100000000)
  eden space 103936K, 7% used [0x00000000f5580000,0x00000000f5cbf6e0,0x00000000fbb00000)
  from space 5632K, 0% used [0x00000000fbb00000,0x00000000fbb00000,0x00000000fc080000)
  to   space 5632K, 0% used [0x00000000fc080000,0x00000000fc080000,0x00000000fc600000)
 ParOldGen       total 85504K, used 40067K [0x00000000e0000000, 0x00000000e5380000, 0x00000000f5580000)
  object space 85504K, 46% used [0x00000000e0000000,0x00000000e2720eb8,0x00000000e5380000)
 Metaspace       used 89750K, capacity 95730K, committed 96216K, reserved 1132544K
  class space    used 10606K, capacity 12652K, committed 12760K, reserved 1048576K
Event: 3349.520 GC heap after
Heap after GC invocations=129 (full 47):
 PSYoungGen      total 108544K, used 800K [0x00000000f5580000, 0x00000000fc500000, 0x0000000100000000)
  eden space 103936K, 0% used [0x00000000f5580000,0x00000000f5580000,0x00000000fbb00000)
  from space 4608K, 17% used [0x00000000fc080000,0x00000000fc148000,0x00000000fc500000)
  to   space 5120K, 0% used [0x00000000fbb00000,0x00000000fbb00000,0x00000000fc000000)
 ParOldGen       total 85504K, used 40075K [0x00000000e0000000, 0x00000000e5380000, 0x00000000f5580000)
  object space 85504K, 46% used [0x00000000e0000000,0x00000000e2722eb8,0x00000000e5380000)
 Metaspace       used 89750K, capacity 95730K, committed 96216K, reserved 1132544K
  class space    used 10606K, capacity 12652K, committed 12760K, reserved 1048576K
}
Event: 3349.520 GC heap before
{Heap before GC invocations=130 (full 48):
 PSYoungGen      total 108544K, used 800K [0x00000000f5580000, 0x00000000fc500000, 0x0000000100000000)
  eden space 103936K, 0% used [0x00000000f5580000,0x00000000f5580000,0x00000000fbb00000)
  from space 4608K, 17% used [0x00000000fc080000,0x00000000fc148000,0x00000000fc500000)
  to   space 5120K, 0% used [0x00000000fbb00000,0x00000000fbb00000,0x00000000fc000000)
 ParOldGen       total 85504K, used 40075K [0x00000000e0000000, 0x00000000e5380000, 0x00000000f5580000)
  object space 85504K, 46% used [0x00000000e0000000,0x00000000e2722eb8,0x00000000e5380000)
 Metaspace       used 89750K, capacity 95730K, committed 96216K, reserved 1132544K
  class space    used 10606K, capacity 12652K, committed 12760K, reserved 1048576K
Event: 3350.004 GC heap after
Heap after GC invocations=130 (full 48):
 PSYoungGen      total 108544K, used 0K [0x00000000f5580000, 0x00000000fc500000, 0x0000000100000000)
  eden space 103936K, 0% used [0x00000000f5580000,0x00000000f5580000,0x00000000fbb00000)
  from space 4608K, 0% used [0x00000000fc080000,0x00000000fc080000,0x00000000fc500000)
  to   space 5120K, 0% used [0x00000000fbb00000,0x00000000fbb00000,0x00000000fc000000)
 ParOldGen       total 85504K, used 39945K [0x00000000e0000000, 0x00000000e5380000, 0x00000000f5580000)
  object space 85504K, 46% used [0x00000000e0000000,0x00000000e2702498,0x00000000e5380000)
 Metaspace       used 89750K, capacity 95730K, committed 96216K, reserved 1132544K
  class space    used 10606K, capacity 12652K, committed 12760K, reserved 1048576K
}
Event: 3409.482 GC heap before
{Heap before GC invocations=131 (full 48):
 PSYoungGen      total 108544K, used 2848K [0x00000000f5580000, 0x00000000fc500000, 0x0000000100000000)
  eden space 103936K, 2% used [0x00000000f5580000,0x00000000f58480f8,0x00000000fbb00000)
  from space 4608K, 0% used [0x00000000fc080000,0x00000000fc080000,0x00000000fc500000)
  to   space 5120K, 0% used [0x00000000fbb00000,0x00000000fbb00000,0x00000000fc000000)
 ParOldGen       total 85504K, used 39945K [0x00000000e0000000, 0x00000000e5380000, 0x00000000f5580000)
  object space 85504K, 46% used [0x00000000e0000000,0x00000000e2702498,0x00000000e5380000)
 Metaspace       used 89750K, capacity 95730K, committed 96216K, reserved 1132544K
  class space    used 10606K, capacity 12652K, committed 12760K, reserved 1048576K
Event: 3409.562 GC heap after
Heap after GC invocations=131 (full 48):
 PSYoungGen      total 109056K, used 192K [0x00000000f5580000, 0x00000000fc500000, 0x0000000100000000)
  eden space 103936K, 0% used [0x00000000f5580000,0x00000000f5580000,0x00000000fbb00000)
  from space 5120K, 3% used [0x00000000fbb00000,0x00000000fbb30000,0x00000000fc000000)
  to   space 5120K, 0% used [0x00000000fc000000,0x00000000fc000000,0x00000000fc500000)
 ParOldGen       total 85504K, used 39945K [0x00000000e0000000, 0x00000000e5380000, 0x00000000f5580000)
  object space 85504K, 46% used [0x00000000e0000000,0x00000000e2702498,0x00000000e5380000)
 Metaspace       used 89750K, capacity 95730K, committed 96216K, reserved 1132544K
  class space    used 10606K, capacity 12652K, committed 12760K, reserved 1048576K
}
Event: 3409.562 GC heap before
{Heap before GC invocations=132 (full 49):
 PSYoungGen      total 109056K, used 192K [0x00000000f5580000, 0x00000000fc500000, 0x0000000100000000)
  eden space 103936K, 0% used [0x00000000f5580000,0x00000000f5580000,0x00000000fbb00000)
  from space 5120K, 3% used [0x00000000fbb00000,0x00000000fbb30000,0x00000000fc000000)
  to   space 5120K, 0% used [0x00000000fc000000,0x00000000fc000000,0x00000000fc500000)
 ParOldGen       total 85504K, used 39945K [0x00000000e0000000, 0x00000000e5380000, 0x00000000f5580000)
  object space 85504K, 46% used [0x00000000e0000000,0x00000000e2702498,0x00000000e5380000)
 Metaspace       used 89750K, capacity 95730K, committed 96216K, reserved 1132544K
  class space    used 10606K, capacity 12652K, committed 12760K, reserved 1048576K
Event: 3410.575 GC heap after
Heap after GC invocations=132 (full 49):
 PSYoungGen      total 109056K, used 0K [0x00000000f5580000, 0x00000000fc500000, 0x0000000100000000)
  eden space 103936K, 0% used [0x00000000f5580000,0x00000000f5580000,0x00000000fbb00000)
  from space 5120K, 0% used [0x00000000fbb00000,0x00000000fbb00000,0x00000000fc000000)
  to   space 5120K, 0% used [0x00000000fc000000,0x00000000fc000000,0x00000000fc500000)
 ParOldGen       total 85504K, used 39805K [0x00000000e0000000, 0x00000000e5380000, 0x00000000f5580000)
  object space 85504K, 46% used [0x00000000e0000000,0x00000000e26df780,0x00000000e5380000)
 Metaspace       used 89750K, capacity 95730K, committed 96216K, reserved 1132544K
  class space    used 10606K, capacity 12652K, committed 12760K, reserved 1048576K
}

