# JRE version: Java(TM) SE Runtime Environment (8.0_25-b18) (build 1.8.0_25-b18)
# Java VM: Java HotSpot(TM) 64-Bit Server VM (25.25-b02 mixed mode windows-amd64 compressed oops)
Heap:
 PSYoungGen      total 96256K, used 44305K [0x00000000f5580000, 0x00000000fc200000, 0x0000000100000000)
  eden space 82432K, 53% used [0x00000000f5580000,0x00000000f80c4530,0x00000000fa600000)
  from space 13824K, 0% used [0x00000000fb480000,0x00000000fb480000,0x00000000fc200000)
  to   space 14336K, 0% used [0x00000000fa600000,0x00000000fa600000,0x00000000fb400000)
 ParOldGen       total 90624K, used 39760K [0x00000000e0000000, 0x00000000e5880000, 0x00000000f5580000)
  object space 90624K, 43% used [0x00000000e0000000,0x00000000e26d4030,0x00000000e5880000)
 Metaspace       used 79309K, capacity 84860K, committed 85140K, reserved 1122304K
  class space    used 9567K, capacity 11313K, committed 11412K, reserved 1048576K
GC Heap History (10 events):
Event: 510.663 GC heap before
{Heap before GC invocations=33 (full 10):
 PSYoungGen      total 90624K, used 74748K [0x00000000f5580000, 0x00000000fbe80000, 0x0000000100000000)
  eden space 74752K, 99% used [0x00000000f5580000,0x00000000f9e7f0b8,0x00000000f9e80000)
  from space 15872K, 0% used [0x00000000faf00000,0x00000000faf00000,0x00000000fbe80000)
  to   space 16384K, 0% used [0x00000000f9e80000,0x00000000f9e80000,0x00000000fae80000)
 ParOldGen       total 90624K, used 44297K [0x00000000e0000000, 0x00000000e5880000, 0x00000000f5580000)
  object space 90624K, 48% used [0x00000000e0000000,0x00000000e2b427e8,0x00000000e5880000)
 Metaspace       used 77289K, capacity 83264K, committed 83476K, reserved 1122304K
  class space    used 9434K, capacity 11184K, committed 11284K, reserved 1048576K
Event: 510.668 GC heap after
Heap after GC invocations=33 (full 10):
 PSYoungGen      total 91136K, used 1227K [0x00000000f5580000, 0x00000000fc580000, 0x0000000100000000)
  eden space 74752K, 0% used [0x00000000f5580000,0x00000000f5580000,0x00000000f9e80000)
  from space 16384K, 7% used [0x00000000f9e80000,0x00000000f9fb2f40,0x00000000fae80000)
  to   space 16384K, 0% used [0x00000000fb580000,0x00000000fb580000,0x00000000fc580000)
 ParOldGen       total 90624K, used 44305K [0x00000000e0000000, 0x00000000e5880000, 0x00000000f5580000)
  object space 90624K, 48% used [0x00000000e0000000,0x00000000e2b447e8,0x00000000e5880000)
 Metaspace       used 77289K, capacity 83264K, committed 83476K, reserved 1122304K
  class space    used 9434K, capacity 11184K, committed 11284K, reserved 1048576K
}
Event: 526.373 GC heap before
{Heap before GC invocations=34 (full 10):
 PSYoungGen      total 91136K, used 75979K [0x00000000f5580000, 0x00000000fc580000, 0x0000000100000000)
  eden space 74752K, 100% used [0x00000000f5580000,0x00000000f9e80000,0x00000000f9e80000)
  from space 16384K, 7% used [0x00000000f9e80000,0x00000000f9fb2f40,0x00000000fae80000)
  to   space 16384K, 0% used [0x00000000fb580000,0x00000000fb580000,0x00000000fc580000)
 ParOldGen       total 90624K, used 44305K [0x00000000e0000000, 0x00000000e5880000, 0x00000000f5580000)
  object space 90624K, 48% used [0x00000000e0000000,0x00000000e2b447e8,0x00000000e5880000)
 Metaspace       used 77919K, capacity 83686K, committed 83988K, reserved 1122304K
  class space    used 9468K, capacity 11217K, committed 11284K, reserved 1048576K
Event: 526.379 GC heap after
Heap after GC invocations=34 (full 10):
 PSYoungGen      total 91136K, used 1943K [0x00000000f5580000, 0x00000000fc180000, 0x0000000100000000)
  eden space 78848K, 0% used [0x00000000f5580000,0x00000000f5580000,0x00000000fa280000)
  from space 12288K, 15% used [0x00000000fb580000,0x00000000fb765c80,0x00000000fc180000)
  to   space 15872K, 0% used [0x00000000fa280000,0x00000000fa280000,0x00000000fb200000)
 ParOldGen       total 90624K, used 44313K [0x00000000e0000000, 0x00000000e5880000, 0x00000000f5580000)
  object space 90624K, 48% used [0x00000000e0000000,0x00000000e2b467e8,0x00000000e5880000)
 Metaspace       used 77919K, capacity 83686K, committed 83988K, reserved 1122304K
  class space    used 9468K, capacity 11217K, committed 11284K, reserved 1048576K
}
Event: 537.662 GC heap before
{Heap before GC invocations=35 (full 10):
 PSYoungGen      total 91136K, used 80791K [0x00000000f5580000, 0x00000000fc180000, 0x0000000100000000)
  eden space 78848K, 100% used [0x00000000f5580000,0x00000000fa280000,0x00000000fa280000)
  from space 12288K, 15% used [0x00000000fb580000,0x00000000fb765c80,0x00000000fc180000)
  to   space 15872K, 0% used [0x00000000fa280000,0x00000000fa280000,0x00000000fb200000)
 ParOldGen       total 90624K, used 44313K [0x00000000e0000000, 0x00000000e5880000, 0x00000000f5580000)
  object space 90624K, 48% used [0x00000000e0000000,0x00000000e2b467e8,0x00000000e5880000)
 Metaspace       used 78295K, capacity 84134K, committed 84500K, reserved 1122304K
  class space    used 9481K, capacity 11217K, committed 11284K, reserved 1048576K
Event: 537.670 GC heap after
Heap after GC invocations=35 (full 10):
 PSYoungGen      total 94720K, used 2455K [0x00000000f5580000, 0x00000000fc300000, 0x0000000100000000)
  eden space 78848K, 0% used [0x00000000f5580000,0x00000000f5580000,0x00000000fa280000)
  from space 15872K, 15% used [0x00000000fa280000,0x00000000fa4e5c80,0x00000000fb200000)
  to   space 14848K, 0% used [0x00000000fb480000,0x00000000fb480000,0x00000000fc300000)
 ParOldGen       total 90624K, used 44321K [0x00000000e0000000, 0x00000000e5880000, 0x00000000f5580000)
  object space 90624K, 48% used [0x00000000e0000000,0x00000000e2b487e8,0x00000000e5880000)
 Metaspace       used 78295K, capacity 84134K, committed 84500K, reserved 1122304K
  class space    used 9481K, capacity 11217K, committed 11284K, reserved 1048576K
}
Event: 548.639 GC heap before
{Heap before GC invocations=36 (full 10):
 PSYoungGen      total 94720K, used 67143K [0x00000000f5580000, 0x00000000fc300000, 0x0000000100000000)
  eden space 78848K, 82% used [0x00000000f5580000,0x00000000f94ac010,0x00000000fa280000)
  from space 15872K, 15% used [0x00000000fa280000,0x00000000fa4e5c80,0x00000000fb200000)
  to   space 14848K, 0% used [0x00000000fb480000,0x00000000fb480000,0x00000000fc300000)
 ParOldGen       total 90624K, used 44321K [0x00000000e0000000, 0x00000000e5880000, 0x00000000f5580000)
  object space 90624K, 48% used [0x00000000e0000000,0x00000000e2b487e8,0x00000000e5880000)
 Metaspace       used 78485K, capacity 84326K, committed 84500K, reserved 1122304K
  class space    used 9482K, capacity 11217K, committed 11284K, reserved 1048576K
Event: 548.653 GC heap after
Heap after GC invocations=36 (full 10):
 PSYoungGen      total 96256K, used 2871K [0x00000000f5580000, 0x00000000fc200000, 0x0000000100000000)
  eden space 82432K, 0% used [0x00000000f5580000,0x00000000f5580000,0x00000000fa600000)
  from space 13824K, 20% used [0x00000000fb480000,0x00000000fb74dc90,0x00000000fc200000)
  to   space 14336K, 0% used [0x00000000fa600000,0x00000000fa600000,0x00000000fb400000)
 ParOldGen       total 90624K, used 44329K [0x00000000e0000000, 0x00000000e5880000, 0x00000000f5580000)
  object space 90624K, 48% used [0x00000000e0000000,0x00000000e2b4a7e8,0x00000000e5880000)
 Metaspace       used 78485K, capacity 84326K, committed 84500K, reserved 1122304K
  class space    used 9482K, capacity 11217K, committed 11284K, reserved 1048576K
}
Event: 548.653 GC heap before
{Heap before GC invocations=37 (full 11):
 PSYoungGen      total 96256K, used 2871K [0x00000000f5580000, 0x00000000fc200000, 0x0000000100000000)
  eden space 82432K, 0% used [0x00000000f5580000,0x00000000f5580000,0x00000000fa600000)
  from space 13824K, 20% used [0x00000000fb480000,0x00000000fb74dc90,0x00000000fc200000)
  to   space 14336K, 0% used [0x00000000fa600000,0x00000000fa600000,0x00000000fb400000)
 ParOldGen       total 90624K, used 44329K [0x00000000e0000000, 0x00000000e5880000, 0x00000000f5580000)
  object space 90624K, 48% used [0x00000000e0000000,0x00000000e2b4a7e8,0x00000000e5880000)
 Metaspace       used 78485K, capacity 84326K, committed 84500K, reserved 1122304K
  class space    used 9482K, capacity 11217K, committed 11284K, reserved 1048576K
Event: 549.067 GC heap after
Heap after GC invocations=37 (full 11):
 PSYoungGen      total 96256K, used 0K [0x00000000f5580000, 0x00000000fc200000, 0x0000000100000000)
  eden space 82432K, 0% used [0x00000000f5580000,0x00000000f5580000,0x00000000fa600000)
  from space 13824K, 0% used [0x00000000fb480000,0x00000000fb480000,0x00000000fc200000)
  to   space 14336K, 0% used [0x00000000fa600000,0x00000000fa600000,0x00000000fb400000)
 ParOldGen       total 90624K, used 39760K [0x00000000e0000000, 0x00000000e5880000, 0x00000000f5580000)
  object space 90624K, 43% used [0x00000000e0000000,0x00000000e26d4030,0x00000000e5880000)
 Metaspace       used 78476K, capacity 84308K, committed 84500K, reserved 1122304K
  class space    used 9481K, capacity 11214K, committed 11284K, reserved 1048576K
}

