# JRE version: Java(TM) SE Runtime Environment (8.0_25-b18) (build 1.8.0_25-b18)
# Java VM: Java HotSpot(TM) 64-Bit Server VM (25.25-b02 mixed mode windows-amd64 compressed oops)
Heap:
 PSYoungGen      total 76288K, used 17768K [0x00000000f5580000, 0x00000000fb700000, 0x0000000100000000)
  eden space 68096K, 14% used [0x00000000f5580000,0x00000000f5f106e0,0x00000000f9800000)
  from space 8192K, 97% used [0x00000000f9a00000,0x00000000fa1c9920,0x00000000fa200000)
  to   space 15872K, 0% used [0x00000000fa780000,0x00000000fa780000,0x00000000fb700000)
 ParOldGen       total 87040K, used 41054K [0x00000000e0000000, 0x00000000e5500000, 0x00000000f5580000)
  object space 87040K, 47% used [0x00000000e0000000,0x00000000e28178c8,0x00000000e5500000)
 Metaspace       used 90333K, capacity 96456K, committed 96600K, reserved 1132544K
  class space    used 11018K, capacity 13075K, committed 13144K, reserved 1048576K
GC Heap History (10 events):
Event: 2730.583 GC heap before
{Heap before GC invocations=58 (full 17):
 PSYoungGen      total 90624K, used 90595K [0x00000000f5580000, 0x00000000fbe00000, 0x0000000100000000)
  eden space 78336K, 100% used [0x00000000f5580000,0x00000000fa200000,0x00000000fa200000)
  from space 12288K, 99% used [0x00000000fb000000,0x00000000fbbf8ec8,0x00000000fbc00000)
  to   space 14336K, 0% used [0x00000000fa200000,0x00000000fa200000,0x00000000fb000000)
 ParOldGen       total 87040K, used 41014K [0x00000000e0000000, 0x00000000e5500000, 0x00000000f5580000)
  object space 87040K, 47% used [0x00000000e0000000,0x00000000e280d8c8,0x00000000e5500000)
 Metaspace       used 89265K, capacity 95498K, committed 95704K, reserved 1132544K
  class space    used 10940K, capacity 12910K, committed 13016K, reserved 1048576K
Event: 2730.599 GC heap after
Heap after GC invocations=58 (full 17):
 PSYoungGen      total 87552K, used 11081K [0x00000000f5580000, 0x00000000fbe00000, 0x0000000100000000)
  eden space 76288K, 0% used [0x00000000f5580000,0x00000000f5580000,0x00000000fa000000)
  from space 11264K, 98% used [0x00000000fa200000,0x00000000facd26f8,0x00000000fad00000)
  to   space 15360K, 0% used [0x00000000faf00000,0x00000000faf00000,0x00000000fbe00000)
 ParOldGen       total 87040K, used 41022K [0x00000000e0000000, 0x00000000e5500000, 0x00000000f5580000)
  object space 87040K, 47% used [0x00000000e0000000,0x00000000e280f8c8,0x00000000e5500000)
 Metaspace       used 89265K, capacity 95498K, committed 95704K, reserved 1132544K
  class space    used 10940K, capacity 12910K, committed 13016K, reserved 1048576K
}
Event: 2748.670 GC heap before
{Heap before GC invocations=59 (full 17):
 PSYoungGen      total 87552K, used 87369K [0x00000000f5580000, 0x00000000fbe00000, 0x0000000100000000)
  eden space 76288K, 100% used [0x00000000f5580000,0x00000000fa000000,0x00000000fa000000)
  from space 11264K, 98% used [0x00000000fa200000,0x00000000facd26f8,0x00000000fad00000)
  to   space 15360K, 0% used [0x00000000faf00000,0x00000000faf00000,0x00000000fbe00000)
 ParOldGen       total 87040K, used 41022K [0x00000000e0000000, 0x00000000e5500000, 0x00000000f5580000)
  object space 87040K, 47% used [0x00000000e0000000,0x00000000e280f8c8,0x00000000e5500000)
 Metaspace       used 89462K, capacity 95792K, committed 95960K, reserved 1132544K
  class space    used 10951K, capacity 12943K, committed 13016K, reserved 1048576K
Event: 2748.685 GC heap after
Heap after GC invocations=59 (full 17):
 PSYoungGen      total 89600K, used 10540K [0x00000000f5580000, 0x00000000fbe00000, 0x0000000100000000)
  eden space 74240K, 0% used [0x00000000f5580000,0x00000000f5580000,0x00000000f9e00000)
  from space 15360K, 68% used [0x00000000faf00000,0x00000000fb94b080,0x00000000fbe00000)
  to   space 16384K, 0% used [0x00000000f9e00000,0x00000000f9e00000,0x00000000fae00000)
 ParOldGen       total 87040K, used 41030K [0x00000000e0000000, 0x00000000e5500000, 0x00000000f5580000)
  object space 87040K, 47% used [0x00000000e0000000,0x00000000e28118c8,0x00000000e5500000)
 Metaspace       used 89462K, capacity 95792K, committed 95960K, reserved 1132544K
  class space    used 10951K, capacity 12943K, committed 13016K, reserved 1048576K
}
Event: 2829.686 GC heap before
{Heap before GC invocations=60 (full 17):
 PSYoungGen      total 89600K, used 84780K [0x00000000f5580000, 0x00000000fbe00000, 0x0000000100000000)
  eden space 74240K, 100% used [0x00000000f5580000,0x00000000f9e00000,0x00000000f9e00000)
  from space 15360K, 68% used [0x00000000faf00000,0x00000000fb94b080,0x00000000fbe00000)
  to   space 16384K, 0% used [0x00000000f9e00000,0x00000000f9e00000,0x00000000fae00000)
 ParOldGen       total 87040K, used 41030K [0x00000000e0000000, 0x00000000e5500000, 0x00000000f5580000)
  object space 87040K, 47% used [0x00000000e0000000,0x00000000e28118c8,0x00000000e5500000)
 Metaspace       used 89590K, capacity 95798K, committed 95960K, reserved 1132544K
  class space    used 10952K, capacity 12944K, committed 13016K, reserved 1048576K
Event: 2829.702 GC heap after
Heap after GC invocations=60 (full 17):
 PSYoungGen      total 82944K, used 10465K [0x00000000f5580000, 0x00000000fbc00000, 0x0000000100000000)
  eden space 72192K, 0% used [0x00000000f5580000,0x00000000f5580000,0x00000000f9c00000)
  from space 10752K, 97% used [0x00000000f9e00000,0x00000000fa8385e8,0x00000000fa880000)
  to   space 16384K, 0% used [0x00000000fac00000,0x00000000fac00000,0x00000000fbc00000)
 ParOldGen       total 87040K, used 41038K [0x00000000e0000000, 0x00000000e5500000, 0x00000000f5580000)
  object space 87040K, 47% used [0x00000000e0000000,0x00000000e28138c8,0x00000000e5500000)
 Metaspace       used 89590K, capacity 95798K, committed 95960K, reserved 1132544K
  class space    used 10952K, capacity 12944K, committed 13016K, reserved 1048576K
}
Event: 2894.559 GC heap before
{Heap before GC invocations=61 (full 17):
 PSYoungGen      total 82944K, used 82657K [0x00000000f5580000, 0x00000000fbc00000, 0x0000000100000000)
  eden space 72192K, 100% used [0x00000000f5580000,0x00000000f9c00000,0x00000000f9c00000)
  from space 10752K, 97% used [0x00000000f9e00000,0x00000000fa8385e8,0x00000000fa880000)
  to   space 16384K, 0% used [0x00000000fac00000,0x00000000fac00000,0x00000000fbc00000)
 ParOldGen       total 87040K, used 41038K [0x00000000e0000000, 0x00000000e5500000, 0x00000000f5580000)
  object space 87040K, 47% used [0x00000000e0000000,0x00000000e28138c8,0x00000000e5500000)
 Metaspace       used 89687K, capacity 95926K, committed 96216K, reserved 1132544K
  class space    used 10952K, capacity 12944K, committed 13016K, reserved 1048576K
Event: 2894.576 GC heap after
Heap after GC invocations=61 (full 17):
 PSYoungGen      total 85504K, used 10104K [0x00000000f5580000, 0x00000000fbb00000, 0x0000000100000000)
  eden space 70144K, 0% used [0x00000000f5580000,0x00000000f5580000,0x00000000f9a00000)
  from space 15360K, 65% used [0x00000000fac00000,0x00000000fb5de178,0x00000000fbb00000)
  to   space 16896K, 0% used [0x00000000f9a00000,0x00000000f9a00000,0x00000000faa80000)
 ParOldGen       total 87040K, used 41046K [0x00000000e0000000, 0x00000000e5500000, 0x00000000f5580000)
  object space 87040K, 47% used [0x00000000e0000000,0x00000000e28158c8,0x00000000e5500000)
 Metaspace       used 89687K, capacity 95926K, committed 96216K, reserved 1132544K
  class space    used 10952K, capacity 12944K, committed 13016K, reserved 1048576K
}
Event: 3030.819 GC heap before
{Heap before GC invocations=62 (full 17):
 PSYoungGen      total 85504K, used 80248K [0x00000000f5580000, 0x00000000fbb00000, 0x0000000100000000)
  eden space 70144K, 100% used [0x00000000f5580000,0x00000000f9a00000,0x00000000f9a00000)
  from space 15360K, 65% used [0x00000000fac00000,0x00000000fb5de178,0x00000000fbb00000)
  to   space 16896K, 0% used [0x00000000f9a00000,0x00000000f9a00000,0x00000000faa80000)
 ParOldGen       total 87040K, used 41046K [0x00000000e0000000, 0x00000000e5500000, 0x00000000f5580000)
  object space 87040K, 47% used [0x00000000e0000000,0x00000000e28158c8,0x00000000e5500000)
 Metaspace       used 89951K, capacity 96194K, committed 96472K, reserved 1132544K
  class space    used 10980K, capacity 13010K, committed 13016K, reserved 1048576K
Event: 3030.842 GC heap after
Heap after GC invocations=62 (full 17):
 PSYoungGen      total 76288K, used 7974K [0x00000000f5580000, 0x00000000fb700000, 0x0000000100000000)
  eden space 68096K, 0% used [0x00000000f5580000,0x00000000f5580000,0x00000000f9800000)
  from space 8192K, 97% used [0x00000000f9a00000,0x00000000fa1c9920,0x00000000fa200000)
  to   space 15872K, 0% used [0x00000000fa780000,0x00000000fa780000,0x00000000fb700000)
 ParOldGen       total 87040K, used 41054K [0x00000000e0000000, 0x00000000e5500000, 0x00000000f5580000)
  object space 87040K, 47% used [0x00000000e0000000,0x00000000e28178c8,0x00000000e5500000)
 Metaspace       used 89951K, capacity 96194K, committed 96472K, reserved 1132544K
  class space    used 10980K, capacity 13010K, committed 13016K, reserved 1048576K
}

