# JRE version: Java(TM) SE Runtime Environment (8.0_25-b18) (build 1.8.0_25-b18)
# Java VM: Java HotSpot(TM) 64-Bit Server VM (25.25-b02 mixed mode windows-amd64 compressed oops)
Heap:
 PSYoungGen      total 126976K, used 116647K [0x00000000f5580000, 0x00000000fe280000, 0x0000000100000000)
  eden space 117760K, 91% used [0x00000000f5580000,0x00000000fbe6b5b0,0x00000000fc880000)
  from space 9216K, 99% used [0x00000000fd980000,0x00000000fe27e9b0,0x00000000fe280000)
  to   space 12288K, 0% used [0x00000000fca80000,0x00000000fca80000,0x00000000fd680000)
 ParOldGen       total 80384K, used 47937K [0x00000000e0000000, 0x00000000e4e80000, 0x00000000f5580000)
  object space 80384K, 59% used [0x00000000e0000000,0x00000000e2ed07a0,0x00000000e4e80000)
 Metaspace       used 94911K, capacity 101164K, committed 101396K, reserved 1136640K
  class space    used 11543K, capacity 13575K, committed 13588K, reserved 1048576K
GC Heap History (10 events):
Event: 2263.266 GC heap before
{Heap before GC invocations=98 (full 40):
 PSYoungGen      total 123392K, used 224K [0x00000000f5580000, 0x00000000fd500000, 0x0000000100000000)
  eden space 117248K, 0% used [0x00000000f5580000,0x00000000f5580000,0x00000000fc800000)
  from space 6144K, 3% used [0x00000000fcf00000,0x00000000fcf38000,0x00000000fd500000)
  to   space 6656K, 0% used [0x00000000fc800000,0x00000000fc800000,0x00000000fce80000)
 ParOldGen       total 80384K, used 44505K [0x00000000e0000000, 0x00000000e4e80000, 0x00000000f5580000)
  object space 80384K, 55% used [0x00000000e0000000,0x00000000e2b767c0,0x00000000e4e80000)
 Metaspace       used 87592K, capacity 93582K, committed 93844K, reserved 1130496K
  class space    used 10500K, capacity 12360K, committed 12436K, reserved 1048576K
Event: 2263.498 GC heap after
Heap after GC invocations=98 (full 40):
 PSYoungGen      total 123392K, used 0K [0x00000000f5580000, 0x00000000fd500000, 0x0000000100000000)
  eden space 117248K, 0% used [0x00000000f5580000,0x00000000f5580000,0x00000000fc800000)
  from space 6144K, 0% used [0x00000000fcf00000,0x00000000fcf00000,0x00000000fd500000)
  to   space 6656K, 0% used [0x00000000fc800000,0x00000000fc800000,0x00000000fce80000)
 ParOldGen       total 80384K, used 44391K [0x00000000e0000000, 0x00000000e4e80000, 0x00000000f5580000)
  object space 80384K, 55% used [0x00000000e0000000,0x00000000e2b59ed8,0x00000000e4e80000)
 Metaspace       used 87592K, capacity 93582K, committed 93844K, reserved 1130496K
  class space    used 10500K, capacity 12360K, committed 12436K, reserved 1048576K
}
Event: 2296.067 GC heap before
{Heap before GC invocations=99 (full 40):
 PSYoungGen      total 123392K, used 117248K [0x00000000f5580000, 0x00000000fd500000, 0x0000000100000000)
  eden space 117248K, 100% used [0x00000000f5580000,0x00000000fc800000,0x00000000fc800000)
  from space 6144K, 0% used [0x00000000fcf00000,0x00000000fcf00000,0x00000000fd500000)
  to   space 6656K, 0% used [0x00000000fc800000,0x00000000fc800000,0x00000000fce80000)
 ParOldGen       total 80384K, used 44391K [0x00000000e0000000, 0x00000000e4e80000, 0x00000000f5580000)
  object space 80384K, 55% used [0x00000000e0000000,0x00000000e2b59ed8,0x00000000e4e80000)
 Metaspace       used 87918K, capacity 93952K, committed 94100K, reserved 1130496K
  class space    used 10522K, capacity 12395K, committed 12436K, reserved 1048576K
Event: 2296.076 GC heap after
Heap after GC invocations=99 (full 40):
 PSYoungGen      total 123904K, used 3699K [0x00000000f5580000, 0x00000000fdc00000, 0x0000000100000000)
  eden space 117248K, 0% used [0x00000000f5580000,0x00000000f5580000,0x00000000fc800000)
  from space 6656K, 55% used [0x00000000fc800000,0x00000000fcb9cf58,0x00000000fce80000)
  to   space 7168K, 0% used [0x00000000fd500000,0x00000000fd500000,0x00000000fdc00000)
 ParOldGen       total 80384K, used 44399K [0x00000000e0000000, 0x00000000e4e80000, 0x00000000f5580000)
  object space 80384K, 55% used [0x00000000e0000000,0x00000000e2b5bed8,0x00000000e4e80000)
 Metaspace       used 87918K, capacity 93952K, committed 94100K, reserved 1130496K
  class space    used 10522K, capacity 12395K, committed 12436K, reserved 1048576K
}
Event: 2439.285 GC heap before
{Heap before GC invocations=100 (full 40):
 PSYoungGen      total 123904K, used 120947K [0x00000000f5580000, 0x00000000fdc00000, 0x0000000100000000)
  eden space 117248K, 100% used [0x00000000f5580000,0x00000000fc800000,0x00000000fc800000)
  from space 6656K, 55% used [0x00000000fc800000,0x00000000fcb9cf58,0x00000000fce80000)
  to   space 7168K, 0% used [0x00000000fd500000,0x00000000fd500000,0x00000000fdc00000)
 ParOldGen       total 80384K, used 44399K [0x00000000e0000000, 0x00000000e4e80000, 0x00000000f5580000)
  object space 80384K, 55% used [0x00000000e0000000,0x00000000e2b5bed8,0x00000000e4e80000)
 Metaspace       used 89010K, capacity 95208K, committed 95380K, reserved 1132544K
  class space    used 10644K, capacity 12599K, committed 12692K, reserved 1048576K
Event: 2439.297 GC heap after
Heap after GC invocations=100 (full 40):
 PSYoungGen      total 129024K, used 6617K [0x00000000f5580000, 0x00000000fdd80000, 0x0000000100000000)
  eden space 121856K, 0% used [0x00000000f5580000,0x00000000f5580000,0x00000000fcc80000)
  from space 7168K, 92% used [0x00000000fd500000,0x00000000fdb76630,0x00000000fdc00000)
  to   space 8704K, 0% used [0x00000000fcc80000,0x00000000fcc80000,0x00000000fd500000)
 ParOldGen       total 80384K, used 44407K [0x00000000e0000000, 0x00000000e4e80000, 0x00000000f5580000)
  object space 80384K, 55% used [0x00000000e0000000,0x00000000e2b5ded8,0x00000000e4e80000)
 Metaspace       used 89010K, capacity 95208K, committed 95380K, reserved 1132544K
  class space    used 10644K, capacity 12599K, committed 12692K, reserved 1048576K
}
Event: 2461.627 GC heap before
{Heap before GC invocations=101 (full 40):
 PSYoungGen      total 129024K, used 128473K [0x00000000f5580000, 0x00000000fdd80000, 0x0000000100000000)
  eden space 121856K, 100% used [0x00000000f5580000,0x00000000fcc80000,0x00000000fcc80000)
  from space 7168K, 92% used [0x00000000fd500000,0x00000000fdb76630,0x00000000fdc00000)
  to   space 8704K, 0% used [0x00000000fcc80000,0x00000000fcc80000,0x00000000fd500000)
 ParOldGen       total 80384K, used 44407K [0x00000000e0000000, 0x00000000e4e80000, 0x00000000f5580000)
  object space 80384K, 55% used [0x00000000e0000000,0x00000000e2b5ded8,0x00000000e4e80000)
 Metaspace       used 89190K, capacity 95488K, committed 95636K, reserved 1132544K
  class space    used 10650K, capacity 12603K, committed 12692K, reserved 1048576K
Event: 2461.643 GC heap after
Heap after GC invocations=101 (full 40):
 PSYoungGen      total 130560K, used 5590K [0x00000000f5580000, 0x00000000fe280000, 0x0000000100000000)
  eden space 121856K, 0% used [0x00000000f5580000,0x00000000f5580000,0x00000000fcc80000)
  from space 8704K, 64% used [0x00000000fcc80000,0x00000000fd1f5a80,0x00000000fd500000)
  to   space 9216K, 0% used [0x00000000fd980000,0x00000000fd980000,0x00000000fe280000)
 ParOldGen       total 80384K, used 44415K [0x00000000e0000000, 0x00000000e4e80000, 0x00000000f5580000)
  object space 80384K, 55% used [0x00000000e0000000,0x00000000e2b5fed8,0x00000000e4e80000)
 Metaspace       used 89190K, capacity 95488K, committed 95636K, reserved 1132544K
  class space    used 10650K, capacity 12603K, committed 12692K, reserved 1048576K
}
Event: 2649.839 GC heap before
{Heap before GC invocations=102 (full 40):
 PSYoungGen      total 130560K, used 127446K [0x00000000f5580000, 0x00000000fe280000, 0x0000000100000000)
  eden space 121856K, 100% used [0x00000000f5580000,0x00000000fcc80000,0x00000000fcc80000)
  from space 8704K, 64% used [0x00000000fcc80000,0x00000000fd1f5a80,0x00000000fd500000)
  to   space 9216K, 0% used [0x00000000fd980000,0x00000000fd980000,0x00000000fe280000)
 ParOldGen       total 80384K, used 44415K [0x00000000e0000000, 0x00000000e4e80000, 0x00000000f5580000)
  object space 80384K, 55% used [0x00000000e0000000,0x00000000e2b5fed8,0x00000000e4e80000)
 Metaspace       used 93877K, capacity 100114K, committed 100244K, reserved 1136640K
  class space    used 11430K, capacity 13376K, committed 13460K, reserved 1048576K
Event: 2649.865 GC heap after
Heap after GC invocations=102 (full 40):
 PSYoungGen      total 126976K, used 9210K [0x00000000f5580000, 0x00000000fe280000, 0x0000000100000000)
  eden space 117760K, 0% used [0x00000000f5580000,0x00000000f5580000,0x00000000fc880000)
  from space 9216K, 99% used [0x00000000fd980000,0x00000000fe27e9b0,0x00000000fe280000)
  to   space 12288K, 0% used [0x00000000fca80000,0x00000000fca80000,0x00000000fd680000)
 ParOldGen       total 80384K, used 47937K [0x00000000e0000000, 0x00000000e4e80000, 0x00000000f5580000)
  object space 80384K, 59% used [0x00000000e0000000,0x00000000e2ed07a0,0x00000000e4e80000)
 Metaspace       used 93877K, capacity 100114K, committed 100244K, reserved 1136640K
  class space    used 11430K, capacity 13376K, committed 13460K, reserved 1048576K
}

