# JRE version: Java(TM) SE Runtime Environment (8.0_25-b18) (build 1.8.0_25-b18)
# Java VM: Java HotSpot(TM) 64-Bit Server VM (25.25-b02 mixed mode windows-amd64 compressed oops)
Heap:
 PSYoungGen      total 135680K, used 121692K [0x00000000f5580000, 0x00000000ff500000, 0x0000000100000000)
  eden space 129024K, 89% used [0x00000000f5580000,0x00000000fc640300,0x00000000fd380000)
  from space 6656K, 93% used [0x00000000fee80000,0x00000000ff496f80,0x00000000ff500000)
  to   space 15872K, 0% used [0x00000000fd600000,0x00000000fd600000,0x00000000fe580000)
 ParOldGen       total 81920K, used 43309K [0x00000000e0000000, 0x00000000e5000000, 0x00000000f5580000)
  object space 81920K, 52% used [0x00000000e0000000,0x00000000e2a4b7e8,0x00000000e5000000)
 Metaspace       used 81950K, capacity 88000K, committed 88152K, reserved 1126400K
  class space    used 9851K, capacity 11737K, committed 11864K, reserved 1048576K
GC Heap History (10 events):
Event: 467.407 GC heap before
{Heap before GC invocations=28 (full 7):
 PSYoungGen      total 140288K, used 128437K [0x00000000f5580000, 0x00000000ff480000, 0x0000000100000000)
  eden space 124928K, 100% used [0x00000000f5580000,0x00000000fcf80000,0x00000000fcf80000)
  from space 15360K, 22% used [0x00000000fe580000,0x00000000fe8ed728,0x00000000ff480000)
  to   space 18944K, 0% used [0x00000000fcf80000,0x00000000fcf80000,0x00000000fe200000)
 ParOldGen       total 81920K, used 47227K [0x00000000e0000000, 0x00000000e5000000, 0x00000000f5580000)
  object space 81920K, 57% used [0x00000000e0000000,0x00000000e2e1eda8,0x00000000e5000000)
 Metaspace       used 79565K, capacity 85836K, committed 86104K, reserved 1124352K
  class space    used 9674K, capacity 11591K, committed 11608K, reserved 1048576K
Event: 467.422 GC heap after
Heap after GC invocations=28 (full 7):
 PSYoungGen      total 143872K, used 7586K [0x00000000f5580000, 0x00000000ffb00000, 0x0000000100000000)
  eden space 124928K, 0% used [0x00000000f5580000,0x00000000f5580000,0x00000000fcf80000)
  from space 18944K, 40% used [0x00000000fcf80000,0x00000000fd6e89b0,0x00000000fe200000)
  to   space 17920K, 0% used [0x00000000fe980000,0x00000000fe980000,0x00000000ffb00000)
 ParOldGen       total 81920K, used 47235K [0x00000000e0000000, 0x00000000e5000000, 0x00000000f5580000)
  object space 81920K, 57% used [0x00000000e0000000,0x00000000e2e20da8,0x00000000e5000000)
 Metaspace       used 79565K, capacity 85836K, committed 86104K, reserved 1124352K
  class space    used 9674K, capacity 11591K, committed 11608K, reserved 1048576K
}
Event: 506.036 GC heap before
{Heap before GC invocations=29 (full 7):
 PSYoungGen      total 143872K, used 39517K [0x00000000f5580000, 0x00000000ffb00000, 0x0000000100000000)
  eden space 124928K, 25% used [0x00000000f5580000,0x00000000f74aebe8,0x00000000fcf80000)
  from space 18944K, 40% used [0x00000000fcf80000,0x00000000fd6e89b0,0x00000000fe200000)
  to   space 17920K, 0% used [0x00000000fe980000,0x00000000fe980000,0x00000000ffb00000)
 ParOldGen       total 81920K, used 47235K [0x00000000e0000000, 0x00000000e5000000, 0x00000000f5580000)
  object space 81920K, 57% used [0x00000000e0000000,0x00000000e2e20da8,0x00000000e5000000)
 Metaspace       used 79699K, capacity 86036K, committed 86104K, reserved 1124352K
  class space    used 9678K, capacity 11594K, committed 11608K, reserved 1048576K
Event: 506.047 GC heap after
Heap after GC invocations=29 (full 7):
 PSYoungGen      total 150528K, used 5422K [0x00000000f5580000, 0x00000000ffa00000, 0x0000000100000000)
  eden space 133632K, 0% used [0x00000000f5580000,0x00000000f5580000,0x00000000fd800000)
  from space 16896K, 32% used [0x00000000fe980000,0x00000000feecb8e8,0x00000000ffa00000)
  to   space 17408K, 0% used [0x00000000fd800000,0x00000000fd800000,0x00000000fe900000)
 ParOldGen       total 81920K, used 47243K [0x00000000e0000000, 0x00000000e5000000, 0x00000000f5580000)
  object space 81920K, 57% used [0x00000000e0000000,0x00000000e2e22da8,0x00000000e5000000)
 Metaspace       used 79699K, capacity 86036K, committed 86104K, reserved 1124352K
  class space    used 9678K, capacity 11594K, committed 11608K, reserved 1048576K
}
Event: 506.047 GC heap before
{Heap before GC invocations=30 (full 8):
 PSYoungGen      total 150528K, used 5422K [0x00000000f5580000, 0x00000000ffa00000, 0x0000000100000000)
  eden space 133632K, 0% used [0x00000000f5580000,0x00000000f5580000,0x00000000fd800000)
  from space 16896K, 32% used [0x00000000fe980000,0x00000000feecb8e8,0x00000000ffa00000)
  to   space 17408K, 0% used [0x00000000fd800000,0x00000000fd800000,0x00000000fe900000)
 ParOldGen       total 81920K, used 47243K [0x00000000e0000000, 0x00000000e5000000, 0x00000000f5580000)
  object space 81920K, 57% used [0x00000000e0000000,0x00000000e2e22da8,0x00000000e5000000)
 Metaspace       used 79699K, capacity 86036K, committed 86104K, reserved 1124352K
  class space    used 9678K, capacity 11594K, committed 11608K, reserved 1048576K
Event: 506.468 GC heap after
Heap after GC invocations=30 (full 8):
 PSYoungGen      total 150528K, used 0K [0x00000000f5580000, 0x00000000ffa00000, 0x0000000100000000)
  eden space 133632K, 0% used [0x00000000f5580000,0x00000000f5580000,0x00000000fd800000)
  from space 16896K, 0% used [0x00000000fe980000,0x00000000fe980000,0x00000000ffa00000)
  to   space 17408K, 0% used [0x00000000fd800000,0x00000000fd800000,0x00000000fe900000)
 ParOldGen       total 81920K, used 43293K [0x00000000e0000000, 0x00000000e5000000, 0x00000000f5580000)
  object space 81920K, 52% used [0x00000000e0000000,0x00000000e2a477e8,0x00000000e5000000)
 Metaspace       used 79684K, capacity 86012K, committed 86104K, reserved 1124352K
  class space    used 9675K, capacity 11590K, committed 11608K, reserved 1048576K
}
Event: 610.610 GC heap before
{Heap before GC invocations=31 (full 8):
 PSYoungGen      total 150528K, used 133632K [0x00000000f5580000, 0x00000000ffa00000, 0x0000000100000000)
  eden space 133632K, 100% used [0x00000000f5580000,0x00000000fd800000,0x00000000fd800000)
  from space 16896K, 0% used [0x00000000fe980000,0x00000000fe980000,0x00000000ffa00000)
  to   space 17408K, 0% used [0x00000000fd800000,0x00000000fd800000,0x00000000fe900000)
 ParOldGen       total 81920K, used 43293K [0x00000000e0000000, 0x00000000e5000000, 0x00000000f5580000)
  object space 81920K, 52% used [0x00000000e0000000,0x00000000e2a477e8,0x00000000e5000000)
 Metaspace       used 80639K, capacity 86976K, committed 87256K, reserved 1124352K
  class space    used 9763K, capacity 11634K, committed 11736K, reserved 1048576K
Event: 610.631 GC heap after
Heap after GC invocations=31 (full 8):
 PSYoungGen      total 151040K, used 4737K [0x00000000f5580000, 0x00000000ffe80000, 0x0000000100000000)
  eden space 133632K, 0% used [0x00000000f5580000,0x00000000f5580000,0x00000000fd800000)
  from space 17408K, 27% used [0x00000000fd800000,0x00000000fdca0568,0x00000000fe900000)
  to   space 16384K, 0% used [0x00000000fee80000,0x00000000fee80000,0x00000000ffe80000)
 ParOldGen       total 81920K, used 43301K [0x00000000e0000000, 0x00000000e5000000, 0x00000000f5580000)
  object space 81920K, 52% used [0x00000000e0000000,0x00000000e2a497e8,0x00000000e5000000)
 Metaspace       used 80639K, capacity 86976K, committed 87256K, reserved 1124352K
  class space    used 9763K, capacity 11634K, committed 11736K, reserved 1048576K
}
Event: 1543.106 GC heap before
{Heap before GC invocations=32 (full 8):
 PSYoungGen      total 151040K, used 138369K [0x00000000f5580000, 0x00000000ffe80000, 0x0000000100000000)
  eden space 133632K, 100% used [0x00000000f5580000,0x00000000fd800000,0x00000000fd800000)
  from space 17408K, 27% used [0x00000000fd800000,0x00000000fdca0568,0x00000000fe900000)
  to   space 16384K, 0% used [0x00000000fee80000,0x00000000fee80000,0x00000000ffe80000)
 ParOldGen       total 81920K, used 43301K [0x00000000e0000000, 0x00000000e5000000, 0x00000000f5580000)
  object space 81920K, 52% used [0x00000000e0000000,0x00000000e2a497e8,0x00000000e5000000)
 Metaspace       used 81105K, capacity 87340K, committed 87512K, reserved 1124352K
  class space    used 9781K, capacity 11668K, committed 11736K, reserved 1048576K
Event: 1543.447 GC heap after
Heap after GC invocations=32 (full 8):
 PSYoungGen      total 135680K, used 6235K [0x00000000f5580000, 0x00000000ff500000, 0x0000000100000000)
  eden space 129024K, 0% used [0x00000000f5580000,0x00000000f5580000,0x00000000fd380000)
  from space 6656K, 93% used [0x00000000fee80000,0x00000000ff496f80,0x00000000ff500000)
  to   space 15872K, 0% used [0x00000000fd600000,0x00000000fd600000,0x00000000fe580000)
 ParOldGen       total 81920K, used 43309K [0x00000000e0000000, 0x00000000e5000000, 0x00000000f5580000)
  object space 81920K, 52% used [0x00000000e0000000,0x00000000e2a4b7e8,0x00000000e5000000)
 Metaspace       used 81105K, capacity 87340K, committed 87512K, reserved 1124352K
  class space    used 9781K, capacity 11668K, committed 11736K, reserved 1048576K
}

