# JRE version: Java(TM) SE Runtime Environment (8.0_25-b18) (build 1.8.0_25-b18)
# Java VM: Java HotSpot(TM) 64-Bit Server VM (25.25-b02 mixed mode windows-amd64 compressed oops)
Heap:
 PSYoungGen      total 163840K, used 16948K [0x00000000f5580000, 0x00000000ffd80000, 0x0000000100000000)
  eden space 156672K, 9% used [0x00000000f5580000,0x00000000f64017e8,0x00000000fee80000)
  from space 7168K, 29% used [0x00000000fee80000,0x00000000ff08bb28,0x00000000ff580000)
  to   space 6656K, 0% used [0x00000000ff700000,0x00000000ff700000,0x00000000ffd80000)
 ParOldGen       total 79360K, used 37258K [0x00000000e0000000, 0x00000000e4d80000, 0x00000000f5580000)
  object space 79360K, 46% used [0x00000000e0000000,0x00000000e2462988,0x00000000e4d80000)
 Metaspace       used 88107K, capacity 94130K, committed 94424K, reserved 1130496K
  class space    used 10502K, capacity 12417K, committed 12504K, reserved 1048576K
GC Heap History (10 events):
Event: 2841.202 GC heap before
{Heap before GC invocations=93 (full 34):
 PSYoungGen      total 163840K, used 3522K [0x00000000f5580000, 0x00000000ffc80000, 0x0000000100000000)
  eden space 156672K, 2% used [0x00000000f5580000,0x00000000f58f0bc0,0x00000000fee80000)
  from space 7168K, 0% used [0x00000000ff580000,0x00000000ff580000,0x00000000ffc80000)
  to   space 7168K, 0% used [0x00000000fee80000,0x00000000fee80000,0x00000000ff580000)
 ParOldGen       total 79360K, used 37932K [0x00000000e0000000, 0x00000000e4d80000, 0x00000000f5580000)
  object space 79360K, 47% used [0x00000000e0000000,0x00000000e250b0e0,0x00000000e4d80000)
 Metaspace       used 87369K, capacity 93510K, committed 93912K, reserved 1130496K
  class space    used 10429K, capacity 12383K, committed 12504K, reserved 1048576K
Event: 2841.208 GC heap after
Heap after GC invocations=93 (full 34):
 PSYoungGen      total 163840K, used 192K [0x00000000f5580000, 0x00000000ffc80000, 0x0000000100000000)
  eden space 156672K, 0% used [0x00000000f5580000,0x00000000f5580000,0x00000000fee80000)
  from space 7168K, 2% used [0x00000000fee80000,0x00000000feeb0000,0x00000000ff580000)
  to   space 7168K, 0% used [0x00000000ff580000,0x00000000ff580000,0x00000000ffc80000)
 ParOldGen       total 79360K, used 37932K [0x00000000e0000000, 0x00000000e4d80000, 0x00000000f5580000)
  object space 79360K, 47% used [0x00000000e0000000,0x00000000e250b0e0,0x00000000e4d80000)
 Metaspace       used 87369K, capacity 93510K, committed 93912K, reserved 1130496K
  class space    used 10429K, capacity 12383K, committed 12504K, reserved 1048576K
}
Event: 2841.208 GC heap before
{Heap before GC invocations=94 (full 35):
 PSYoungGen      total 163840K, used 192K [0x00000000f5580000, 0x00000000ffc80000, 0x0000000100000000)
  eden space 156672K, 0% used [0x00000000f5580000,0x00000000f5580000,0x00000000fee80000)
  from space 7168K, 2% used [0x00000000fee80000,0x00000000feeb0000,0x00000000ff580000)
  to   space 7168K, 0% used [0x00000000ff580000,0x00000000ff580000,0x00000000ffc80000)
 ParOldGen       total 79360K, used 37932K [0x00000000e0000000, 0x00000000e4d80000, 0x00000000f5580000)
  object space 79360K, 47% used [0x00000000e0000000,0x00000000e250b0e0,0x00000000e4d80000)
 Metaspace       used 87369K, capacity 93510K, committed 93912K, reserved 1130496K
  class space    used 10429K, capacity 12383K, committed 12504K, reserved 1048576K
Event: 2841.445 GC heap after
Heap after GC invocations=94 (full 35):
 PSYoungGen      total 163840K, used 0K [0x00000000f5580000, 0x00000000ffc80000, 0x0000000100000000)
  eden space 156672K, 0% used [0x00000000f5580000,0x00000000f5580000,0x00000000fee80000)
  from space 7168K, 0% used [0x00000000fee80000,0x00000000fee80000,0x00000000ff580000)
  to   space 7168K, 0% used [0x00000000ff580000,0x00000000ff580000,0x00000000ffc80000)
 ParOldGen       total 79360K, used 37307K [0x00000000e0000000, 0x00000000e4d80000, 0x00000000f5580000)
  object space 79360K, 47% used [0x00000000e0000000,0x00000000e246ee90,0x00000000e4d80000)
 Metaspace       used 87369K, capacity 93510K, committed 93912K, reserved 1130496K
  class space    used 10429K, capacity 12383K, committed 12504K, reserved 1048576K
}
Event: 2901.220 GC heap before
{Heap before GC invocations=95 (full 35):
 PSYoungGen      total 163840K, used 3126K [0x00000000f5580000, 0x00000000ffc80000, 0x0000000100000000)
  eden space 156672K, 1% used [0x00000000f5580000,0x00000000f588daa0,0x00000000fee80000)
  from space 7168K, 0% used [0x00000000fee80000,0x00000000fee80000,0x00000000ff580000)
  to   space 7168K, 0% used [0x00000000ff580000,0x00000000ff580000,0x00000000ffc80000)
 ParOldGen       total 79360K, used 37307K [0x00000000e0000000, 0x00000000e4d80000, 0x00000000f5580000)
  object space 79360K, 47% used [0x00000000e0000000,0x00000000e246ee90,0x00000000e4d80000)
 Metaspace       used 87369K, capacity 93510K, committed 93912K, reserved 1130496K
  class space    used 10429K, capacity 12383K, committed 12504K, reserved 1048576K
Event: 2901.227 GC heap after
Heap after GC invocations=95 (full 35):
 PSYoungGen      total 163840K, used 160K [0x00000000f5580000, 0x00000000ffc80000, 0x0000000100000000)
  eden space 156672K, 0% used [0x00000000f5580000,0x00000000f5580000,0x00000000fee80000)
  from space 7168K, 2% used [0x00000000ff580000,0x00000000ff5a8000,0x00000000ffc80000)
  to   space 7168K, 0% used [0x00000000fee80000,0x00000000fee80000,0x00000000ff580000)
 ParOldGen       total 79360K, used 37307K [0x00000000e0000000, 0x00000000e4d80000, 0x00000000f5580000)
  object space 79360K, 47% used [0x00000000e0000000,0x00000000e246ee90,0x00000000e4d80000)
 Metaspace       used 87369K, capacity 93510K, committed 93912K, reserved 1130496K
  class space    used 10429K, capacity 12383K, committed 12504K, reserved 1048576K
}
Event: 2901.227 GC heap before
{Heap before GC invocations=96 (full 36):
 PSYoungGen      total 163840K, used 160K [0x00000000f5580000, 0x00000000ffc80000, 0x0000000100000000)
  eden space 156672K, 0% used [0x00000000f5580000,0x00000000f5580000,0x00000000fee80000)
  from space 7168K, 2% used [0x00000000ff580000,0x00000000ff5a8000,0x00000000ffc80000)
  to   space 7168K, 0% used [0x00000000fee80000,0x00000000fee80000,0x00000000ff580000)
 ParOldGen       total 79360K, used 37307K [0x00000000e0000000, 0x00000000e4d80000, 0x00000000f5580000)
  object space 79360K, 47% used [0x00000000e0000000,0x00000000e246ee90,0x00000000e4d80000)
 Metaspace       used 87369K, capacity 93510K, committed 93912K, reserved 1130496K
  class space    used 10429K, capacity 12383K, committed 12504K, reserved 1048576K
Event: 2901.446 GC heap after
Heap after GC invocations=96 (full 36):
 PSYoungGen      total 163840K, used 0K [0x00000000f5580000, 0x00000000ffc80000, 0x0000000100000000)
  eden space 156672K, 0% used [0x00000000f5580000,0x00000000f5580000,0x00000000fee80000)
  from space 7168K, 0% used [0x00000000ff580000,0x00000000ff580000,0x00000000ffc80000)
  to   space 7168K, 0% used [0x00000000fee80000,0x00000000fee80000,0x00000000ff580000)
 ParOldGen       total 79360K, used 37250K [0x00000000e0000000, 0x00000000e4d80000, 0x00000000f5580000)
  object space 79360K, 46% used [0x00000000e0000000,0x00000000e2460988,0x00000000e4d80000)
 Metaspace       used 87369K, capacity 93510K, committed 93912K, reserved 1130496K
  class space    used 10429K, capacity 12383K, committed 12504K, reserved 1048576K
}
Event: 3076.976 GC heap before
{Heap before GC invocations=97 (full 36):
 PSYoungGen      total 163840K, used 156672K [0x00000000f5580000, 0x00000000ffc80000, 0x0000000100000000)
  eden space 156672K, 100% used [0x00000000f5580000,0x00000000fee80000,0x00000000fee80000)
  from space 7168K, 0% used [0x00000000ff580000,0x00000000ff580000,0x00000000ffc80000)
  to   space 7168K, 0% used [0x00000000fee80000,0x00000000fee80000,0x00000000ff580000)
 ParOldGen       total 79360K, used 37250K [0x00000000e0000000, 0x00000000e4d80000, 0x00000000f5580000)
  object space 79360K, 46% used [0x00000000e0000000,0x00000000e2460988,0x00000000e4d80000)
 Metaspace       used 87672K, capacity 93676K, committed 93912K, reserved 1130496K
  class space    used 10459K, capacity 12416K, committed 12504K, reserved 1048576K
Event: 3076.989 GC heap after
Heap after GC invocations=97 (full 36):
 PSYoungGen      total 163840K, used 2094K [0x00000000f5580000, 0x00000000ffd80000, 0x0000000100000000)
  eden space 156672K, 0% used [0x00000000f5580000,0x00000000f5580000,0x00000000fee80000)
  from space 7168K, 29% used [0x00000000fee80000,0x00000000ff08bb28,0x00000000ff580000)
  to   space 6656K, 0% used [0x00000000ff700000,0x00000000ff700000,0x00000000ffd80000)
 ParOldGen       total 79360K, used 37258K [0x00000000e0000000, 0x00000000e4d80000, 0x00000000f5580000)
  object space 79360K, 46% used [0x00000000e0000000,0x00000000e2462988,0x00000000e4d80000)
 Metaspace       used 87672K, capacity 93676K, committed 93912K, reserved 1130496K
  class space    used 10459K, capacity 12416K, committed 12504K, reserved 1048576K
}

