# JRE version: Java(TM) SE Runtime Environment (8.0_25-b18) (build 1.8.0_25-b18)
# Java VM: Java HotSpot(TM) 64-Bit Server VM (25.25-b02 mixed mode windows-amd64 compressed oops)
Heap:
 PSYoungGen      total 107520K, used 43851K [0x00000000f5580000, 0x00000000fde80000, 0x0000000100000000)
  eden space 101376K, 37% used [0x00000000f5580000,0x00000000f7ac2108,0x00000000fb880000)
  from space 6144K, 92% used [0x00000000fbc00000,0x00000000fc190c38,0x00000000fc200000)
  to   space 19456K, 0% used [0x00000000fcb80000,0x00000000fcb80000,0x00000000fde80000)
 ParOldGen       total 79872K, used 44689K [0x00000000e0000000, 0x00000000e4e00000, 0x00000000f5580000)
  object space 79872K, 55% used [0x00000000e0000000,0x00000000e2ba44d0,0x00000000e4e00000)
 Metaspace       used 80281K, capacity 86256K, committed 86360K, reserved 1124352K
  class space    used 9791K, capacity 11590K, committed 11608K, reserved 1048576K
GC Heap History (10 events):
Event: 338.234 GC heap before
{Heap before GC invocations=19 (full 4):
 PSYoungGen      total 108544K, used 86528K [0x00000000f5580000, 0x00000000fd600000, 0x0000000100000000)
  eden space 86528K, 100% used [0x00000000f5580000,0x00000000faa00000,0x00000000faa00000)
  from space 22016K, 0% used [0x00000000fc080000,0x00000000fc080000,0x00000000fd600000)
  to   space 22528K, 0% used [0x00000000faa00000,0x00000000faa00000,0x00000000fc000000)
 ParOldGen       total 79872K, used 44585K [0x00000000e0000000, 0x00000000e4e00000, 0x00000000f5580000)
  object space 79872K, 55% used [0x00000000e0000000,0x00000000e2b8a4c0,0x00000000e4e00000)
 Metaspace       used 75488K, capacity 81454K, committed 81752K, reserved 1120256K
  class space    used 9415K, capacity 11272K, committed 11352K, reserved 1048576K
Event: 338.256 GC heap after
Heap after GC invocations=19 (full 4):
 PSYoungGen      total 109056K, used 3918K [0x00000000f5580000, 0x00000000fe480000, 0x0000000100000000)
  eden space 86528K, 0% used [0x00000000f5580000,0x00000000f5580000,0x00000000faa00000)
  from space 22528K, 17% used [0x00000000faa00000,0x00000000fadd3980,0x00000000fc000000)
  to   space 22528K, 0% used [0x00000000fce80000,0x00000000fce80000,0x00000000fe480000)
 ParOldGen       total 79872K, used 44657K [0x00000000e0000000, 0x00000000e4e00000, 0x00000000f5580000)
  object space 79872K, 55% used [0x00000000e0000000,0x00000000e2b9c4d0,0x00000000e4e00000)
 Metaspace       used 75488K, capacity 81454K, committed 81752K, reserved 1120256K
  class space    used 9415K, capacity 11272K, committed 11352K, reserved 1048576K
}
Event: 536.140 GC heap before
{Heap before GC invocations=20 (full 4):
 PSYoungGen      total 109056K, used 90446K [0x00000000f5580000, 0x00000000fe480000, 0x0000000100000000)
  eden space 86528K, 100% used [0x00000000f5580000,0x00000000faa00000,0x00000000faa00000)
  from space 22528K, 17% used [0x00000000faa00000,0x00000000fadd3980,0x00000000fc000000)
  to   space 22528K, 0% used [0x00000000fce80000,0x00000000fce80000,0x00000000fe480000)
 ParOldGen       total 79872K, used 44657K [0x00000000e0000000, 0x00000000e4e00000, 0x00000000f5580000)
  object space 79872K, 55% used [0x00000000e0000000,0x00000000e2b9c4d0,0x00000000e4e00000)
 Metaspace       used 76963K, capacity 83058K, committed 83160K, reserved 1120256K
  class space    used 9554K, capacity 11447K, committed 11480K, reserved 1048576K
Event: 536.179 GC heap after
Heap after GC invocations=20 (full 4):
 PSYoungGen      total 116736K, used 5158K [0x00000000f5580000, 0x00000000fe000000, 0x0000000100000000)
  eden space 98816K, 0% used [0x00000000f5580000,0x00000000f5580000,0x00000000fb600000)
  from space 17920K, 28% used [0x00000000fce80000,0x00000000fd389b30,0x00000000fe000000)
  to   space 21504K, 0% used [0x00000000fb600000,0x00000000fb600000,0x00000000fcb00000)
 ParOldGen       total 79872K, used 44665K [0x00000000e0000000, 0x00000000e4e00000, 0x00000000f5580000)
  object space 79872K, 55% used [0x00000000e0000000,0x00000000e2b9e4d0,0x00000000e4e00000)
 Metaspace       used 76963K, capacity 83058K, committed 83160K, reserved 1120256K
  class space    used 9554K, capacity 11447K, committed 11480K, reserved 1048576K
}
Event: 571.748 GC heap before
{Heap before GC invocations=21 (full 4):
 PSYoungGen      total 116736K, used 103974K [0x00000000f5580000, 0x00000000fe000000, 0x0000000100000000)
  eden space 98816K, 100% used [0x00000000f5580000,0x00000000fb600000,0x00000000fb600000)
  from space 17920K, 28% used [0x00000000fce80000,0x00000000fd389b30,0x00000000fe000000)
  to   space 21504K, 0% used [0x00000000fb600000,0x00000000fb600000,0x00000000fcb00000)
 ParOldGen       total 79872K, used 44665K [0x00000000e0000000, 0x00000000e4e00000, 0x00000000f5580000)
  object space 79872K, 55% used [0x00000000e0000000,0x00000000e2b9e4d0,0x00000000e4e00000)
 Metaspace       used 77468K, capacity 83460K, committed 83672K, reserved 1122304K
  class space    used 9558K, capacity 11451K, committed 11480K, reserved 1048576K
Event: 571.764 GC heap after
Heap after GC invocations=21 (full 4):
 PSYoungGen      total 120320K, used 4904K [0x00000000f5580000, 0x00000000fea00000, 0x0000000100000000)
  eden space 98816K, 0% used [0x00000000f5580000,0x00000000f5580000,0x00000000fb600000)
  from space 21504K, 22% used [0x00000000fb600000,0x00000000fbaca258,0x00000000fcb00000)
  to   space 20992K, 0% used [0x00000000fd580000,0x00000000fd580000,0x00000000fea00000)
 ParOldGen       total 79872K, used 44673K [0x00000000e0000000, 0x00000000e4e00000, 0x00000000f5580000)
  object space 79872K, 55% used [0x00000000e0000000,0x00000000e2ba04d0,0x00000000e4e00000)
 Metaspace       used 77468K, capacity 83460K, committed 83672K, reserved 1122304K
  class space    used 9558K, capacity 11451K, committed 11480K, reserved 1048576K
}
Event: 621.310 GC heap before
{Heap before GC invocations=22 (full 4):
 PSYoungGen      total 120320K, used 103720K [0x00000000f5580000, 0x00000000fea00000, 0x0000000100000000)
  eden space 98816K, 100% used [0x00000000f5580000,0x00000000fb600000,0x00000000fb600000)
  from space 21504K, 22% used [0x00000000fb600000,0x00000000fbaca258,0x00000000fcb00000)
  to   space 20992K, 0% used [0x00000000fd580000,0x00000000fd580000,0x00000000fea00000)
 ParOldGen       total 79872K, used 44673K [0x00000000e0000000, 0x00000000e4e00000, 0x00000000f5580000)
  object space 79872K, 55% used [0x00000000e0000000,0x00000000e2ba04d0,0x00000000e4e00000)
 Metaspace       used 78570K, capacity 84484K, committed 84824K, reserved 1122304K
  class space    used 9640K, capacity 11515K, committed 11608K, reserved 1048576K
Event: 621.320 GC heap after
Heap after GC invocations=22 (full 4):
 PSYoungGen      total 119808K, used 5766K [0x00000000f5580000, 0x00000000fe400000, 0x0000000100000000)
  eden space 104960K, 0% used [0x00000000f5580000,0x00000000f5580000,0x00000000fbc00000)
  from space 14848K, 38% used [0x00000000fd580000,0x00000000fdb21b48,0x00000000fe400000)
  to   space 20480K, 0% used [0x00000000fbc00000,0x00000000fbc00000,0x00000000fd000000)
 ParOldGen       total 79872K, used 44681K [0x00000000e0000000, 0x00000000e4e00000, 0x00000000f5580000)
  object space 79872K, 55% used [0x00000000e0000000,0x00000000e2ba24d0,0x00000000e4e00000)
 Metaspace       used 78570K, capacity 84484K, committed 84824K, reserved 1122304K
  class space    used 9640K, capacity 11515K, committed 11608K, reserved 1048576K
}
Event: 681.845 GC heap before
{Heap before GC invocations=23 (full 4):
 PSYoungGen      total 119808K, used 110726K [0x00000000f5580000, 0x00000000fe400000, 0x0000000100000000)
  eden space 104960K, 100% used [0x00000000f5580000,0x00000000fbc00000,0x00000000fbc00000)
  from space 14848K, 38% used [0x00000000fd580000,0x00000000fdb21b48,0x00000000fe400000)
  to   space 20480K, 0% used [0x00000000fbc00000,0x00000000fbc00000,0x00000000fd000000)
 ParOldGen       total 79872K, used 44681K [0x00000000e0000000, 0x00000000e4e00000, 0x00000000f5580000)
  object space 79872K, 55% used [0x00000000e0000000,0x00000000e2ba24d0,0x00000000e4e00000)
 Metaspace       used 79408K, capacity 85368K, committed 85592K, reserved 1124352K
  class space    used 9689K, capacity 11553K, committed 11608K, reserved 1048576K
Event: 681.859 GC heap after
Heap after GC invocations=23 (full 4):
 PSYoungGen      total 107520K, used 5699K [0x00000000f5580000, 0x00000000fde80000, 0x0000000100000000)
  eden space 101376K, 0% used [0x00000000f5580000,0x00000000f5580000,0x00000000fb880000)
  from space 6144K, 92% used [0x00000000fbc00000,0x00000000fc190c38,0x00000000fc200000)
  to   space 19456K, 0% used [0x00000000fcb80000,0x00000000fcb80000,0x00000000fde80000)
 ParOldGen       total 79872K, used 44689K [0x00000000e0000000, 0x00000000e4e00000, 0x00000000f5580000)
  object space 79872K, 55% used [0x00000000e0000000,0x00000000e2ba44d0,0x00000000e4e00000)
 Metaspace       used 79408K, capacity 85368K, committed 85592K, reserved 1124352K
  class space    used 9689K, capacity 11553K, committed 11608K, reserved 1048576K
}

