# JRE version: Java(TM) SE Runtime Environment (8.0_25-b18) (build 1.8.0_25-b18)
# Java VM: Java HotSpot(TM) 64-Bit Server VM (25.25-b02 mixed mode windows-amd64 compressed oops)
Heap:
 PSYoungGen      total 62464K, used 8320K [0x00000000f5580000, 0x00000000f9d80000, 0x0000000100000000)
  eden space 53248K, 7% used [0x00000000f5580000,0x00000000f59870e8,0x00000000f8980000)
  from space 9216K, 45% used [0x00000000f9480000,0x00000000f9898f30,0x00000000f9d80000)
  to   space 10240K, 0% used [0x00000000f8980000,0x00000000f8980000,0x00000000f9380000)
 ParOldGen       total 90624K, used 49060K [0x00000000e0000000, 0x00000000e5880000, 0x00000000f5580000)
  object space 90624K, 54% used [0x00000000e0000000,0x00000000e2fe9180,0x00000000e5880000)
 Metaspace       used 97241K, capacity 103806K, committed 104064K, reserved 1140736K
  class space    used 11677K, capacity 13619K, committed 13696K, reserved 1048576K
GC Heap History (10 events):
Event: 3131.345 GC heap before
{Heap before GC invocations=67 (full 11):
 PSYoungGen      total 61952K, used 61667K [0x00000000f5580000, 0x00000000fa200000, 0x0000000100000000)
  eden space 58880K, 100% used [0x00000000f5580000,0x00000000f8f00000,0x00000000f8f00000)
  from space 3072K, 90% used [0x00000000f9080000,0x00000000f9338d38,0x00000000f9380000)
  to   space 9728K, 0% used [0x00000000f9880000,0x00000000f9880000,0x00000000fa200000)
 ParOldGen       total 90624K, used 48860K [0x00000000e0000000, 0x00000000e5880000, 0x00000000f5580000)
  object space 90624K, 53% used [0x00000000e0000000,0x00000000e2fb7180,0x00000000e5880000)
 Metaspace       used 94935K, capacity 101500K, committed 101760K, reserved 1138688K
  class space    used 11402K, capacity 13390K, committed 13440K, reserved 1048576K
Event: 3131.357 GC heap after
Heap after GC invocations=67 (full 11):
 PSYoungGen      total 65536K, used 6317K [0x00000000f5580000, 0x00000000fa080000, 0x0000000100000000)
  eden space 57344K, 0% used [0x00000000f5580000,0x00000000f5580000,0x00000000f8d80000)
  from space 8192K, 77% used [0x00000000f9880000,0x00000000f9eab698,0x00000000fa080000)
  to   space 9728K, 0% used [0x00000000f8d80000,0x00000000f8d80000,0x00000000f9700000)
 ParOldGen       total 90624K, used 48892K [0x00000000e0000000, 0x00000000e5880000, 0x00000000f5580000)
  object space 90624K, 53% used [0x00000000e0000000,0x00000000e2fbf180,0x00000000e5880000)
 Metaspace       used 94935K, capacity 101500K, committed 101760K, reserved 1138688K
  class space    used 11402K, capacity 13390K, committed 13440K, reserved 1048576K
}
Event: 3190.153 GC heap before
{Heap before GC invocations=68 (full 11):
 PSYoungGen      total 65536K, used 63661K [0x00000000f5580000, 0x00000000fa080000, 0x0000000100000000)
  eden space 57344K, 100% used [0x00000000f5580000,0x00000000f8d80000,0x00000000f8d80000)
  from space 8192K, 77% used [0x00000000f9880000,0x00000000f9eab698,0x00000000fa080000)
  to   space 9728K, 0% used [0x00000000f8d80000,0x00000000f8d80000,0x00000000f9700000)
 ParOldGen       total 90624K, used 48892K [0x00000000e0000000, 0x00000000e5880000, 0x00000000f5580000)
  object space 90624K, 53% used [0x00000000e0000000,0x00000000e2fbf180,0x00000000e5880000)
 Metaspace       used 96402K, capacity 103138K, committed 103168K, reserved 1138688K
  class space    used 11606K, capacity 13551K, committed 13568K, reserved 1048576K
Event: 3190.164 GC heap after
Heap after GC invocations=68 (full 11):
 PSYoungGen      total 63488K, used 6758K [0x00000000f5580000, 0x00000000fa080000, 0x0000000100000000)
  eden space 56320K, 0% used [0x00000000f5580000,0x00000000f5580000,0x00000000f8c80000)
  from space 7168K, 94% used [0x00000000f8d80000,0x00000000f9419b60,0x00000000f9480000)
  to   space 10240K, 0% used [0x00000000f9680000,0x00000000f9680000,0x00000000fa080000)
 ParOldGen       total 90624K, used 48932K [0x00000000e0000000, 0x00000000e5880000, 0x00000000f5580000)
  object space 90624K, 53% used [0x00000000e0000000,0x00000000e2fc9180,0x00000000e5880000)
 Metaspace       used 96402K, capacity 103138K, committed 103168K, reserved 1138688K
  class space    used 11606K, capacity 13551K, committed 13568K, reserved 1048576K
}
Event: 3739.008 GC heap before
{Heap before GC invocations=69 (full 11):
 PSYoungGen      total 63488K, used 63078K [0x00000000f5580000, 0x00000000fa080000, 0x0000000100000000)
  eden space 56320K, 100% used [0x00000000f5580000,0x00000000f8c80000,0x00000000f8c80000)
  from space 7168K, 94% used [0x00000000f8d80000,0x00000000f9419b60,0x00000000f9480000)
  to   space 10240K, 0% used [0x00000000f9680000,0x00000000f9680000,0x00000000fa080000)
 ParOldGen       total 90624K, used 48932K [0x00000000e0000000, 0x00000000e5880000, 0x00000000f5580000)
  object space 90624K, 53% used [0x00000000e0000000,0x00000000e2fc9180,0x00000000e5880000)
 Metaspace       used 96543K, capacity 103266K, committed 103424K, reserved 1138688K
  class space    used 11606K, capacity 13551K, committed 13568K, reserved 1048576K
Event: 3739.023 GC heap after
Heap after GC invocations=69 (full 11):
 PSYoungGen      total 64512K, used 6443K [0x00000000f5580000, 0x00000000f9f80000, 0x0000000100000000)
  eden space 55296K, 0% used [0x00000000f5580000,0x00000000f5580000,0x00000000f8b80000)
  from space 9216K, 69% used [0x00000000f9680000,0x00000000f9ccafe8,0x00000000f9f80000)
  to   space 10240K, 0% used [0x00000000f8b80000,0x00000000f8b80000,0x00000000f9580000)
 ParOldGen       total 90624K, used 48972K [0x00000000e0000000, 0x00000000e5880000, 0x00000000f5580000)
  object space 90624K, 54% used [0x00000000e0000000,0x00000000e2fd3180,0x00000000e5880000)
 Metaspace       used 96543K, capacity 103266K, committed 103424K, reserved 1138688K
  class space    used 11606K, capacity 13551K, committed 13568K, reserved 1048576K
}
Event: 4538.551 GC heap before
{Heap before GC invocations=70 (full 11):
 PSYoungGen      total 64512K, used 61739K [0x00000000f5580000, 0x00000000f9f80000, 0x0000000100000000)
  eden space 55296K, 100% used [0x00000000f5580000,0x00000000f8b80000,0x00000000f8b80000)
  from space 9216K, 69% used [0x00000000f9680000,0x00000000f9ccafe8,0x00000000f9f80000)
  to   space 10240K, 0% used [0x00000000f8b80000,0x00000000f8b80000,0x00000000f9580000)
 ParOldGen       total 90624K, used 48972K [0x00000000e0000000, 0x00000000e5880000, 0x00000000f5580000)
  object space 90624K, 54% used [0x00000000e0000000,0x00000000e2fd3180,0x00000000e5880000)
 Metaspace       used 96575K, capacity 103272K, committed 103424K, reserved 1138688K
  class space    used 11607K, capacity 13552K, committed 13568K, reserved 1048576K
Event: 4538.643 GC heap after
Heap after GC invocations=70 (full 11):
 PSYoungGen      total 60928K, used 6411K [0x00000000f5580000, 0x00000000f9e80000, 0x0000000100000000)
  eden space 54272K, 0% used [0x00000000f5580000,0x00000000f5580000,0x00000000f8a80000)
  from space 6656K, 96% used [0x00000000f8b80000,0x00000000f91c2fe8,0x00000000f9200000)
  to   space 10240K, 0% used [0x00000000f9480000,0x00000000f9480000,0x00000000f9e80000)
 ParOldGen       total 90624K, used 49020K [0x00000000e0000000, 0x00000000e5880000, 0x00000000f5580000)
  object space 90624K, 54% used [0x00000000e0000000,0x00000000e2fdf180,0x00000000e5880000)
 Metaspace       used 96575K, capacity 103272K, committed 103424K, reserved 1138688K
  class space    used 11607K, capacity 13552K, committed 13568K, reserved 1048576K
}
Event: 4740.095 GC heap before
{Heap before GC invocations=71 (full 11):
 PSYoungGen      total 60928K, used 60683K [0x00000000f5580000, 0x00000000f9e80000, 0x0000000100000000)
  eden space 54272K, 100% used [0x00000000f5580000,0x00000000f8a80000,0x00000000f8a80000)
  from space 6656K, 96% used [0x00000000f8b80000,0x00000000f91c2fe8,0x00000000f9200000)
  to   space 10240K, 0% used [0x00000000f9480000,0x00000000f9480000,0x00000000f9e80000)
 ParOldGen       total 90624K, used 49020K [0x00000000e0000000, 0x00000000e5880000, 0x00000000f5580000)
  object space 90624K, 54% used [0x00000000e0000000,0x00000000e2fdf180,0x00000000e5880000)
 Metaspace       used 96993K, capacity 103678K, committed 103808K, reserved 1138688K
  class space    used 11650K, capacity 13619K, committed 13696K, reserved 1048576K
Event: 4740.124 GC heap after
Heap after GC invocations=71 (full 11):
 PSYoungGen      total 62464K, used 4195K [0x00000000f5580000, 0x00000000f9d80000, 0x0000000100000000)
  eden space 53248K, 0% used [0x00000000f5580000,0x00000000f5580000,0x00000000f8980000)
  from space 9216K, 45% used [0x00000000f9480000,0x00000000f9898f30,0x00000000f9d80000)
  to   space 10240K, 0% used [0x00000000f8980000,0x00000000f8980000,0x00000000f9380000)
 ParOldGen       total 90624K, used 49060K [0x00000000e0000000, 0x00000000e5880000, 0x00000000f5580000)
  object space 90624K, 54% used [0x00000000e0000000,0x00000000e2fe9180,0x00000000e5880000)
 Metaspace       used 96993K, capacity 103678K, committed 103808K, reserved 1138688K
  class space    used 11650K, capacity 13619K, committed 13696K, reserved 1048576K
}

