# JRE version: Java(TM) SE Runtime Environment (8.0_25-b18) (build 1.8.0_25-b18)
# Java VM: Java HotSpot(TM) 64-Bit Server VM (25.25-b02 mixed mode windows-amd64 compressed oops)
Heap:
 PSYoungGen      total 105472K, used 96614K [0x00000000f5580000, 0x00000000fdb00000, 0x0000000100000000)
  eden space 77312K, 99% used [0x00000000f5580000,0x00000000fa041058,0x00000000fa100000)
  from space 28160K, 71% used [0x00000000fbf80000,0x00000000fd318858,0x00000000fdb00000)
  to   space 29696K, 0% used [0x00000000fa100000,0x00000000fa100000,0x00000000fbe00000)
 ParOldGen       total 86528K, used 42288K [0x00000000e0000000, 0x00000000e5480000, 0x00000000f5580000)
  object space 86528K, 48% used [0x00000000e0000000,0x00000000e294c210,0x00000000e5480000)
 Metaspace       used 84694K, capacity 90842K, committed 91028K, reserved 1128448K
  class space    used 10473K, capacity 12406K, committed 12436K, reserved 1048576K
GC Heap History (10 events):
Event: 153.562 GC heap before
{Heap before GC invocations=19 (full 3):
 PSYoungGen      total 96768K, used 90667K [0x00000000f5580000, 0x00000000fd880000, 0x0000000100000000)
  eden space 71168K, 100% used [0x00000000f5580000,0x00000000f9b00000,0x00000000f9b00000)
  from space 25600K, 76% used [0x00000000f9b00000,0x00000000fae0ad80,0x00000000fb400000)
  to   space 27136K, 0% used [0x00000000fbe00000,0x00000000fbe00000,0x00000000fd880000)
 ParOldGen       total 86528K, used 42248K [0x00000000e0000000, 0x00000000e5480000, 0x00000000f5580000)
  object space 86528K, 48% used [0x00000000e0000000,0x00000000e2942210,0x00000000e5480000)
 Metaspace       used 79740K, capacity 85858K, committed 86036K, reserved 1124352K
  class space    used 10113K, capacity 11969K, committed 12052K, reserved 1048576K
Event: 153.584 GC heap after
Heap after GC invocations=19 (full 3):
 PSYoungGen      total 103936K, used 17476K [0x00000000f5580000, 0x00000000fd700000, 0x0000000100000000)
  eden space 78336K, 0% used [0x00000000f5580000,0x00000000f5580000,0x00000000fa200000)
  from space 25600K, 68% used [0x00000000fbe00000,0x00000000fcf112c8,0x00000000fd700000)
  to   space 27136K, 0% used [0x00000000fa200000,0x00000000fa200000,0x00000000fbc80000)
 ParOldGen       total 86528K, used 42256K [0x00000000e0000000, 0x00000000e5480000, 0x00000000f5580000)
  object space 86528K, 48% used [0x00000000e0000000,0x00000000e2944210,0x00000000e5480000)
 Metaspace       used 79740K, capacity 85858K, committed 86036K, reserved 1124352K
  class space    used 10113K, capacity 11969K, committed 12052K, reserved 1048576K
}
Event: 224.823 GC heap before
{Heap before GC invocations=20 (full 3):
 PSYoungGen      total 103936K, used 95812K [0x00000000f5580000, 0x00000000fd700000, 0x0000000100000000)
  eden space 78336K, 100% used [0x00000000f5580000,0x00000000fa200000,0x00000000fa200000)
  from space 25600K, 68% used [0x00000000fbe00000,0x00000000fcf112c8,0x00000000fd700000)
  to   space 27136K, 0% used [0x00000000fa200000,0x00000000fa200000,0x00000000fbc80000)
 ParOldGen       total 86528K, used 42256K [0x00000000e0000000, 0x00000000e5480000, 0x00000000f5580000)
  object space 86528K, 48% used [0x00000000e0000000,0x00000000e2944210,0x00000000e5480000)
 Metaspace       used 80458K, capacity 86376K, committed 86548K, reserved 1124352K
  class space    used 10158K, capacity 11970K, committed 12052K, reserved 1048576K
Event: 224.847 GC heap after
Heap after GC invocations=20 (full 3):
 PSYoungGen      total 105472K, used 18134K [0x00000000f5580000, 0x00000000fdc00000, 0x0000000100000000)
  eden space 78336K, 0% used [0x00000000f5580000,0x00000000f5580000,0x00000000fa200000)
  from space 27136K, 66% used [0x00000000fa200000,0x00000000fb3b5bb0,0x00000000fbc80000)
  to   space 27648K, 0% used [0x00000000fc100000,0x00000000fc100000,0x00000000fdc00000)
 ParOldGen       total 86528K, used 42264K [0x00000000e0000000, 0x00000000e5480000, 0x00000000f5580000)
  object space 86528K, 48% used [0x00000000e0000000,0x00000000e2946210,0x00000000e5480000)
 Metaspace       used 80458K, capacity 86376K, committed 86548K, reserved 1124352K
  class space    used 10158K, capacity 11970K, committed 12052K, reserved 1048576K
}
Event: 331.009 GC heap before
{Heap before GC invocations=21 (full 3):
 PSYoungGen      total 105472K, used 96470K [0x00000000f5580000, 0x00000000fdc00000, 0x0000000100000000)
  eden space 78336K, 100% used [0x00000000f5580000,0x00000000fa200000,0x00000000fa200000)
  from space 27136K, 66% used [0x00000000fa200000,0x00000000fb3b5bb0,0x00000000fbc80000)
  to   space 27648K, 0% used [0x00000000fc100000,0x00000000fc100000,0x00000000fdc00000)
 ParOldGen       total 86528K, used 42264K [0x00000000e0000000, 0x00000000e5480000, 0x00000000f5580000)
  object space 86528K, 48% used [0x00000000e0000000,0x00000000e2946210,0x00000000e5480000)
 Metaspace       used 81782K, capacity 87924K, committed 88212K, reserved 1126400K
  class space    used 10230K, capacity 12100K, committed 12180K, reserved 1048576K
Event: 331.034 GC heap after
Heap after GC invocations=21 (full 3):
 PSYoungGen      total 109056K, used 19371K [0x00000000f5580000, 0x00000000fdd80000, 0x0000000100000000)
  eden space 81408K, 0% used [0x00000000f5580000,0x00000000f5580000,0x00000000fa500000)
  from space 27648K, 70% used [0x00000000fc100000,0x00000000fd3eaca8,0x00000000fdc00000)
  to   space 28672K, 0% used [0x00000000fa500000,0x00000000fa500000,0x00000000fc100000)
 ParOldGen       total 86528K, used 42272K [0x00000000e0000000, 0x00000000e5480000, 0x00000000f5580000)
  object space 86528K, 48% used [0x00000000e0000000,0x00000000e2948210,0x00000000e5480000)
 Metaspace       used 81782K, capacity 87924K, committed 88212K, reserved 1126400K
  class space    used 10230K, capacity 12100K, committed 12180K, reserved 1048576K
}
Event: 414.361 GC heap before
{Heap before GC invocations=22 (full 3):
 PSYoungGen      total 109056K, used 100779K [0x00000000f5580000, 0x00000000fdd80000, 0x0000000100000000)
  eden space 81408K, 100% used [0x00000000f5580000,0x00000000fa500000,0x00000000fa500000)
  from space 27648K, 70% used [0x00000000fc100000,0x00000000fd3eaca8,0x00000000fdc00000)
  to   space 28672K, 0% used [0x00000000fa500000,0x00000000fa500000,0x00000000fc100000)
 ParOldGen       total 86528K, used 42272K [0x00000000e0000000, 0x00000000e5480000, 0x00000000f5580000)
  object space 86528K, 48% used [0x00000000e0000000,0x00000000e2948210,0x00000000e5480000)
 Metaspace       used 82875K, capacity 88774K, committed 88980K, reserved 1126400K
  class space    used 10309K, capacity 12165K, committed 12180K, reserved 1048576K
Event: 414.387 GC heap after
Heap after GC invocations=22 (full 3):
 PSYoungGen      total 98816K, used 18963K [0x00000000f5580000, 0x00000000fdc00000, 0x0000000100000000)
  eden space 79360K, 0% used [0x00000000f5580000,0x00000000f5580000,0x00000000fa300000)
  from space 19456K, 97% used [0x00000000fa500000,0x00000000fb784e68,0x00000000fb800000)
  to   space 29184K, 0% used [0x00000000fbf80000,0x00000000fbf80000,0x00000000fdc00000)
 ParOldGen       total 86528K, used 42280K [0x00000000e0000000, 0x00000000e5480000, 0x00000000f5580000)
  object space 86528K, 48% used [0x00000000e0000000,0x00000000e294a210,0x00000000e5480000)
 Metaspace       used 82875K, capacity 88774K, committed 88980K, reserved 1126400K
  class space    used 10309K, capacity 12165K, committed 12180K, reserved 1048576K
}
Event: 539.537 GC heap before
{Heap before GC invocations=23 (full 3):
 PSYoungGen      total 98816K, used 98323K [0x00000000f5580000, 0x00000000fdc00000, 0x0000000100000000)
  eden space 79360K, 100% used [0x00000000f5580000,0x00000000fa300000,0x00000000fa300000)
  from space 19456K, 97% used [0x00000000fa500000,0x00000000fb784e68,0x00000000fb800000)
  to   space 29184K, 0% used [0x00000000fbf80000,0x00000000fbf80000,0x00000000fdc00000)
 ParOldGen       total 86528K, used 42280K [0x00000000e0000000, 0x00000000e5480000, 0x00000000f5580000)
  object space 86528K, 48% used [0x00000000e0000000,0x00000000e294a210,0x00000000e5480000)
 Metaspace       used 83666K, capacity 89890K, committed 90132K, reserved 1126400K
  class space    used 10369K, capacity 12305K, committed 12308K, reserved 1048576K
Event: 539.564 GC heap after
Heap after GC invocations=23 (full 3):
 PSYoungGen      total 105472K, used 20066K [0x00000000f5580000, 0x00000000fdb00000, 0x0000000100000000)
  eden space 77312K, 0% used [0x00000000f5580000,0x00000000f5580000,0x00000000fa100000)
  from space 28160K, 71% used [0x00000000fbf80000,0x00000000fd318858,0x00000000fdb00000)
  to   space 29696K, 0% used [0x00000000fa100000,0x00000000fa100000,0x00000000fbe00000)
 ParOldGen       total 86528K, used 42288K [0x00000000e0000000, 0x00000000e5480000, 0x00000000f5580000)
  object space 86528K, 48% used [0x00000000e0000000,0x00000000e294c210,0x00000000e5480000)
 Metaspace       used 83666K, capacity 89890K, committed 90132K, reserved 1126400K
  class space    used 10369K, capacity 12305K, committed 12308K, reserved 1048576K
}

