# JRE version: Java(TM) SE Runtime Environment (8.0_25-b18) (build 1.8.0_25-b18)
# Java VM: Java HotSpot(TM) 64-Bit Server VM (25.25-b02 mixed mode windows-amd64 compressed oops)
Heap:
 PSYoungGen      total 93696K, used 28020K [0x00000000f5580000, 0x00000000fd080000, 0x0000000100000000)
  eden space 71168K, 15% used [0x00000000f5580000,0x00000000f5fff100,0x00000000f9b00000)
  from space 22528K, 76% used [0x00000000f9b00000,0x00000000fabddfe8,0x00000000fb100000)
  to   space 23552K, 0% used [0x00000000fb980000,0x00000000fb980000,0x00000000fd080000)
 ParOldGen       total 87552K, used 35206K [0x00000000e0000000, 0x00000000e5580000, 0x00000000f5580000)
  object space 87552K, 40% used [0x00000000e0000000,0x00000000e2261b58,0x00000000e5580000)
 Metaspace       used 75266K, capacity 80966K, committed 81112K, reserved 1120256K
  class space    used 9380K, capacity 11168K, committed 11224K, reserved 1048576K
GC Heap History (10 events):
Event: 15.687 GC heap before
{Heap before GC invocations=14 (full 3):
 PSYoungGen      total 69632K, used 9811K [0x00000000f5580000, 0x00000000fb800000, 0x0000000100000000)
  eden space 52224K, 0% used [0x00000000f5580000,0x00000000f5580000,0x00000000f8880000)
  from space 17408K, 56% used [0x00000000f8880000,0x00000000f9214d48,0x00000000f9980000)
  to   space 16896K, 0% used [0x00000000fa780000,0x00000000fa780000,0x00000000fb800000)
 ParOldGen       total 63488K, used 27275K [0x00000000e0000000, 0x00000000e3e00000, 0x00000000f5580000)
  object space 63488K, 42% used [0x00000000e0000000,0x00000000e1aa2d18,0x00000000e3e00000)
 Metaspace       used 54793K, capacity 58968K, committed 59028K, reserved 1099776K
  class space    used 6760K, capacity 8117K, committed 8152K, reserved 1048576K
Event: 15.990 GC heap after
Heap after GC invocations=14 (full 3):
 PSYoungGen      total 69632K, used 0K [0x00000000f5580000, 0x00000000fb800000, 0x0000000100000000)
  eden space 52224K, 0% used [0x00000000f5580000,0x00000000f5580000,0x00000000f8880000)
  from space 17408K, 0% used [0x00000000f8880000,0x00000000f8880000,0x00000000f9980000)
  to   space 16896K, 0% used [0x00000000fa780000,0x00000000fa780000,0x00000000fb800000)
 ParOldGen       total 87552K, used 30646K [0x00000000e0000000, 0x00000000e5580000, 0x00000000f5580000)
  object space 87552K, 35% used [0x00000000e0000000,0x00000000e1dedb48,0x00000000e5580000)
 Metaspace       used 54793K, capacity 58968K, committed 59028K, reserved 1099776K
  class space    used 6760K, capacity 8117K, committed 8152K, reserved 1048576K
}
Event: 16.868 GC heap before
{Heap before GC invocations=15 (full 3):
 PSYoungGen      total 69632K, used 52224K [0x00000000f5580000, 0x00000000fb800000, 0x0000000100000000)
  eden space 52224K, 100% used [0x00000000f5580000,0x00000000f8880000,0x00000000f8880000)
  from space 17408K, 0% used [0x00000000f8880000,0x00000000f8880000,0x00000000f9980000)
  to   space 16896K, 0% used [0x00000000fa780000,0x00000000fa780000,0x00000000fb800000)
 ParOldGen       total 87552K, used 30646K [0x00000000e0000000, 0x00000000e5580000, 0x00000000f5580000)
  object space 87552K, 35% used [0x00000000e0000000,0x00000000e1dedb48,0x00000000e5580000)
 Metaspace       used 58052K, capacity 62374K, committed 62424K, reserved 1103872K
  class space    used 7236K, capacity 8634K, committed 8664K, reserved 1048576K
Event: 16.888 GC heap after
Heap after GC invocations=15 (full 3):
 PSYoungGen      total 74752K, used 9215K [0x00000000f5580000, 0x00000000fb300000, 0x0000000100000000)
  eden space 62976K, 0% used [0x00000000f5580000,0x00000000f5580000,0x00000000f9300000)
  from space 11776K, 78% used [0x00000000fa780000,0x00000000fb07fd08,0x00000000fb300000)
  to   space 16384K, 0% used [0x00000000f9300000,0x00000000f9300000,0x00000000fa300000)
 ParOldGen       total 87552K, used 30654K [0x00000000e0000000, 0x00000000e5580000, 0x00000000f5580000)
  object space 87552K, 35% used [0x00000000e0000000,0x00000000e1defb48,0x00000000e5580000)
 Metaspace       used 58052K, capacity 62374K, committed 62424K, reserved 1103872K
  class space    used 7236K, capacity 8634K, committed 8664K, reserved 1048576K
}
Event: 29.147 GC heap before
{Heap before GC invocations=16 (full 3):
 PSYoungGen      total 74752K, used 72191K [0x00000000f5580000, 0x00000000fb300000, 0x0000000100000000)
  eden space 62976K, 100% used [0x00000000f5580000,0x00000000f9300000,0x00000000f9300000)
  from space 11776K, 78% used [0x00000000fa780000,0x00000000fb07fd08,0x00000000fb300000)
  to   space 16384K, 0% used [0x00000000f9300000,0x00000000f9300000,0x00000000fa300000)
 ParOldGen       total 87552K, used 30654K [0x00000000e0000000, 0x00000000e5580000, 0x00000000f5580000)
  object space 87552K, 35% used [0x00000000e0000000,0x00000000e1defb48,0x00000000e5580000)
 Metaspace       used 67510K, capacity 73084K, committed 73432K, reserved 1112064K
  class space    used 8476K, capacity 10094K, committed 10200K, reserved 1048576K
Event: 29.173 GC heap after
Heap after GC invocations=16 (full 3):
 PSYoungGen      total 79360K, used 16379K [0x00000000f5580000, 0x00000000fc480000, 0x0000000100000000)
  eden space 62976K, 0% used [0x00000000f5580000,0x00000000f5580000,0x00000000f9300000)
  from space 16384K, 99% used [0x00000000f9300000,0x00000000fa2fed38,0x00000000fa300000)
  to   space 19968K, 0% used [0x00000000fb100000,0x00000000fb100000,0x00000000fc480000)
 ParOldGen       total 87552K, used 35190K [0x00000000e0000000, 0x00000000e5580000, 0x00000000f5580000)
  object space 87552K, 40% used [0x00000000e0000000,0x00000000e225db58,0x00000000e5580000)
 Metaspace       used 67510K, capacity 73084K, committed 73432K, reserved 1112064K
  class space    used 8476K, capacity 10094K, committed 10200K, reserved 1048576K
}
Event: 65.115 GC heap before
{Heap before GC invocations=17 (full 3):
 PSYoungGen      total 79360K, used 79355K [0x00000000f5580000, 0x00000000fc480000, 0x0000000100000000)
  eden space 62976K, 100% used [0x00000000f5580000,0x00000000f9300000,0x00000000f9300000)
  from space 16384K, 99% used [0x00000000f9300000,0x00000000fa2fed38,0x00000000fa300000)
  to   space 19968K, 0% used [0x00000000fb100000,0x00000000fb100000,0x00000000fc480000)
 ParOldGen       total 87552K, used 35190K [0x00000000e0000000, 0x00000000e5580000, 0x00000000f5580000)
  object space 87552K, 40% used [0x00000000e0000000,0x00000000e225db58,0x00000000e5580000)
 Metaspace       used 72179K, capacity 78070K, committed 78296K, reserved 1116160K
  class space    used 9048K, capacity 10845K, committed 10968K, reserved 1048576K
Event: 65.139 GC heap after
Heap after GC invocations=17 (full 3):
 PSYoungGen      total 91136K, used 19324K [0x00000000f5580000, 0x00000000fc780000, 0x0000000100000000)
  eden space 71168K, 0% used [0x00000000f5580000,0x00000000f5580000,0x00000000f9b00000)
  from space 19968K, 96% used [0x00000000fb100000,0x00000000fc3df140,0x00000000fc480000)
  to   space 22528K, 0% used [0x00000000f9b00000,0x00000000f9b00000,0x00000000fb100000)
 ParOldGen       total 87552K, used 35198K [0x00000000e0000000, 0x00000000e5580000, 0x00000000f5580000)
  object space 87552K, 40% used [0x00000000e0000000,0x00000000e225fb58,0x00000000e5580000)
 Metaspace       used 72179K, capacity 78070K, committed 78296K, reserved 1116160K
  class space    used 9048K, capacity 10845K, committed 10968K, reserved 1048576K
}
Event: 218.042 GC heap before
{Heap before GC invocations=18 (full 3):
 PSYoungGen      total 91136K, used 90492K [0x00000000f5580000, 0x00000000fc780000, 0x0000000100000000)
  eden space 71168K, 100% used [0x00000000f5580000,0x00000000f9b00000,0x00000000f9b00000)
  from space 19968K, 96% used [0x00000000fb100000,0x00000000fc3df140,0x00000000fc480000)
  to   space 22528K, 0% used [0x00000000f9b00000,0x00000000f9b00000,0x00000000fb100000)
 ParOldGen       total 87552K, used 35198K [0x00000000e0000000, 0x00000000e5580000, 0x00000000f5580000)
  object space 87552K, 40% used [0x00000000e0000000,0x00000000e225fb58,0x00000000e5580000)
 Metaspace       used 74384K, capacity 80230K, committed 80472K, reserved 1118208K
  class space    used 9290K, capacity 11072K, committed 11096K, reserved 1048576K
Event: 218.089 GC heap after
Heap after GC invocations=18 (full 3):
 PSYoungGen      total 93696K, used 17271K [0x00000000f5580000, 0x00000000fd080000, 0x0000000100000000)
  eden space 71168K, 0% used [0x00000000f5580000,0x00000000f5580000,0x00000000f9b00000)
  from space 22528K, 76% used [0x00000000f9b00000,0x00000000fabddfe8,0x00000000fb100000)
  to   space 23552K, 0% used [0x00000000fb980000,0x00000000fb980000,0x00000000fd080000)
 ParOldGen       total 87552K, used 35206K [0x00000000e0000000, 0x00000000e5580000, 0x00000000f5580000)
  object space 87552K, 40% used [0x00000000e0000000,0x00000000e2261b58,0x00000000e5580000)
 Metaspace       used 74384K, capacity 80230K, committed 80472K, reserved 1118208K
  class space    used 9290K, capacity 11072K, committed 11096K, reserved 1048576K
}

