# JRE version: Java(TM) SE Runtime Environment (8.0_25-b18) (build 1.8.0_25-b18)
# Java VM: Java HotSpot(TM) 64-Bit Server VM (25.25-b02 mixed mode windows-amd64 compressed oops)
Heap:
 PSYoungGen      total 88064K, used 22147K [0x00000000f5580000, 0x00000000fbd00000, 0x0000000100000000)
  eden space 75264K, 21% used [0x00000000f5580000,0x00000000f6568ad0,0x00000000f9f00000)
  from space 12800K, 45% used [0x00000000fb080000,0x00000000fb638358,0x00000000fbd00000)
  to   space 15360K, 0% used [0x00000000f9f00000,0x00000000f9f00000,0x00000000fae00000)
 ParOldGen       total 84480K, used 49276K [0x00000000e0000000, 0x00000000e5280000, 0x00000000f5580000)
  object space 84480K, 58% used [0x00000000e0000000,0x00000000e301f000,0x00000000e5280000)
 Metaspace       used 87932K, capacity 94258K, committed 94592K, reserved 1130496K
  class space    used 10628K, capacity 12631K, committed 12672K, reserved 1048576K
GC Heap History (10 events):
Event: 1826.601 GC heap before
{Heap before GC invocations=33 (full 5):
 PSYoungGen      total 92672K, used 92398K [0x00000000f5580000, 0x00000000fcc80000, 0x0000000100000000)
  eden space 87040K, 100% used [0x00000000f5580000,0x00000000faa80000,0x00000000faa80000)
  from space 5632K, 95% used [0x00000000fad00000,0x00000000fb23b968,0x00000000fb280000)
  to   space 17408K, 0% used [0x00000000fbb80000,0x00000000fbb80000,0x00000000fcc80000)
 ParOldGen       total 84480K, used 49236K [0x00000000e0000000, 0x00000000e5280000, 0x00000000f5580000)
  object space 84480K, 58% used [0x00000000e0000000,0x00000000e3015000,0x00000000e5280000)
 Metaspace       used 86528K, capacity 93138K, committed 93440K, reserved 1130496K
  class space    used 10526K, capacity 12525K, committed 12544K, reserved 1048576K
Event: 1826.618 GC heap after
Heap after GC invocations=33 (full 5):
 PSYoungGen      total 99328K, used 5466K [0x00000000f5580000, 0x00000000fca00000, 0x0000000100000000)
  eden space 84480K, 0% used [0x00000000f5580000,0x00000000f5580000,0x00000000fa800000)
  from space 14848K, 36% used [0x00000000fbb80000,0x00000000fc0d6b38,0x00000000fca00000)
  to   space 17408K, 0% used [0x00000000fa800000,0x00000000fa800000,0x00000000fb900000)
 ParOldGen       total 84480K, used 49244K [0x00000000e0000000, 0x00000000e5280000, 0x00000000f5580000)
  object space 84480K, 58% used [0x00000000e0000000,0x00000000e3017000,0x00000000e5280000)
 Metaspace       used 86528K, capacity 93138K, committed 93440K, reserved 1130496K
  class space    used 10526K, capacity 12525K, committed 12544K, reserved 1048576K
}
Event: 1906.863 GC heap before
{Heap before GC invocations=34 (full 5):
 PSYoungGen      total 99328K, used 89946K [0x00000000f5580000, 0x00000000fca00000, 0x0000000100000000)
  eden space 84480K, 100% used [0x00000000f5580000,0x00000000fa800000,0x00000000fa800000)
  from space 14848K, 36% used [0x00000000fbb80000,0x00000000fc0d6b38,0x00000000fca00000)
  to   space 17408K, 0% used [0x00000000fa800000,0x00000000fa800000,0x00000000fb900000)
 ParOldGen       total 84480K, used 49244K [0x00000000e0000000, 0x00000000e5280000, 0x00000000f5580000)
  object space 84480K, 58% used [0x00000000e0000000,0x00000000e3017000,0x00000000e5280000)
 Metaspace       used 86743K, capacity 93186K, committed 93440K, reserved 1130496K
  class space    used 10532K, capacity 12533K, committed 12544K, reserved 1048576K
Event: 1906.874 GC heap after
Heap after GC invocations=34 (full 5):
 PSYoungGen      total 88064K, used 5790K [0x00000000f5580000, 0x00000000fc680000, 0x0000000100000000)
  eden space 81920K, 0% used [0x00000000f5580000,0x00000000f5580000,0x00000000fa580000)
  from space 6144K, 94% used [0x00000000fa800000,0x00000000fada7978,0x00000000fae00000)
  to   space 16896K, 0% used [0x00000000fb600000,0x00000000fb600000,0x00000000fc680000)
 ParOldGen       total 84480K, used 49252K [0x00000000e0000000, 0x00000000e5280000, 0x00000000f5580000)
  object space 84480K, 58% used [0x00000000e0000000,0x00000000e3019000,0x00000000e5280000)
 Metaspace       used 86743K, capacity 93186K, committed 93440K, reserved 1130496K
  class space    used 10532K, capacity 12533K, committed 12544K, reserved 1048576K
}
Event: 1942.997 GC heap before
{Heap before GC invocations=35 (full 5):
 PSYoungGen      total 88064K, used 87710K [0x00000000f5580000, 0x00000000fc680000, 0x0000000100000000)
  eden space 81920K, 100% used [0x00000000f5580000,0x00000000fa580000,0x00000000fa580000)
  from space 6144K, 94% used [0x00000000fa800000,0x00000000fada7978,0x00000000fae00000)
  to   space 16896K, 0% used [0x00000000fb600000,0x00000000fb600000,0x00000000fc680000)
 ParOldGen       total 84480K, used 49252K [0x00000000e0000000, 0x00000000e5280000, 0x00000000f5580000)
  object space 84480K, 58% used [0x00000000e0000000,0x00000000e3019000,0x00000000e5280000)
 Metaspace       used 86923K, capacity 93314K, committed 93440K, reserved 1130496K
  class space    used 10532K, capacity 12533K, committed 12544K, reserved 1048576K
Event: 1943.018 GC heap after
Heap after GC invocations=35 (full 5):
 PSYoungGen      total 92672K, used 5598K [0x00000000f5580000, 0x00000000fc300000, 0x0000000100000000)
  eden space 79360K, 0% used [0x00000000f5580000,0x00000000f5580000,0x00000000fa300000)
  from space 13312K, 42% used [0x00000000fb600000,0x00000000fbb77958,0x00000000fc300000)
  to   space 16384K, 0% used [0x00000000fa300000,0x00000000fa300000,0x00000000fb300000)
 ParOldGen       total 84480K, used 49260K [0x00000000e0000000, 0x00000000e5280000, 0x00000000f5580000)
  object space 84480K, 58% used [0x00000000e0000000,0x00000000e301b000,0x00000000e5280000)
 Metaspace       used 86923K, capacity 93314K, committed 93440K, reserved 1130496K
  class space    used 10532K, capacity 12533K, committed 12544K, reserved 1048576K
}
Event: 2226.529 GC heap before
{Heap before GC invocations=36 (full 5):
 PSYoungGen      total 92672K, used 84958K [0x00000000f5580000, 0x00000000fc300000, 0x0000000100000000)
  eden space 79360K, 100% used [0x00000000f5580000,0x00000000fa300000,0x00000000fa300000)
  from space 13312K, 42% used [0x00000000fb600000,0x00000000fbb77958,0x00000000fc300000)
  to   space 16384K, 0% used [0x00000000fa300000,0x00000000fa300000,0x00000000fb300000)
 ParOldGen       total 84480K, used 49260K [0x00000000e0000000, 0x00000000e5280000, 0x00000000f5580000)
  object space 84480K, 58% used [0x00000000e0000000,0x00000000e301b000,0x00000000e5280000)
 Metaspace       used 87002K, capacity 93384K, committed 93696K, reserved 1130496K
  class space    used 10533K, capacity 12534K, committed 12544K, reserved 1048576K
Event: 2226.539 GC heap after
Heap after GC invocations=36 (full 5):
 PSYoungGen      total 83456K, used 6103K [0x00000000f5580000, 0x00000000fc000000, 0x0000000100000000)
  eden space 77312K, 0% used [0x00000000f5580000,0x00000000f5580000,0x00000000fa100000)
  from space 6144K, 99% used [0x00000000fa300000,0x00000000fa8f5d18,0x00000000fa900000)
  to   space 15872K, 0% used [0x00000000fb080000,0x00000000fb080000,0x00000000fc000000)
 ParOldGen       total 84480K, used 49268K [0x00000000e0000000, 0x00000000e5280000, 0x00000000f5580000)
  object space 84480K, 58% used [0x00000000e0000000,0x00000000e301d000,0x00000000e5280000)
 Metaspace       used 87002K, capacity 93384K, committed 93696K, reserved 1130496K
  class space    used 10533K, capacity 12534K, committed 12544K, reserved 1048576K
}
Event: 3039.212 GC heap before
{Heap before GC invocations=37 (full 5):
 PSYoungGen      total 83456K, used 83415K [0x00000000f5580000, 0x00000000fc000000, 0x0000000100000000)
  eden space 77312K, 100% used [0x00000000f5580000,0x00000000fa100000,0x00000000fa100000)
  from space 6144K, 99% used [0x00000000fa300000,0x00000000fa8f5d18,0x00000000fa900000)
  to   space 15872K, 0% used [0x00000000fb080000,0x00000000fb080000,0x00000000fc000000)
 ParOldGen       total 84480K, used 49268K [0x00000000e0000000, 0x00000000e5280000, 0x00000000f5580000)
  object space 84480K, 58% used [0x00000000e0000000,0x00000000e301d000,0x00000000e5280000)
 Metaspace       used 87383K, capacity 93678K, committed 94080K, reserved 1130496K
  class space    used 10566K, capacity 12567K, committed 12672K, reserved 1048576K
Event: 3039.259 GC heap after
Heap after GC invocations=37 (full 5):
 PSYoungGen      total 88064K, used 5856K [0x00000000f5580000, 0x00000000fbd00000, 0x0000000100000000)
  eden space 75264K, 0% used [0x00000000f5580000,0x00000000f5580000,0x00000000f9f00000)
  from space 12800K, 45% used [0x00000000fb080000,0x00000000fb638358,0x00000000fbd00000)
  to   space 15360K, 0% used [0x00000000f9f00000,0x00000000f9f00000,0x00000000fae00000)
 ParOldGen       total 84480K, used 49276K [0x00000000e0000000, 0x00000000e5280000, 0x00000000f5580000)
  object space 84480K, 58% used [0x00000000e0000000,0x00000000e301f000,0x00000000e5280000)
 Metaspace       used 87383K, capacity 93678K, committed 94080K, reserved 1130496K
  class space    used 10566K, capacity 12567K, committed 12672K, reserved 1048576K
}

