# JRE version: Java(TM) SE Runtime Environment (8.0_25-b18) (build 1.8.0_25-b18)
# Java VM: Java HotSpot(TM) 64-Bit Server VM (25.25-b02 mixed mode windows-amd64 compressed oops)
Heap:
 PSYoungGen      total 88064K, used 24799K [0x00000000f5580000, 0x00000000fbf80000, 0x0000000100000000)
  eden space 67584K, 36% used [0x00000000f5580000,0x00000000f6db7f68,0x00000000f9780000)
  from space 20480K, 0% used [0x00000000fab80000,0x00000000fab80000,0x00000000fbf80000)
  to   space 20480K, 0% used [0x00000000f9780000,0x00000000f9780000,0x00000000fab80000)
 ParOldGen       total 95232K, used 40687K [0x00000000e0000000, 0x00000000e5d00000, 0x00000000f5580000)
  object space 95232K, 42% used [0x00000000e0000000,0x00000000e27bbf90,0x00000000e5d00000)
 Metaspace       used 69794K, capacity 75154K, committed 75224K, reserved 1114112K
  class space    used 8741K, capacity 10443K, committed 10456K, reserved 1048576K
GC Heap History (10 events):
Event: 14.355 GC heap before
{Heap before GC invocations=14 (full 3):
 PSYoungGen      total 66048K, used 14909K [0x00000000f5580000, 0x00000000fb580000, 0x0000000100000000)
  eden space 48640K, 0% used [0x00000000f5580000,0x00000000f5580000,0x00000000f8500000)
  from space 17408K, 85% used [0x00000000f8500000,0x00000000f938f7c8,0x00000000f9600000)
  to   space 18432K, 0% used [0x00000000fa380000,0x00000000fa380000,0x00000000fb580000)
 ParOldGen       total 67584K, used 22161K [0x00000000e0000000, 0x00000000e4200000, 0x00000000f5580000)
  object space 67584K, 32% used [0x00000000e0000000,0x00000000e15a4628,0x00000000e4200000)
 Metaspace       used 54730K, capacity 58936K, committed 59028K, reserved 1099776K
  class space    used 6754K, capacity 8085K, committed 8152K, reserved 1048576K
Event: 14.635 GC heap after
Heap after GC invocations=14 (full 3):
 PSYoungGen      total 66048K, used 0K [0x00000000f5580000, 0x00000000fb580000, 0x0000000100000000)
  eden space 48640K, 0% used [0x00000000f5580000,0x00000000f5580000,0x00000000f8500000)
  from space 17408K, 0% used [0x00000000f8500000,0x00000000f8500000,0x00000000f9600000)
  to   space 18432K, 0% used [0x00000000fa380000,0x00000000fa380000,0x00000000fb580000)
 ParOldGen       total 95232K, used 31818K [0x00000000e0000000, 0x00000000e5d00000, 0x00000000f5580000)
  object space 95232K, 33% used [0x00000000e0000000,0x00000000e1f129b8,0x00000000e5d00000)
 Metaspace       used 54730K, capacity 58936K, committed 59028K, reserved 1099776K
  class space    used 6754K, capacity 8085K, committed 8152K, reserved 1048576K
}
Event: 15.584 GC heap before
{Heap before GC invocations=15 (full 3):
 PSYoungGen      total 66048K, used 48640K [0x00000000f5580000, 0x00000000fb580000, 0x0000000100000000)
  eden space 48640K, 100% used [0x00000000f5580000,0x00000000f8500000,0x00000000f8500000)
  from space 17408K, 0% used [0x00000000f8500000,0x00000000f8500000,0x00000000f9600000)
  to   space 18432K, 0% used [0x00000000fa380000,0x00000000fa380000,0x00000000fb580000)
 ParOldGen       total 95232K, used 31818K [0x00000000e0000000, 0x00000000e5d00000, 0x00000000f5580000)
  object space 95232K, 33% used [0x00000000e0000000,0x00000000e1f129b8,0x00000000e5d00000)
 Metaspace       used 58769K, capacity 63142K, committed 63320K, reserved 1103872K
  class space    used 7339K, capacity 8698K, committed 8792K, reserved 1048576K
Event: 15.609 GC heap after
Heap after GC invocations=15 (full 3):
 PSYoungGen      total 71680K, used 9464K [0x00000000f5580000, 0x00000000fb100000, 0x0000000100000000)
  eden space 57856K, 0% used [0x00000000f5580000,0x00000000f5580000,0x00000000f8e00000)
  from space 13824K, 68% used [0x00000000fa380000,0x00000000facbe360,0x00000000fb100000)
  to   space 17920K, 0% used [0x00000000f8e00000,0x00000000f8e00000,0x00000000f9f80000)
 ParOldGen       total 95232K, used 31818K [0x00000000e0000000, 0x00000000e5d00000, 0x00000000f5580000)
  object space 95232K, 33% used [0x00000000e0000000,0x00000000e1f129b8,0x00000000e5d00000)
 Metaspace       used 58769K, capacity 63142K, committed 63320K, reserved 1103872K
  class space    used 7339K, capacity 8698K, committed 8792K, reserved 1048576K
}
Event: 27.237 GC heap before
{Heap before GC invocations=16 (full 3):
 PSYoungGen      total 71680K, used 67320K [0x00000000f5580000, 0x00000000fb100000, 0x0000000100000000)
  eden space 57856K, 100% used [0x00000000f5580000,0x00000000f8e00000,0x00000000f8e00000)
  from space 13824K, 68% used [0x00000000fa380000,0x00000000facbe360,0x00000000fb100000)
  to   space 17920K, 0% used [0x00000000f8e00000,0x00000000f8e00000,0x00000000f9f80000)
 ParOldGen       total 95232K, used 31818K [0x00000000e0000000, 0x00000000e5d00000, 0x00000000f5580000)
  object space 95232K, 33% used [0x00000000e0000000,0x00000000e1f129b8,0x00000000e5d00000)
 Metaspace       used 67329K, capacity 72734K, committed 73048K, reserved 1112064K
  class space    used 8489K, capacity 10212K, committed 10328K, reserved 1048576K
Event: 27.270 GC heap after
Heap after GC invocations=16 (full 3):
 PSYoungGen      total 75776K, used 17901K [0x00000000f5580000, 0x00000000fbf80000, 0x0000000100000000)
  eden space 57856K, 0% used [0x00000000f5580000,0x00000000f5580000,0x00000000f8e00000)
  from space 17920K, 99% used [0x00000000f8e00000,0x00000000f9f7b6d8,0x00000000f9f80000)
  to   space 20480K, 0% used [0x00000000fab80000,0x00000000fab80000,0x00000000fbf80000)
 ParOldGen       total 95232K, used 33297K [0x00000000e0000000, 0x00000000e5d00000, 0x00000000f5580000)
  object space 95232K, 34% used [0x00000000e0000000,0x00000000e2084658,0x00000000e5d00000)
 Metaspace       used 67329K, capacity 72734K, committed 73048K, reserved 1112064K
  class space    used 8489K, capacity 10212K, committed 10328K, reserved 1048576K
}
Event: 95.514 GC heap before
{Heap before GC invocations=17 (full 3):
 PSYoungGen      total 75776K, used 32349K [0x00000000f5580000, 0x00000000fbf80000, 0x0000000100000000)
  eden space 57856K, 24% used [0x00000000f5580000,0x00000000f639c0d0,0x00000000f8e00000)
  from space 17920K, 99% used [0x00000000f8e00000,0x00000000f9f7b6d8,0x00000000f9f80000)
  to   space 20480K, 0% used [0x00000000fab80000,0x00000000fab80000,0x00000000fbf80000)
 ParOldGen       total 95232K, used 33297K [0x00000000e0000000, 0x00000000e5d00000, 0x00000000f5580000)
  object space 95232K, 34% used [0x00000000e0000000,0x00000000e2084658,0x00000000e5d00000)
 Metaspace       used 68142K, capacity 73516K, committed 73816K, reserved 1112064K
  class space    used 8567K, capacity 10281K, committed 10328K, reserved 1048576K
Event: 95.541 GC heap after
Heap after GC invocations=17 (full 3):
 PSYoungGen      total 88064K, used 13209K [0x00000000f5580000, 0x00000000fbf80000, 0x0000000100000000)
  eden space 67584K, 0% used [0x00000000f5580000,0x00000000f5580000,0x00000000f9780000)
  from space 20480K, 64% used [0x00000000fab80000,0x00000000fb866788,0x00000000fbf80000)
  to   space 20480K, 0% used [0x00000000f9780000,0x00000000f9780000,0x00000000fab80000)
 ParOldGen       total 95232K, used 33305K [0x00000000e0000000, 0x00000000e5d00000, 0x00000000f5580000)
  object space 95232K, 34% used [0x00000000e0000000,0x00000000e2086658,0x00000000e5d00000)
 Metaspace       used 68142K, capacity 73516K, committed 73816K, reserved 1112064K
  class space    used 8567K, capacity 10281K, committed 10328K, reserved 1048576K
}
Event: 95.541 GC heap before
{Heap before GC invocations=18 (full 4):
 PSYoungGen      total 88064K, used 13209K [0x00000000f5580000, 0x00000000fbf80000, 0x0000000100000000)
  eden space 67584K, 0% used [0x00000000f5580000,0x00000000f5580000,0x00000000f9780000)
  from space 20480K, 64% used [0x00000000fab80000,0x00000000fb866788,0x00000000fbf80000)
  to   space 20480K, 0% used [0x00000000f9780000,0x00000000f9780000,0x00000000fab80000)
 ParOldGen       total 95232K, used 33305K [0x00000000e0000000, 0x00000000e5d00000, 0x00000000f5580000)
  object space 95232K, 34% used [0x00000000e0000000,0x00000000e2086658,0x00000000e5d00000)
 Metaspace       used 68142K, capacity 73516K, committed 73816K, reserved 1112064K
  class space    used 8567K, capacity 10281K, committed 10328K, reserved 1048576K
Event: 95.986 GC heap after
Heap after GC invocations=18 (full 4):
 PSYoungGen      total 88064K, used 0K [0x00000000f5580000, 0x00000000fbf80000, 0x0000000100000000)
  eden space 67584K, 0% used [0x00000000f5580000,0x00000000f5580000,0x00000000f9780000)
  from space 20480K, 0% used [0x00000000fab80000,0x00000000fab80000,0x00000000fbf80000)
  to   space 20480K, 0% used [0x00000000f9780000,0x00000000f9780000,0x00000000fab80000)
 ParOldGen       total 95232K, used 40687K [0x00000000e0000000, 0x00000000e5d00000, 0x00000000f5580000)
  object space 95232K, 42% used [0x00000000e0000000,0x00000000e27bbf90,0x00000000e5d00000)
 Metaspace       used 68142K, capacity 73516K, committed 73816K, reserved 1112064K
  class space    used 8567K, capacity 10281K, committed 10328K, reserved 1048576K
}

