# JRE version: Java(TM) SE Runtime Environment (8.0_25-b18) (build 1.8.0_25-b18)
# Java VM: Java HotSpot(TM) 64-Bit Server VM (25.25-b02 mixed mode windows-amd64 compressed oops)
Heap:
 PSYoungGen      total 101376K, used 72988K [0x00000000f5580000, 0x00000000fcc80000, 0x0000000100000000)
  eden space 84992K, 75% used [0x00000000f5580000,0x00000000f941bd08,0x00000000fa880000)
  from space 16384K, 54% used [0x00000000fbc80000,0x00000000fc52b688,0x00000000fcc80000)
  to   space 18432K, 0% used [0x00000000fa880000,0x00000000fa880000,0x00000000fba80000)
 ParOldGen       total 84992K, used 45034K [0x00000000e0000000, 0x00000000e5300000, 0x00000000f5580000)
  object space 84992K, 52% used [0x00000000e0000000,0x00000000e2bfa9d8,0x00000000e5300000)
 Metaspace       used 78793K, capacity 85014K, committed 85208K, reserved 1122304K
  class space    used 9792K, capacity 11707K, committed 11736K, reserved 1048576K
GC Heap History (10 events):
Event: 17.920 GC heap before
{Heap before GC invocations=15 (full 3):
 PSYoungGen      total 72704K, used 54784K [0x00000000f5580000, 0x00000000fc000000, 0x0000000100000000)
  eden space 54784K, 100% used [0x00000000f5580000,0x00000000f8b00000,0x00000000f8b00000)
  from space 17920K, 0% used [0x00000000f8b00000,0x00000000f8b00000,0x00000000f9c80000)
  to   space 17920K, 0% used [0x00000000fae80000,0x00000000fae80000,0x00000000fc000000)
 ParOldGen       total 84992K, used 29864K [0x00000000e0000000, 0x00000000e5300000, 0x00000000f5580000)
  object space 84992K, 35% used [0x00000000e0000000,0x00000000e1d2a1a8,0x00000000e5300000)
 Metaspace       used 56584K, capacity 61030K, committed 61272K, reserved 1101824K
  class space    used 7143K, capacity 8471K, committed 8536K, reserved 1048576K
Event: 17.939 GC heap after
Heap after GC invocations=15 (full 3):
 PSYoungGen      total 76800K, used 8894K [0x00000000f5580000, 0x00000000fb800000, 0x0000000100000000)
  eden space 67072K, 0% used [0x00000000f5580000,0x00000000f5580000,0x00000000f9700000)
  from space 9728K, 91% used [0x00000000fae80000,0x00000000fb72fb10,0x00000000fb800000)
  to   space 16896K, 0% used [0x00000000f9700000,0x00000000f9700000,0x00000000fa780000)
 ParOldGen       total 84992K, used 29872K [0x00000000e0000000, 0x00000000e5300000, 0x00000000f5580000)
  object space 84992K, 35% used [0x00000000e0000000,0x00000000e1d2c1a8,0x00000000e5300000)
 Metaspace       used 56584K, capacity 61030K, committed 61272K, reserved 1101824K
  class space    used 7143K, capacity 8471K, committed 8536K, reserved 1048576K
}
Event: 53.198 GC heap before
{Heap before GC invocations=16 (full 3):
 PSYoungGen      total 76800K, used 75966K [0x00000000f5580000, 0x00000000fb800000, 0x0000000100000000)
  eden space 67072K, 100% used [0x00000000f5580000,0x00000000f9700000,0x00000000f9700000)
  from space 9728K, 91% used [0x00000000fae80000,0x00000000fb72fb10,0x00000000fb800000)
  to   space 16896K, 0% used [0x00000000f9700000,0x00000000f9700000,0x00000000fa780000)
 ParOldGen       total 84992K, used 29872K [0x00000000e0000000, 0x00000000e5300000, 0x00000000f5580000)
  object space 84992K, 35% used [0x00000000e0000000,0x00000000e1d2c1a8,0x00000000e5300000)
 Metaspace       used 65411K, capacity 70610K, committed 70744K, reserved 1110016K
  class space    used 8325K, capacity 9954K, committed 10072K, reserved 1048576K
Event: 53.225 GC heap after
Heap after GC invocations=16 (full 3):
 PSYoungGen      total 83968K, used 16891K [0x00000000f5580000, 0x00000000fcb00000, 0x0000000100000000)
  eden space 67072K, 0% used [0x00000000f5580000,0x00000000f5580000,0x00000000f9700000)
  from space 16896K, 99% used [0x00000000f9700000,0x00000000fa77ed10,0x00000000fa780000)
  to   space 20480K, 0% used [0x00000000fb700000,0x00000000fb700000,0x00000000fcb00000)
 ParOldGen       total 84992K, used 32893K [0x00000000e0000000, 0x00000000e5300000, 0x00000000f5580000)
  object space 84992K, 38% used [0x00000000e0000000,0x00000000e201f6d8,0x00000000e5300000)
 Metaspace       used 65411K, capacity 70610K, committed 70744K, reserved 1110016K
  class space    used 8325K, capacity 9954K, committed 10072K, reserved 1048576K
}
Event: 82.368 GC heap before
{Heap before GC invocations=17 (full 3):
 PSYoungGen      total 83968K, used 83963K [0x00000000f5580000, 0x00000000fcb00000, 0x0000000100000000)
  eden space 67072K, 100% used [0x00000000f5580000,0x00000000f9700000,0x00000000f9700000)
  from space 16896K, 99% used [0x00000000f9700000,0x00000000fa77ed10,0x00000000fa780000)
  to   space 20480K, 0% used [0x00000000fb700000,0x00000000fb700000,0x00000000fcb00000)
 ParOldGen       total 84992K, used 32893K [0x00000000e0000000, 0x00000000e5300000, 0x00000000f5580000)
  object space 84992K, 38% used [0x00000000e0000000,0x00000000e201f6d8,0x00000000e5300000)
 Metaspace       used 73092K, capacity 78778K, committed 78808K, reserved 1118208K
  class space    used 9207K, capacity 10941K, committed 10968K, reserved 1048576K
Event: 82.395 GC heap after
Heap after GC invocations=17 (full 3):
 PSYoungGen      total 94720K, used 11169K [0x00000000f5580000, 0x00000000fc800000, 0x0000000100000000)
  eden space 77312K, 0% used [0x00000000f5580000,0x00000000f5580000,0x00000000fa100000)
  from space 17408K, 64% used [0x00000000fb700000,0x00000000fc1e8710,0x00000000fc800000)
  to   space 19968K, 0% used [0x00000000fa100000,0x00000000fa100000,0x00000000fb480000)
 ParOldGen       total 84992K, used 45018K [0x00000000e0000000, 0x00000000e5300000, 0x00000000f5580000)
  object space 84992K, 52% used [0x00000000e0000000,0x00000000e2bf69d8,0x00000000e5300000)
 Metaspace       used 73092K, capacity 78778K, committed 78808K, reserved 1118208K
  class space    used 9207K, capacity 10941K, committed 10968K, reserved 1048576K
}
Event: 128.056 GC heap before
{Heap before GC invocations=18 (full 3):
 PSYoungGen      total 94720K, used 88481K [0x00000000f5580000, 0x00000000fc800000, 0x0000000100000000)
  eden space 77312K, 100% used [0x00000000f5580000,0x00000000fa100000,0x00000000fa100000)
  from space 17408K, 64% used [0x00000000fb700000,0x00000000fc1e8710,0x00000000fc800000)
  to   space 19968K, 0% used [0x00000000fa100000,0x00000000fa100000,0x00000000fb480000)
 ParOldGen       total 84992K, used 45018K [0x00000000e0000000, 0x00000000e5300000, 0x00000000f5580000)
  object space 84992K, 52% used [0x00000000e0000000,0x00000000e2bf69d8,0x00000000e5300000)
 Metaspace       used 75597K, capacity 81578K, committed 81880K, reserved 1120256K
  class space    used 9471K, capacity 11376K, committed 11480K, reserved 1048576K
Event: 128.070 GC heap after
Heap after GC invocations=18 (full 3):
 PSYoungGen      total 97280K, used 8818K [0x00000000f5580000, 0x00000000fcf00000, 0x0000000100000000)
  eden space 77312K, 0% used [0x00000000f5580000,0x00000000f5580000,0x00000000fa100000)
  from space 19968K, 44% used [0x00000000fa100000,0x00000000fa99cba8,0x00000000fb480000)
  to   space 18944K, 0% used [0x00000000fbc80000,0x00000000fbc80000,0x00000000fcf00000)
 ParOldGen       total 84992K, used 45026K [0x00000000e0000000, 0x00000000e5300000, 0x00000000f5580000)
  object space 84992K, 52% used [0x00000000e0000000,0x00000000e2bf89d8,0x00000000e5300000)
 Metaspace       used 75597K, capacity 81578K, committed 81880K, reserved 1120256K
  class space    used 9471K, capacity 11376K, committed 11480K, reserved 1048576K
}
Event: 258.811 GC heap before
{Heap before GC invocations=19 (full 3):
 PSYoungGen      total 97280K, used 86130K [0x00000000f5580000, 0x00000000fcf00000, 0x0000000100000000)
  eden space 77312K, 100% used [0x00000000f5580000,0x00000000fa100000,0x00000000fa100000)
  from space 19968K, 44% used [0x00000000fa100000,0x00000000fa99cba8,0x00000000fb480000)
  to   space 18944K, 0% used [0x00000000fbc80000,0x00000000fbc80000,0x00000000fcf00000)
 ParOldGen       total 84992K, used 45026K [0x00000000e0000000, 0x00000000e5300000, 0x00000000f5580000)
  object space 84992K, 52% used [0x00000000e0000000,0x00000000e2bf89d8,0x00000000e5300000)
 Metaspace       used 77241K, capacity 83230K, committed 83416K, reserved 1122304K
  class space    used 9644K, capacity 11478K, committed 11480K, reserved 1048576K
Event: 258.826 GC heap after
Heap after GC invocations=19 (full 3):
 PSYoungGen      total 101376K, used 8877K [0x00000000f5580000, 0x00000000fcc80000, 0x0000000100000000)
  eden space 84992K, 0% used [0x00000000f5580000,0x00000000f5580000,0x00000000fa880000)
  from space 16384K, 54% used [0x00000000fbc80000,0x00000000fc52b688,0x00000000fcc80000)
  to   space 18432K, 0% used [0x00000000fa880000,0x00000000fa880000,0x00000000fba80000)
 ParOldGen       total 84992K, used 45034K [0x00000000e0000000, 0x00000000e5300000, 0x00000000f5580000)
  object space 84992K, 52% used [0x00000000e0000000,0x00000000e2bfa9d8,0x00000000e5300000)
 Metaspace       used 77241K, capacity 83230K, committed 83416K, reserved 1122304K
  class space    used 9644K, capacity 11478K, committed 11480K, reserved 1048576K
}

