# JRE version: Java(TM) SE Runtime Environment (8.0_25-b18) (build 1.8.0_25-b18)
# Java VM: Java HotSpot(TM) 64-Bit Server VM (25.25-b02 mixed mode windows-amd64 compressed oops)
Heap:
 PSYoungGen      total 81408K, used 26932K [0x00000000f5580000, 0x00000000fc180000, 0x0000000100000000)
  eden space 56320K, 19% used [0x00000000f5580000,0x00000000f602fb50,0x00000000f8c80000)
  from space 25088K, 63% used [0x00000000fa900000,0x00000000fb89d680,0x00000000fc180000)
  to   space 27136K, 0% used [0x00000000f8c80000,0x00000000f8c80000,0x00000000fa700000)
 ParOldGen       total 97280K, used 32344K [0x00000000e0000000, 0x00000000e5f00000, 0x00000000f5580000)
  object space 97280K, 33% used [0x00000000e0000000,0x00000000e1f96210,0x00000000e5f00000)
 Metaspace       used 78975K, capacity 85044K, committed 85336K, reserved 1122304K
  class space    used 9618K, capacity 11533K, committed 11608K, reserved 1048576K
GC Heap History (10 events):
Event: 370.252 GC heap before
{Heap before GC invocations=21 (full 3):
 PSYoungGen      total 88064K, used 80986K [0x00000000f5580000, 0x00000000fc900000, 0x0000000100000000)
  eden space 62464K, 100% used [0x00000000f5580000,0x00000000f9280000,0x00000000f9280000)
  from space 25600K, 72% used [0x00000000f9280000,0x00000000fa496818,0x00000000fab80000)
  to   space 26624K, 0% used [0x00000000faf00000,0x00000000faf00000,0x00000000fc900000)
 ParOldGen       total 97280K, used 32304K [0x00000000e0000000, 0x00000000e5f00000, 0x00000000f5580000)
  object space 97280K, 33% used [0x00000000e0000000,0x00000000e1f8c210,0x00000000e5f00000)
 Metaspace       used 77330K, capacity 83398K, committed 83672K, reserved 1122304K
  class space    used 9511K, capacity 11432K, committed 11480K, reserved 1048576K
Event: 370.273 GC heap after
Heap after GC invocations=21 (full 3):
 PSYoungGen      total 84480K, used 18476K [0x00000000f5580000, 0x00000000fc600000, 0x0000000100000000)
  eden space 60928K, 0% used [0x00000000f5580000,0x00000000f5580000,0x00000000f9100000)
  from space 23552K, 78% used [0x00000000faf00000,0x00000000fc10b120,0x00000000fc600000)
  to   space 27136K, 0% used [0x00000000f9100000,0x00000000f9100000,0x00000000fab80000)
 ParOldGen       total 97280K, used 32312K [0x00000000e0000000, 0x00000000e5f00000, 0x00000000f5580000)
  object space 97280K, 33% used [0x00000000e0000000,0x00000000e1f8e210,0x00000000e5f00000)
 Metaspace       used 77330K, capacity 83398K, committed 83672K, reserved 1122304K
  class space    used 9511K, capacity 11432K, committed 11480K, reserved 1048576K
}
Event: 430.249 GC heap before
{Heap before GC invocations=22 (full 3):
 PSYoungGen      total 84480K, used 79404K [0x00000000f5580000, 0x00000000fc600000, 0x0000000100000000)
  eden space 60928K, 100% used [0x00000000f5580000,0x00000000f9100000,0x00000000f9100000)
  from space 23552K, 78% used [0x00000000faf00000,0x00000000fc10b120,0x00000000fc600000)
  to   space 27136K, 0% used [0x00000000f9100000,0x00000000f9100000,0x00000000fab80000)
 ParOldGen       total 97280K, used 32312K [0x00000000e0000000, 0x00000000e5f00000, 0x00000000f5580000)
  object space 97280K, 33% used [0x00000000e0000000,0x00000000e1f8e210,0x00000000e5f00000)
 Metaspace       used 77645K, capacity 83718K, committed 83928K, reserved 1122304K
  class space    used 9512K, capacity 11432K, committed 11480K, reserved 1048576K
Event: 430.270 GC heap after
Heap after GC invocations=22 (full 3):
 PSYoungGen      total 78336K, used 18816K [0x00000000f5580000, 0x00000000fc580000, 0x0000000100000000)
  eden space 59392K, 0% used [0x00000000f5580000,0x00000000f5580000,0x00000000f8f80000)
  from space 18944K, 99% used [0x00000000f9100000,0x00000000fa3603b8,0x00000000fa380000)
  to   space 27648K, 0% used [0x00000000faa80000,0x00000000faa80000,0x00000000fc580000)
 ParOldGen       total 97280K, used 32320K [0x00000000e0000000, 0x00000000e5f00000, 0x00000000f5580000)
  object space 97280K, 33% used [0x00000000e0000000,0x00000000e1f90210,0x00000000e5f00000)
 Metaspace       used 77645K, capacity 83718K, committed 83928K, reserved 1122304K
  class space    used 9512K, capacity 11432K, committed 11480K, reserved 1048576K
}
Event: 664.836 GC heap before
{Heap before GC invocations=23 (full 3):
 PSYoungGen      total 78336K, used 78208K [0x00000000f5580000, 0x00000000fc580000, 0x0000000100000000)
  eden space 59392K, 100% used [0x00000000f5580000,0x00000000f8f80000,0x00000000f8f80000)
  from space 18944K, 99% used [0x00000000f9100000,0x00000000fa3603b8,0x00000000fa380000)
  to   space 27648K, 0% used [0x00000000faa80000,0x00000000faa80000,0x00000000fc580000)
 ParOldGen       total 97280K, used 32320K [0x00000000e0000000, 0x00000000e5f00000, 0x00000000f5580000)
  object space 97280K, 33% used [0x00000000e0000000,0x00000000e1f90210,0x00000000e5f00000)
 Metaspace       used 77914K, capacity 83982K, committed 84184K, reserved 1122304K
  class space    used 9518K, capacity 11435K, committed 11480K, reserved 1048576K
Event: 664.859 GC heap after
Heap after GC invocations=23 (full 3):
 PSYoungGen      total 86016K, used 19148K [0x00000000f5580000, 0x00000000fc580000, 0x0000000100000000)
  eden space 58368K, 0% used [0x00000000f5580000,0x00000000f5580000,0x00000000f8e80000)
  from space 27648K, 69% used [0x00000000faa80000,0x00000000fbd33248,0x00000000fc580000)
  to   space 28160K, 0% used [0x00000000f8e80000,0x00000000f8e80000,0x00000000faa00000)
 ParOldGen       total 97280K, used 32328K [0x00000000e0000000, 0x00000000e5f00000, 0x00000000f5580000)
  object space 97280K, 33% used [0x00000000e0000000,0x00000000e1f92210,0x00000000e5f00000)
 Metaspace       used 77914K, capacity 83982K, committed 84184K, reserved 1122304K
  class space    used 9518K, capacity 11435K, committed 11480K, reserved 1048576K
}
Event: 1883.079 GC heap before
{Heap before GC invocations=24 (full 3):
 PSYoungGen      total 86016K, used 77516K [0x00000000f5580000, 0x00000000fc580000, 0x0000000100000000)
  eden space 58368K, 100% used [0x00000000f5580000,0x00000000f8e80000,0x00000000f8e80000)
  from space 27648K, 69% used [0x00000000faa80000,0x00000000fbd33248,0x00000000fc580000)
  to   space 28160K, 0% used [0x00000000f8e80000,0x00000000f8e80000,0x00000000faa00000)
 ParOldGen       total 97280K, used 32328K [0x00000000e0000000, 0x00000000e5f00000, 0x00000000f5580000)
  object space 97280K, 33% used [0x00000000e0000000,0x00000000e1f92210,0x00000000e5f00000)
 Metaspace       used 78090K, capacity 84046K, committed 84184K, reserved 1122304K
  class space    used 9518K, capacity 11435K, committed 11480K, reserved 1048576K
Event: 1883.184 GC heap after
Heap after GC invocations=24 (full 3):
 PSYoungGen      total 75776K, used 18319K [0x00000000f5580000, 0x00000000fc480000, 0x0000000100000000)
  eden space 57344K, 0% used [0x00000000f5580000,0x00000000f5580000,0x00000000f8d80000)
  from space 18432K, 99% used [0x00000000f8e80000,0x00000000fa063e40,0x00000000fa080000)
  to   space 28160K, 0% used [0x00000000fa900000,0x00000000fa900000,0x00000000fc480000)
 ParOldGen       total 97280K, used 32336K [0x00000000e0000000, 0x00000000e5f00000, 0x00000000f5580000)
  object space 97280K, 33% used [0x00000000e0000000,0x00000000e1f94210,0x00000000e5f00000)
 Metaspace       used 78090K, capacity 84046K, committed 84184K, reserved 1122304K
  class space    used 9518K, capacity 11435K, committed 11480K, reserved 1048576K
}
Event: 2481.660 GC heap before
{Heap before GC invocations=25 (full 3):
 PSYoungGen      total 75776K, used 75663K [0x00000000f5580000, 0x00000000fc480000, 0x0000000100000000)
  eden space 57344K, 100% used [0x00000000f5580000,0x00000000f8d80000,0x00000000f8d80000)
  from space 18432K, 99% used [0x00000000f8e80000,0x00000000fa063e40,0x00000000fa080000)
  to   space 28160K, 0% used [0x00000000fa900000,0x00000000fa900000,0x00000000fc480000)
 ParOldGen       total 97280K, used 32336K [0x00000000e0000000, 0x00000000e5f00000, 0x00000000f5580000)
  object space 97280K, 33% used [0x00000000e0000000,0x00000000e1f94210,0x00000000e5f00000)
 Metaspace       used 78479K, capacity 84564K, committed 84824K, reserved 1122304K
  class space    used 9567K, capacity 11501K, committed 11608K, reserved 1048576K
Event: 2481.703 GC heap after
Heap after GC invocations=25 (full 3):
 PSYoungGen      total 81408K, used 15989K [0x00000000f5580000, 0x00000000fc180000, 0x0000000100000000)
  eden space 56320K, 0% used [0x00000000f5580000,0x00000000f5580000,0x00000000f8c80000)
  from space 25088K, 63% used [0x00000000fa900000,0x00000000fb89d680,0x00000000fc180000)
  to   space 27136K, 0% used [0x00000000f8c80000,0x00000000f8c80000,0x00000000fa700000)
 ParOldGen       total 97280K, used 32344K [0x00000000e0000000, 0x00000000e5f00000, 0x00000000f5580000)
  object space 97280K, 33% used [0x00000000e0000000,0x00000000e1f96210,0x00000000e5f00000)
 Metaspace       used 78479K, capacity 84564K, committed 84824K, reserved 1122304K
  class space    used 9567K, capacity 11501K, committed 11608K, reserved 1048576K
}

