# JRE version: Java(TM) SE Runtime Environment (8.0_25-b18) (build 1.8.0_25-b18)
# Java VM: Java HotSpot(TM) 64-Bit Server VM (25.25-b02 mixed mode windows-amd64 compressed oops)
Heap:
 PSYoungGen      total 97792K, used 55258K [0x00000000f5580000, 0x00000000fd200000, 0x0000000100000000)
  eden space 79360K, 48% used [0x00000000f5580000,0x00000000f7ab7058,0x00000000fa300000)
  from space 18432K, 93% used [0x00000000fc000000,0x00000000fd0bfae0,0x00000000fd200000)
  to   space 24064K, 0% used [0x00000000fa300000,0x00000000fa300000,0x00000000fba80000)
 ParOldGen       total 85504K, used 37416K [0x00000000e0000000, 0x00000000e5380000, 0x00000000f5580000)
  object space 85504K, 43% used [0x00000000e0000000,0x00000000e248a0c8,0x00000000e5380000)
 Metaspace       used 82203K, capacity 87996K, committed 88152K, reserved 1126400K
  class space    used 10130K, capacity 12029K, committed 12120K, reserved 1048576K
GC Heap History (10 events):
Event: 100.086 GC heap before
{Heap before GC invocations=17 (full 3):
 PSYoungGen      total 85504K, used 85378K [0x00000000f5580000, 0x00000000fc880000, 0x0000000100000000)
  eden space 68096K, 100% used [0x00000000f5580000,0x00000000f9800000,0x00000000f9800000)
  from space 17408K, 99% used [0x00000000f9800000,0x00000000fa8e0bd8,0x00000000fa900000)
  to   space 19456K, 0% used [0x00000000fb580000,0x00000000fb580000,0x00000000fc880000)
 ParOldGen       total 85504K, used 29796K [0x00000000e0000000, 0x00000000e5380000, 0x00000000f5580000)
  object space 85504K, 34% used [0x00000000e0000000,0x00000000e1d19328,0x00000000e5380000)
 Metaspace       used 71793K, capacity 77204K, committed 77400K, reserved 1116160K
  class space    used 9041K, capacity 10795K, committed 10840K, reserved 1048576K
Event: 100.116 GC heap after
Heap after GC invocations=17 (full 3):
 PSYoungGen      total 95232K, used 19450K [0x00000000f5580000, 0x00000000fcc80000, 0x0000000100000000)
  eden space 75776K, 0% used [0x00000000f5580000,0x00000000f5580000,0x00000000f9f80000)
  from space 19456K, 99% used [0x00000000fb580000,0x00000000fc87eb28,0x00000000fc880000)
  to   space 22528K, 0% used [0x00000000f9f80000,0x00000000f9f80000,0x00000000fb580000)
 ParOldGen       total 85504K, used 31010K [0x00000000e0000000, 0x00000000e5380000, 0x00000000f5580000)
  object space 85504K, 36% used [0x00000000e0000000,0x00000000e1e48a28,0x00000000e5380000)
 Metaspace       used 71793K, capacity 77204K, committed 77400K, reserved 1116160K
  class space    used 9041K, capacity 10795K, committed 10840K, reserved 1048576K
}
Event: 178.726 GC heap before
{Heap before GC invocations=18 (full 3):
 PSYoungGen      total 95232K, used 95226K [0x00000000f5580000, 0x00000000fcc80000, 0x0000000100000000)
  eden space 75776K, 100% used [0x00000000f5580000,0x00000000f9f80000,0x00000000f9f80000)
  from space 19456K, 99% used [0x00000000fb580000,0x00000000fc87eb28,0x00000000fc880000)
  to   space 22528K, 0% used [0x00000000f9f80000,0x00000000f9f80000,0x00000000fb580000)
 ParOldGen       total 85504K, used 31010K [0x00000000e0000000, 0x00000000e5380000, 0x00000000f5580000)
  object space 85504K, 36% used [0x00000000e0000000,0x00000000e1e48a28,0x00000000e5380000)
 Metaspace       used 76781K, capacity 82446K, committed 82520K, reserved 1120256K
  class space    used 9660K, capacity 11562K, committed 11608K, reserved 1048576K
Event: 178.752 GC heap after
Heap after GC invocations=18 (full 3):
 PSYoungGen      total 98304K, used 16341K [0x00000000f5580000, 0x00000000fd500000, 0x0000000100000000)
  eden space 75776K, 0% used [0x00000000f5580000,0x00000000f5580000,0x00000000f9f80000)
  from space 22528K, 72% used [0x00000000f9f80000,0x00000000faf75690,0x00000000fb580000)
  to   space 23552K, 0% used [0x00000000fbe00000,0x00000000fbe00000,0x00000000fd500000)
 ParOldGen       total 85504K, used 37392K [0x00000000e0000000, 0x00000000e5380000, 0x00000000f5580000)
  object space 85504K, 43% used [0x00000000e0000000,0x00000000e24840c8,0x00000000e5380000)
 Metaspace       used 76781K, capacity 82446K, committed 82520K, reserved 1120256K
  class space    used 9660K, capacity 11562K, committed 11608K, reserved 1048576K
}
Event: 217.528 GC heap before
{Heap before GC invocations=19 (full 3):
 PSYoungGen      total 98304K, used 92117K [0x00000000f5580000, 0x00000000fd500000, 0x0000000100000000)
  eden space 75776K, 100% used [0x00000000f5580000,0x00000000f9f80000,0x00000000f9f80000)
  from space 22528K, 72% used [0x00000000f9f80000,0x00000000faf75690,0x00000000fb580000)
  to   space 23552K, 0% used [0x00000000fbe00000,0x00000000fbe00000,0x00000000fd500000)
 ParOldGen       total 85504K, used 37392K [0x00000000e0000000, 0x00000000e5380000, 0x00000000f5580000)
  object space 85504K, 43% used [0x00000000e0000000,0x00000000e24840c8,0x00000000e5380000)
 Metaspace       used 78352K, capacity 84346K, committed 84440K, reserved 1122304K
  class space    used 9802K, capacity 11735K, committed 11736K, reserved 1048576K
Event: 217.546 GC heap after
Heap after GC invocations=19 (full 3):
 PSYoungGen      total 102912K, used 13956K [0x00000000f5580000, 0x00000000fd280000, 0x0000000100000000)
  eden space 81920K, 0% used [0x00000000f5580000,0x00000000f5580000,0x00000000fa580000)
  from space 20992K, 66% used [0x00000000fbe00000,0x00000000fcba11c0,0x00000000fd280000)
  to   space 23040K, 0% used [0x00000000fa580000,0x00000000fa580000,0x00000000fbc00000)
 ParOldGen       total 85504K, used 37400K [0x00000000e0000000, 0x00000000e5380000, 0x00000000f5580000)
  object space 85504K, 43% used [0x00000000e0000000,0x00000000e24860c8,0x00000000e5380000)
 Metaspace       used 78352K, capacity 84346K, committed 84440K, reserved 1122304K
  class space    used 9802K, capacity 11735K, committed 11736K, reserved 1048576K
}
Event: 273.609 GC heap before
{Heap before GC invocations=20 (full 3):
 PSYoungGen      total 102912K, used 95876K [0x00000000f5580000, 0x00000000fd280000, 0x0000000100000000)
  eden space 81920K, 100% used [0x00000000f5580000,0x00000000fa580000,0x00000000fa580000)
  from space 20992K, 66% used [0x00000000fbe00000,0x00000000fcba11c0,0x00000000fd280000)
  to   space 23040K, 0% used [0x00000000fa580000,0x00000000fa580000,0x00000000fbc00000)
 ParOldGen       total 85504K, used 37400K [0x00000000e0000000, 0x00000000e5380000, 0x00000000f5580000)
  object space 85504K, 43% used [0x00000000e0000000,0x00000000e24860c8,0x00000000e5380000)
 Metaspace       used 80190K, capacity 86314K, committed 86360K, reserved 1124352K
  class space    used 9964K, capacity 11833K, committed 11864K, reserved 1048576K
Event: 273.630 GC heap after
Heap after GC invocations=20 (full 3):
 PSYoungGen      total 104960K, used 16401K [0x00000000f5580000, 0x00000000fd700000, 0x0000000100000000)
  eden space 81920K, 0% used [0x00000000f5580000,0x00000000f5580000,0x00000000fa580000)
  from space 23040K, 71% used [0x00000000fa580000,0x00000000fb5845f8,0x00000000fbc00000)
  to   space 23552K, 0% used [0x00000000fc000000,0x00000000fc000000,0x00000000fd700000)
 ParOldGen       total 85504K, used 37408K [0x00000000e0000000, 0x00000000e5380000, 0x00000000f5580000)
  object space 85504K, 43% used [0x00000000e0000000,0x00000000e24880c8,0x00000000e5380000)
 Metaspace       used 80190K, capacity 86314K, committed 86360K, reserved 1124352K
  class space    used 9964K, capacity 11833K, committed 11864K, reserved 1048576K
}
Event: 1033.430 GC heap before
{Heap before GC invocations=21 (full 3):
 PSYoungGen      total 104960K, used 98321K [0x00000000f5580000, 0x00000000fd700000, 0x0000000100000000)
  eden space 81920K, 100% used [0x00000000f5580000,0x00000000fa580000,0x00000000fa580000)
  from space 23040K, 71% used [0x00000000fa580000,0x00000000fb5845f8,0x00000000fbc00000)
  to   space 23552K, 0% used [0x00000000fc000000,0x00000000fc000000,0x00000000fd700000)
 ParOldGen       total 85504K, used 37408K [0x00000000e0000000, 0x00000000e5380000, 0x00000000f5580000)
  object space 85504K, 43% used [0x00000000e0000000,0x00000000e24880c8,0x00000000e5380000)
 Metaspace       used 81262K, capacity 87306K, committed 87512K, reserved 1124352K
  class space    used 10022K, capacity 11929K, committed 11992K, reserved 1048576K
Event: 1033.538 GC heap after
Heap after GC invocations=21 (full 3):
 PSYoungGen      total 97792K, used 17150K [0x00000000f5580000, 0x00000000fd200000, 0x0000000100000000)
  eden space 79360K, 0% used [0x00000000f5580000,0x00000000f5580000,0x00000000fa300000)
  from space 18432K, 93% used [0x00000000fc000000,0x00000000fd0bfae0,0x00000000fd200000)
  to   space 24064K, 0% used [0x00000000fa300000,0x00000000fa300000,0x00000000fba80000)
 ParOldGen       total 85504K, used 37416K [0x00000000e0000000, 0x00000000e5380000, 0x00000000f5580000)
  object space 85504K, 43% used [0x00000000e0000000,0x00000000e248a0c8,0x00000000e5380000)
 Metaspace       used 81262K, capacity 87306K, committed 87512K, reserved 1124352K
  class space    used 10022K, capacity 11929K, committed 11992K, reserved 1048576K
}

