# JRE version: Java(TM) SE Runtime Environment (8.0_25-b18) (build 1.8.0_25-b18)
# Java VM: Java HotSpot(TM) 64-Bit Server VM (25.25-b02 mixed mode windows-amd64 compressed oops)
Heap:
 PSYoungGen      total 114688K, used 75905K [0x00000000f5580000, 0x00000000fe080000, 0x0000000100000000)
  eden space 98304K, 60% used [0x00000000f5580000,0x00000000f8fc3650,0x00000000fb580000)
  from space 16384K, 99% used [0x00000000fb880000,0x00000000fc85cf78,0x00000000fc880000)
  to   space 22016K, 0% used [0x00000000fcb00000,0x00000000fcb00000,0x00000000fe080000)
 ParOldGen       total 83456K, used 40882K [0x00000000e0000000, 0x00000000e5180000, 0x00000000f5580000)
  object space 83456K, 48% used [0x00000000e0000000,0x00000000e27ecb60,0x00000000e5180000)
 Metaspace       used 83348K, capacity 89208K, committed 89432K, reserved 1126400K
  class space    used 10195K, capacity 12068K, committed 12120K, reserved 1048576K
GC Heap History (10 events):
Event: 264.806 GC heap before
{Heap before GC invocations=18 (full 3):
 PSYoungGen      total 103424K, used 97081K [0x00000000f5580000, 0x00000000fd200000, 0x0000000100000000)
  eden space 85504K, 100% used [0x00000000f5580000,0x00000000fa900000,0x00000000fa900000)
  from space 17920K, 64% used [0x00000000fc080000,0x00000000fcbce548,0x00000000fd200000)
  to   space 20992K, 0% used [0x00000000fa900000,0x00000000fa900000,0x00000000fbd80000)
 ParOldGen       total 83456K, used 40842K [0x00000000e0000000, 0x00000000e5180000, 0x00000000f5580000)
  object space 83456K, 48% used [0x00000000e0000000,0x00000000e27e2b60,0x00000000e5180000)
 Metaspace       used 77462K, capacity 82948K, committed 83288K, reserved 1120256K
  class space    used 9728K, capacity 11491K, committed 11608K, reserved 1048576K
Event: 264.826 GC heap after
Heap after GC invocations=18 (full 3):
 PSYoungGen      total 106496K, used 16151K [0x00000000f5580000, 0x00000000fe100000, 0x0000000100000000)
  eden space 85504K, 0% used [0x00000000f5580000,0x00000000f5580000,0x00000000fa900000)
  from space 20992K, 76% used [0x00000000fa900000,0x00000000fb8c5c20,0x00000000fbd80000)
  to   space 22016K, 0% used [0x00000000fcb80000,0x00000000fcb80000,0x00000000fe100000)
 ParOldGen       total 83456K, used 40850K [0x00000000e0000000, 0x00000000e5180000, 0x00000000f5580000)
  object space 83456K, 48% used [0x00000000e0000000,0x00000000e27e4b60,0x00000000e5180000)
 Metaspace       used 77462K, capacity 82948K, committed 83288K, reserved 1120256K
  class space    used 9728K, capacity 11491K, committed 11608K, reserved 1048576K
}
Event: 312.211 GC heap before
{Heap before GC invocations=19 (full 3):
 PSYoungGen      total 106496K, used 101655K [0x00000000f5580000, 0x00000000fe100000, 0x0000000100000000)
  eden space 85504K, 100% used [0x00000000f5580000,0x00000000fa900000,0x00000000fa900000)
  from space 20992K, 76% used [0x00000000fa900000,0x00000000fb8c5c20,0x00000000fbd80000)
  to   space 22016K, 0% used [0x00000000fcb80000,0x00000000fcb80000,0x00000000fe100000)
 ParOldGen       total 83456K, used 40850K [0x00000000e0000000, 0x00000000e5180000, 0x00000000f5580000)
  object space 83456K, 48% used [0x00000000e0000000,0x00000000e27e4b60,0x00000000e5180000)
 Metaspace       used 79443K, capacity 85410K, committed 85592K, reserved 1122304K
  class space    used 9914K, capacity 11769K, committed 11864K, reserved 1048576K
Event: 312.237 GC heap after
Heap after GC invocations=19 (full 3):
 PSYoungGen      total 114688K, used 13897K [0x00000000f5580000, 0x00000000fdd80000, 0x0000000100000000)
  eden space 96256K, 0% used [0x00000000f5580000,0x00000000f5580000,0x00000000fb380000)
  from space 18432K, 75% used [0x00000000fcb80000,0x00000000fd912510,0x00000000fdd80000)
  to   space 21504K, 0% used [0x00000000fb380000,0x00000000fb380000,0x00000000fc880000)
 ParOldGen       total 83456K, used 40858K [0x00000000e0000000, 0x00000000e5180000, 0x00000000f5580000)
  object space 83456K, 48% used [0x00000000e0000000,0x00000000e27e6b60,0x00000000e5180000)
 Metaspace       used 79443K, capacity 85410K, committed 85592K, reserved 1122304K
  class space    used 9914K, capacity 11769K, committed 11864K, reserved 1048576K
}
Event: 364.710 GC heap before
{Heap before GC invocations=20 (full 3):
 PSYoungGen      total 114688K, used 110153K [0x00000000f5580000, 0x00000000fdd80000, 0x0000000100000000)
  eden space 96256K, 100% used [0x00000000f5580000,0x00000000fb380000,0x00000000fb380000)
  from space 18432K, 75% used [0x00000000fcb80000,0x00000000fd912510,0x00000000fdd80000)
  to   space 21504K, 0% used [0x00000000fb380000,0x00000000fb380000,0x00000000fc880000)
 ParOldGen       total 83456K, used 40858K [0x00000000e0000000, 0x00000000e5180000, 0x00000000f5580000)
  object space 83456K, 48% used [0x00000000e0000000,0x00000000e27e6b60,0x00000000e5180000)
 Metaspace       used 80578K, capacity 86488K, committed 86744K, reserved 1124352K
  class space    used 9978K, capacity 11932K, committed 11992K, reserved 1048576K
Event: 364.732 GC heap after
Heap after GC invocations=20 (full 3):
 PSYoungGen      total 117760K, used 13426K [0x00000000f5580000, 0x00000000fe400000, 0x0000000100000000)
  eden space 96256K, 0% used [0x00000000f5580000,0x00000000f5580000,0x00000000fb380000)
  from space 21504K, 62% used [0x00000000fb380000,0x00000000fc09c9d8,0x00000000fc880000)
  to   space 21504K, 0% used [0x00000000fcf00000,0x00000000fcf00000,0x00000000fe400000)
 ParOldGen       total 83456K, used 40866K [0x00000000e0000000, 0x00000000e5180000, 0x00000000f5580000)
  object space 83456K, 48% used [0x00000000e0000000,0x00000000e27e8b60,0x00000000e5180000)
 Metaspace       used 80578K, capacity 86488K, committed 86744K, reserved 1124352K
  class space    used 9978K, capacity 11932K, committed 11992K, reserved 1048576K
}
Event: 466.376 GC heap before
{Heap before GC invocations=21 (full 3):
 PSYoungGen      total 117760K, used 109682K [0x00000000f5580000, 0x00000000fe400000, 0x0000000100000000)
  eden space 96256K, 100% used [0x00000000f5580000,0x00000000fb380000,0x00000000fb380000)
  from space 21504K, 62% used [0x00000000fb380000,0x00000000fc09c9d8,0x00000000fc880000)
  to   space 21504K, 0% used [0x00000000fcf00000,0x00000000fcf00000,0x00000000fe400000)
 ParOldGen       total 83456K, used 40866K [0x00000000e0000000, 0x00000000e5180000, 0x00000000f5580000)
  object space 83456K, 48% used [0x00000000e0000000,0x00000000e27e8b60,0x00000000e5180000)
 Metaspace       used 81304K, capacity 87386K, committed 87512K, reserved 1124352K
  class space    used 10023K, capacity 11934K, committed 11992K, reserved 1048576K
Event: 466.394 GC heap after
Heap after GC invocations=21 (full 3):
 PSYoungGen      total 121344K, used 13935K [0x00000000f5580000, 0x00000000fe280000, 0x0000000100000000)
  eden space 101376K, 0% used [0x00000000f5580000,0x00000000f5580000,0x00000000fb880000)
  from space 19968K, 69% used [0x00000000fcf00000,0x00000000fdc9be10,0x00000000fe280000)
  to   space 21504K, 0% used [0x00000000fb880000,0x00000000fb880000,0x00000000fcd80000)
 ParOldGen       total 83456K, used 40874K [0x00000000e0000000, 0x00000000e5180000, 0x00000000f5580000)
  object space 83456K, 48% used [0x00000000e0000000,0x00000000e27eab60,0x00000000e5180000)
 Metaspace       used 81304K, capacity 87386K, committed 87512K, reserved 1124352K
  class space    used 10023K, capacity 11934K, committed 11992K, reserved 1048576K
}
Event: 536.410 GC heap before
{Heap before GC invocations=22 (full 3):
 PSYoungGen      total 121344K, used 115311K [0x00000000f5580000, 0x00000000fe280000, 0x0000000100000000)
  eden space 101376K, 100% used [0x00000000f5580000,0x00000000fb880000,0x00000000fb880000)
  from space 19968K, 69% used [0x00000000fcf00000,0x00000000fdc9be10,0x00000000fe280000)
  to   space 21504K, 0% used [0x00000000fb880000,0x00000000fb880000,0x00000000fcd80000)
 ParOldGen       total 83456K, used 40874K [0x00000000e0000000, 0x00000000e5180000, 0x00000000f5580000)
  object space 83456K, 48% used [0x00000000e0000000,0x00000000e27eab60,0x00000000e5180000)
 Metaspace       used 82287K, capacity 88198K, committed 88280K, reserved 1126400K
  class space    used 10093K, capacity 11968K, committed 11992K, reserved 1048576K
Event: 536.431 GC heap after
Heap after GC invocations=22 (full 3):
 PSYoungGen      total 114688K, used 16243K [0x00000000f5580000, 0x00000000fe080000, 0x0000000100000000)
  eden space 98304K, 0% used [0x00000000f5580000,0x00000000f5580000,0x00000000fb580000)
  from space 16384K, 99% used [0x00000000fb880000,0x00000000fc85cf78,0x00000000fc880000)
  to   space 22016K, 0% used [0x00000000fcb00000,0x00000000fcb00000,0x00000000fe080000)
 ParOldGen       total 83456K, used 40882K [0x00000000e0000000, 0x00000000e5180000, 0x00000000f5580000)
  object space 83456K, 48% used [0x00000000e0000000,0x00000000e27ecb60,0x00000000e5180000)
 Metaspace       used 82287K, capacity 88198K, committed 88280K, reserved 1126400K
  class space    used 10093K, capacity 11968K, committed 11992K, reserved 1048576K
}

